<?xml version="1.0" encoding="UTF-8"?>
<TestRun id="2b5cbb3a-b2e5-4453-8186-b89f6634ecc2" name="gwatson (2012-03-18 19:04:17)" runUser="NUSTUDENT\gwatson" xmlns="http://microsoft.com/schemas/VisualStudio/TeamTest/2010">
  <TestSettings name="LocalCodeCoverage" id="ec93bdfa-e2b8-47a6-a2aa-09dc288ce4c8">
    <Description>These are default test settings for a local test run.</Description>
    <Deployment runDeploymentRoot="gwatson _2012-03-18 19_04_17_">
      <DeploymentItem filename="C:\Users\gwatson\Desktop\SA\PersistentArray\SADatabase\PA\bin\Debug\PA.dll" />
      <DeploymentItem filename="C:\Users\gwatson\Desktop\SA\PersistentArray\SADatabase\FilePersistence\bin\Debug\FilePersistence.dll" />
      <DeploymentItem filename="C:\Users\gwatson\Desktop\SA\PersistentArray\SADatabase\PersistentArrayUnitTest\bin\Debug\PAUnitTest.dll" />
      <DeploymentItem filename="C:\Users\gwatson\Desktop\SA\PersistentArray\SADatabase\Interfaces\bin\Debug\Interfaces.dll" />
      <DeploymentItem filename="C:\Users\gwatson\Desktop\SA\PersistentArray\SADatabase\ByteHelper\bin\Debug\ByteHelper.dll" />
      <DeploymentItem filename="C:\Users\gwatson\Desktop\SA\PersistentArray\SADatabase\CPA\bin\Debug\CPA.dll" />
      <DeploymentItem filename="C:\Users\gwatson\Desktop\SA\PersistentArray\SADatabase\Persistence\bin\Debug\Persistence.dll" />
      <DeploymentItem filename="C:\Users\gwatson\Desktop\SA\PersistentArray\SADatabase\ByteHelperUnitTest\bin\Debug\ByteHelperUnitTest.dll" />
      <DeploymentItem filename="C:\Users\gwatson\Desktop\SA\PersistentArray\SADatabase\PLL\bin\Debug\PLL.dll" />
      <DeploymentItem filename="C:\Users\gwatson\Desktop\SA\PersistentArray\SADatabase\PAFS\bin\Debug\PAFS.dll" />
      <DeploymentItem filename="C:\Users\gwatson\Desktop\SA\PersistentArray\SADatabase\PHM\bin\Debug\PHM.dll" />
      <DeploymentItem filename="C:\Users\gwatson\Desktop\SA\PersistentArray\SADatabase\PHT\bin\Debug\PHT.dll" />
    </Deployment>
    <NamingScheme baseName="gwatson" useDefault="false" />
    <Execution>
      <TestTypeSpecific>
        <UnitTestRunConfig testTypeId="13cdc9d9-ddb5-4fa4-a97d-d965ccfc6d4b">
          <AssemblyResolution>
            <TestDirectory useLoadContext="true" />
          </AssemblyResolution>
        </UnitTestRunConfig>
        <WebTestRunConfiguration testTypeId="4e7599fa-5ecb-43e9-a887-cd63cf72d207">
          <Browser name="Internet Explorer 7.0">
            <Headers>
              <Header name="User-Agent" value="Mozilla/4.0 (compatible; MSIE 7.0; Windows NT 5.1)" />
              <Header name="Accept" value="*/*" />
              <Header name="Accept-Language" value="{{$IEAcceptLanguage}}" />
              <Header name="Accept-Encoding" value="GZIP" />
            </Headers>
          </Browser>
        </WebTestRunConfiguration>
      </TestTypeSpecific>
      <AgentRule name="LocalMachineDefaultRole">
        <DataCollectors>
          <DataCollector uri="datacollector://microsoft/CodeCoverage/1.0" assemblyQualifiedName="Microsoft.VisualStudio.TestTools.CodeCoverage.CoveragePlugIn, Microsoft.VisualStudio.QualityTools.Plugins.CodeCoverage, Version=10.0.0.0, Culture=neutral, PublicKeyToken=b03f5f7f11d50a3a" friendlyName="Code Coverage" enabled="false">
            <Configuration>
              <CodeCoverage xmlns="">
                <Regular>
                  <CodeCoverageItem binaryFile="PLL\bin\Debug\PLL.dll" pdbFile="PLL\bin\Debug\PLL.pdb" instrumentInPlace="true" />
                  <CodeCoverageItem binaryFile="PAFS\bin\Debug\PAFS.dll" pdbFile="PAFS\bin\Debug\PAFS.pdb" instrumentInPlace="true" />
                  <CodeCoverageItem binaryFile="PA\bin\Debug\PA.dll" pdbFile="PA\bin\Debug\PA.pdb" instrumentInPlace="true" />
                  <CodeCoverageItem binaryFile="CPA\bin\Debug\CPA.dll" pdbFile="CPA\bin\Debug\CPA.pdb" instrumentInPlace="true" />
                </Regular>
              </CodeCoverage>
            </Configuration>
          </DataCollector>
        </DataCollectors>
      </AgentRule>
    </Execution>
  </TestSettings>
  <Times creation="2012-03-18T19:04:17.8961269-06:00" queuing="2012-03-18T19:04:23.3794406-06:00" start="2012-03-18T19:04:23.7124596-06:00" finish="2012-03-18T19:05:49.2213504-06:00" />
  <ResultSummary outcome="Error">
    <Counters total="160" executed="12" passed="11" error="0" failed="0" timeout="0" aborted="1" inconclusive="0" passedButRunAborted="0" notRunnable="0" notExecuted="148" disconnected="0" warning="0" completed="0" inProgress="0" pending="0" />
    <RunInfos>
      <RunInfo computerName="WATSON1491" outcome="Error" timestamp="2012-03-18T19:05:49.1823482-06:00">
        <Text>Test host process exited unexpectedly.</Text>
      </RunInfo>
    </RunInfos>
  </ResultSummary>
  <TestDefinitions>
    <UnitTest name="GetFirstTest" storage="c:\users\gwatson\desktop\sa\persistentarray\sadatabase\pllunittest\bin\debug\pllunittest.dll" id="a1ae16c5-0695-b546-0d5a-01f95dae83d0">
      <Execution id="2033f445-95ce-4d6b-9ed6-d455f2fe7112" />
      <TestMethod codeBase="C:\Users\gwatson\Desktop\SA\PersistentArray\SADatabase\PLLUnitTest\bin\Debug\PLLUnitTest.dll" adapterTypeName="Microsoft.VisualStudio.TestTools.TestTypes.Unit.UnitTestAdapter, Microsoft.VisualStudio.QualityTools.Tips.UnitTest.Adapter, Version=10.0.0.0, Culture=neutral, PublicKeyToken=b03f5f7f11d50a3a" className="PLLUnitTest.PersistentLinkedListTest, PLLUnitTest" name="GetFirstTest" />
    </UnitTest>
    <UnitTest name="WriteIntTest" storage="c:\users\gwatson\desktop\sa\persistentarray\sadatabase\persistenceunittest\bin\debug\persistenceunittest.dll" id="33bbef63-045e-f45c-4904-9d2f969572f1">
      <Execution id="29ea4894-cfc0-4c20-9e0a-1e999b08be6e" />
      <TestMethod codeBase="C:\Users\gwatson\Desktop\SA\PersistentArray\SADatabase\PersistenceUnitTest\bin\Debug\PersistenceUnitTest.dll" adapterTypeName="Microsoft.VisualStudio.TestTools.TestTypes.Unit.UnitTestAdapter, Microsoft.VisualStudio.QualityTools.Tips.UnitTest.Adapter, Version=10.0.0.0, Culture=neutral, PublicKeyToken=b03f5f7f11d50a3a" className="PersistenceUnitTest.RandomAccessFileTest, PersistenceUnitTest" name="WriteIntTest" />
    </UnitTest>
    <UnitTest name="CtorOpenTest" storage="c:\users\gwatson\desktop\sa\persistentarray\sadatabase\phmunittest\bin\debug\phmunittest.dll" id="c1046ba7-0144-8813-1bc3-01566e1bbcb4">
      <Execution id="93b58f8b-442a-45d7-88f1-2ae2879b6b61" />
      <TestMethod codeBase="C:\Users\gwatson\Desktop\SA\PersistentArray\SADatabase\PHMUnitTest\bin\Debug\PHMUnitTest.dll" adapterTypeName="Microsoft.VisualStudio.TestTools.TestTypes.Unit.UnitTestAdapter, Microsoft.VisualStudio.QualityTools.Tips.UnitTest.Adapter, Version=10.0.0.0, Culture=neutral, PublicKeyToken=b03f5f7f11d50a3a" className="PHMUnitTest.PersistentHeapTest, PHMUnitTest" name="CtorOpenTest" />
    </UnitTest>
    <UnitTest name="DeserializeTest" storage="c:\users\gwatson\desktop\sa\persistentarray\sadatabase\pllunittest\bin\debug\pllunittest.dll" id="c574974e-922d-e123-cd45-263cf5bd394a">
      <Execution id="0ac617fe-a024-4132-aeff-b9d20c528f50" />
      <TestMethod codeBase="C:\Users\gwatson\Desktop\SA\PersistentArray\SADatabase\PLLUnitTest\bin\Debug\PLLUnitTest.dll" adapterTypeName="Microsoft.VisualStudio.TestTools.TestTypes.Unit.UnitTestAdapter, Microsoft.VisualStudio.QualityTools.Tips.UnitTest.Adapter, Version=10.0.0.0, Culture=neutral, PublicKeyToken=b03f5f7f11d50a3a" className="PLLUnitTest.LinkedListElementTest, PLLUnitTest" name="DeserializeTest" />
    </UnitTest>
    <UnitTest name="StartIndexTest" storage="c:\users\gwatson\desktop\sa\persistentarray\sadatabase\phmunittest\bin\debug\phmunittest.dll" id="a1c72854-3dde-18e0-c9d8-83b07b0292f0">
      <Execution id="2fb2a21f-395a-49df-acfb-377d00f9c082" />
      <TestMethod codeBase="C:\Users\gwatson\Desktop\SA\PersistentArray\SADatabase\PHMUnitTest\bin\Debug\PHMUnitTest.dll" adapterTypeName="Microsoft.VisualStudio.TestTools.TestTypes.Unit.UnitTestAdapter, Microsoft.VisualStudio.QualityTools.Tips.UnitTest.Adapter, Version=10.0.0.0, Culture=neutral, PublicKeyToken=b03f5f7f11d50a3a" className="PHMUnitTest.PersistentHeapSpaceTest, PHMUnitTest" name="StartIndexTest" />
    </UnitTest>
    <UnitTest name="GetUserHeaderSizeTest" storage="c:\users\gwatson\desktop\sa\persistentarray\sadatabase\persistentarrayunittest\bin\debug\paunittest.dll" id="553e65a4-d49e-c86b-4f63-da6f1a61fced">
      <Execution id="04c4efff-dfcc-4d98-8264-96b20158c980" />
      <TestMethod codeBase="C:\Users\gwatson\Desktop\SA\PersistentArray\SADatabase\PersistentArrayUnitTest\bin\Debug\PAUnitTest.dll" adapterTypeName="Microsoft.VisualStudio.TestTools.TestTypes.Unit.UnitTestAdapter, Microsoft.VisualStudio.QualityTools.Tips.UnitTest.Adapter, Version=10.0.0.0, Culture=neutral, PublicKeyToken=b03f5f7f11d50a3a" className="PAUnitTest.IPersistentArrayTest, PAUnitTest" name="GetUserHeaderSizeTest" />
    </UnitTest>
    <UnitTest name="SplitTest" storage="c:\users\gwatson\desktop\sa\persistentarray\sadatabase\phmunittest\bin\debug\phmunittest.dll" id="2a736369-0faa-7bd0-3ec4-55591153ab35">
      <Execution id="01e9bcde-92b0-467a-818d-9bb329ca5a7b" />
      <TestMethod codeBase="C:\Users\gwatson\Desktop\SA\PersistentArray\SADatabase\PHMUnitTest\bin\Debug\PHMUnitTest.dll" adapterTypeName="Microsoft.VisualStudio.TestTools.TestTypes.Unit.UnitTestAdapter, Microsoft.VisualStudio.QualityTools.Tips.UnitTest.Adapter, Version=10.0.0.0, Culture=neutral, PublicKeyToken=b03f5f7f11d50a3a" className="PHMUnitTest.PersistentHeapFreeSpaceTest, PHMUnitTest" name="SplitTest" />
    </UnitTest>
    <UnitTest name="CloseTest" storage="c:\users\gwatson\desktop\sa\persistentarray\sadatabase\filepersistenceunittest\bin\debug\filepersistenceunittest.dll" id="ec103ee4-7d33-deea-fa5e-ea2ddfa162f6">
      <Execution id="0f346bc1-04c6-404b-af97-43aa6c77449a" />
      <TestMethod codeBase="C:\Users\gwatson\Desktop\SA\PersistentArray\SADatabase\FilePersistenceUnitTest\bin\Debug\FilePersistenceUnitTest.dll" adapterTypeName="Microsoft.VisualStudio.TestTools.TestTypes.Unit.UnitTestAdapter, Microsoft.VisualStudio.QualityTools.Tips.UnitTest.Adapter, Version=10.0.0.0, Culture=neutral, PublicKeyToken=b03f5f7f11d50a3a" className="FilePersistenceUnitTest.FileWithHeaderTest, FilePersistenceUnitTest" name="CloseTest" />
    </UnitTest>
    <UnitTest name="ReopenTest" storage="c:\users\gwatson\desktop\sa\persistentarray\sadatabase\cpaunittest\bin\debug\cpaunittest.dll" id="920909e7-20b2-d96d-ce3c-d1b8d6e41092">
      <Execution id="f5731ffb-50d8-4ede-bdd7-d3fff002990c" />
      <TestMethod codeBase="C:\Users\gwatson\Desktop\SA\PersistentArray\SADatabase\CPAUnitTest\bin\Debug\CPAUnitTest.dll" adapterTypeName="Microsoft.VisualStudio.TestTools.TestTypes.Unit.UnitTestAdapter, Microsoft.VisualStudio.QualityTools.Tips.UnitTest.Adapter, Version=10.0.0.0, Culture=neutral, PublicKeyToken=b03f5f7f11d50a3a" className="CPAUnitTest.CachedIArrayTest, CPAUnitTest" name="ReopenTest" />
    </UnitTest>
    <UnitTest name="PutGetAmountTest" storage="c:\users\gwatson\desktop\sa\persistentarray\sadatabase\filepersistenceunittest\bin\debug\filepersistenceunittest.dll" id="705d2900-5b96-0c7e-5674-f042b44cf3ba">
      <Execution id="99a42bb4-22df-44a9-b13b-2909482725a0" />
      <TestMethod codeBase="C:\Users\gwatson\Desktop\SA\PersistentArray\SADatabase\FilePersistenceUnitTest\bin\Debug\FilePersistenceUnitTest.dll" adapterTypeName="Microsoft.VisualStudio.TestTools.TestTypes.Unit.UnitTestAdapter, Microsoft.VisualStudio.QualityTools.Tips.UnitTest.Adapter, Version=10.0.0.0, Culture=neutral, PublicKeyToken=b03f5f7f11d50a3a" className="FilePersistenceUnitTest.FileWithHeaderTest, FilePersistenceUnitTest" name="PutGetAmountTest" />
    </UnitTest>
    <UnitTest name="SerializeTest" storage="c:\users\gwatson\desktop\sa\persistentarray\sadatabase\phmunittest\bin\debug\phmunittest.dll" id="21ea634d-ec3e-6f69-7865-3d6f41e7db9a">
      <Execution id="24b14791-8b4a-4f50-acb2-142ab70482ed" />
      <TestMethod codeBase="C:\Users\gwatson\Desktop\SA\PersistentArray\SADatabase\PHMUnitTest\bin\Debug\PHMUnitTest.dll" adapterTypeName="Microsoft.VisualStudio.TestTools.TestTypes.Unit.UnitTestAdapter, Microsoft.VisualStudio.QualityTools.Tips.UnitTest.Adapter, Version=10.0.0.0, Culture=neutral, PublicKeyToken=b03f5f7f11d50a3a" className="PHMUnitTest.PersistentHeapUsedSpaceTest, PHMUnitTest" name="SerializeTest" />
    </UnitTest>
    <UnitTest name="GetTest" storage="c:\users\gwatson\desktop\sa\persistentarray\sadatabase\cpaunittest\bin\debug\cpaunittest.dll" id="68db09fd-1e84-1d00-a06a-8d3d340b6754">
      <Execution id="2382bdb4-6b89-4be1-a1fa-893d51fb5f2c" />
      <TestMethod codeBase="C:\Users\gwatson\Desktop\SA\PersistentArray\SADatabase\CPAUnitTest\bin\Debug\CPAUnitTest.dll" adapterTypeName="Microsoft.VisualStudio.TestTools.TestTypes.Unit.UnitTestAdapter, Microsoft.VisualStudio.QualityTools.Tips.UnitTest.Adapter, Version=10.0.0.0, Culture=neutral, PublicKeyToken=b03f5f7f11d50a3a" className="CPAUnitTest.LRUDoubleLinkedListTest, CPAUnitTest" name="GetTest" />
    </UnitTest>
    <UnitTest name="GetUserHeaderSizeTest" storage="c:\users\gwatson\desktop\sa\persistentarray\sadatabase\cpaunittest\bin\debug\cpaunittest.dll" id="a98f558f-9bab-5d3b-882a-663d5ff5ae97">
      <Execution id="8e8c1b08-87cb-43c7-acc1-2044efcad813" />
      <TestMethod codeBase="C:\Users\gwatson\Desktop\SA\PersistentArray\SADatabase\CPAUnitTest\bin\Debug\CPAUnitTest.dll" adapterTypeName="Microsoft.VisualStudio.TestTools.TestTypes.Unit.UnitTestAdapter, Microsoft.VisualStudio.QualityTools.Tips.UnitTest.Adapter, Version=10.0.0.0, Culture=neutral, PublicKeyToken=b03f5f7f11d50a3a" className="CPAUnitTest.CachedIArrayTest, CPAUnitTest" name="GetUserHeaderSizeTest" />
    </UnitTest>
    <UnitTest name="AllocateFillAfterSplitTest" storage="c:\users\gwatson\desktop\sa\persistentarray\sadatabase\phmunittest\bin\debug\phmunittest.dll" id="011f0b4d-330b-80d4-eb98-3a291b4151c2">
      <Execution id="efa57988-2ff3-4e7c-8f28-4b1ec8dee080" />
      <TestMethod codeBase="C:\Users\gwatson\Desktop\SA\PersistentArray\SADatabase\PHMUnitTest\bin\Debug\PHMUnitTest.dll" adapterTypeName="Microsoft.VisualStudio.TestTools.TestTypes.Unit.UnitTestAdapter, Microsoft.VisualStudio.QualityTools.Tips.UnitTest.Adapter, Version=10.0.0.0, Culture=neutral, PublicKeyToken=b03f5f7f11d50a3a" className="PHMUnitTest.PersistentHeapTest, PHMUnitTest" name="AllocateFillAfterSplitTest" />
    </UnitTest>
    <UnitTest name="GetUserHeaderSizeTest" storage="c:\users\gwatson\desktop\sa\persistentarray\sadatabase\pafsunittest\bin\debug\pafsunittest.dll" id="845a5988-fe07-f37a-ba6b-e712dc39166d">
      <Execution id="0e9de68c-7772-4d9d-ae46-081e23d40f2c" />
      <TestMethod codeBase="C:\Users\gwatson\Desktop\SA\PersistentArray\SADatabase\PAFSUnitTest\bin\Debug\PAFSUnitTest.dll" adapterTypeName="Microsoft.VisualStudio.TestTools.TestTypes.Unit.UnitTestAdapter, Microsoft.VisualStudio.QualityTools.Tips.UnitTest.Adapter, Version=10.0.0.0, Culture=neutral, PublicKeyToken=b03f5f7f11d50a3a" className="PAFSUnitTest.IPersistentArraySpaceManagerTest, PAFSUnitTest" name="GetUserHeaderSizeTest" />
    </UnitTest>
    <UnitTest name="MoveToHeadTest" storage="c:\users\gwatson\desktop\sa\persistentarray\sadatabase\cpaunittest\bin\debug\cpaunittest.dll" id="ac390c29-8921-eb5c-8cbb-15dff0c6c040">
      <Execution id="a22505e7-cda6-431c-89d3-389d4fc38510" />
      <TestMethod codeBase="C:\Users\gwatson\Desktop\SA\PersistentArray\SADatabase\CPAUnitTest\bin\Debug\CPAUnitTest.dll" adapterTypeName="Microsoft.VisualStudio.TestTools.TestTypes.Unit.UnitTestAdapter, Microsoft.VisualStudio.QualityTools.Tips.UnitTest.Adapter, Version=10.0.0.0, Culture=neutral, PublicKeyToken=b03f5f7f11d50a3a" className="CPAUnitTest.LRUDoubleLinkedListTest, CPAUnitTest" name="MoveToHeadTest" />
    </UnitTest>
    <UnitTest name="CopyTest" storage="c:\users\gwatson\desktop\sa\persistentarray\sadatabase\bytehelperunittest\bin\debug\bytehelperunittest.dll" id="da2c5789-69fe-8699-f9d7-9a2ec66b4c68">
      <Execution id="0acf0197-692d-4b52-b936-84b19b44ab17" />
      <TestMethod codeBase="C:\Users\gwatson\Desktop\SA\PersistentArray\SADatabase\ByteHelperUnitTest\bin\Debug\ByteHelperUnitTest.dll" adapterTypeName="Microsoft.VisualStudio.TestTools.TestTypes.Unit.UnitTestAdapter, Microsoft.VisualStudio.QualityTools.Tips.UnitTest.Adapter, Version=10.0.0.0, Culture=neutral, PublicKeyToken=b03f5f7f11d50a3a" className="ByteHelperUnitTest.HelperTest, ByteHelperUnitTest" name="CopyTest" />
    </UnitTest>
    <UnitTest name="CopyIntoTest" storage="c:\users\gwatson\desktop\sa\persistentarray\sadatabase\bytehelperunittest\bin\debug\bytehelperunittest.dll" id="6e30047d-c126-9623-764e-d0d0dc18feb2">
      <Execution id="5aa93258-914d-4471-bad7-ccaa75b64c0c" />
      <TestMethod codeBase="C:\Users\gwatson\Desktop\SA\PersistentArray\SADatabase\ByteHelperUnitTest\bin\Debug\ByteHelperUnitTest.dll" adapterTypeName="Microsoft.VisualStudio.TestTools.TestTypes.Unit.UnitTestAdapter, Microsoft.VisualStudio.QualityTools.Tips.UnitTest.Adapter, Version=10.0.0.0, Culture=neutral, PublicKeyToken=b03f5f7f11d50a3a" className="ByteHelperUnitTest.HelperTest, ByteHelperUnitTest" name="CopyIntoTest" />
    </UnitTest>
    <UnitTest name="CloseTest" storage="c:\users\gwatson\desktop\sa\persistentarray\sadatabase\phtunittest\bin\debug\phtunittest.dll" id="94efce36-6787-804c-f9dd-d52e17e1c55e">
      <Execution id="db1eac65-d8ed-4ed9-80c5-0af07c5cc958" />
      <TestMethod codeBase="C:\Users\gwatson\Desktop\SA\PersistentArray\SADatabase\PHTUnitTest\bin\Debug\PHTUnitTest.dll" adapterTypeName="Microsoft.VisualStudio.TestTools.TestTypes.Unit.UnitTestAdapter, Microsoft.VisualStudio.QualityTools.Tips.UnitTest.Adapter, Version=10.0.0.0, Culture=neutral, PublicKeyToken=b03f5f7f11d50a3a" className="PHTUnitTest.PersistentHashTableTest, PHTUnitTest" name="CloseTest" />
    </UnitTest>
    <UnitTest name="ExtendToTest" storage="c:\users\gwatson\desktop\sa\persistentarray\sadatabase\bytehelperunittest\bin\debug\bytehelperunittest.dll" id="11b05b3f-8750-268f-48a2-a9f027b23597">
      <Execution id="7ba5b227-7b97-4d20-8750-ebd9233eabb3" />
      <TestMethod codeBase="C:\Users\gwatson\Desktop\SA\PersistentArray\SADatabase\ByteHelperUnitTest\bin\Debug\ByteHelperUnitTest.dll" adapterTypeName="Microsoft.VisualStudio.TestTools.TestTypes.Unit.UnitTestAdapter, Microsoft.VisualStudio.QualityTools.Tips.UnitTest.Adapter, Version=10.0.0.0, Culture=neutral, PublicKeyToken=b03f5f7f11d50a3a" className="ByteHelperUnitTest.HelperTest, ByteHelperUnitTest" name="ExtendToTest" />
    </UnitTest>
    <UnitTest name="ReopenTest" storage="c:\users\gwatson\desktop\sa\persistentarray\sadatabase\filepersistenceunittest\bin\debug\filepersistenceunittest.dll" id="61f14407-3f3d-9be6-e329-c0b10da1b351">
      <Execution id="adae9f4f-213d-428f-a522-4084b09b4703" />
      <TestMethod codeBase="C:\Users\gwatson\Desktop\SA\PersistentArray\SADatabase\FilePersistenceUnitTest\bin\Debug\FilePersistenceUnitTest.dll" adapterTypeName="Microsoft.VisualStudio.TestTools.TestTypes.Unit.UnitTestAdapter, Microsoft.VisualStudio.QualityTools.Tips.UnitTest.Adapter, Version=10.0.0.0, Culture=neutral, PublicKeyToken=b03f5f7f11d50a3a" className="FilePersistenceUnitTest.FileWithHeaderTest, FilePersistenceUnitTest" name="ReopenTest" />
    </UnitTest>
    <UnitTest name="SerializeTest" storage="c:\users\gwatson\desktop\sa\persistentarray\sadatabase\phmunittest\bin\debug\phmunittest.dll" id="00e17ed5-bd31-7476-2fee-eae2d73830e2">
      <Execution id="5481de67-0caf-4c82-8c72-cfcfda537a65" />
      <TestMethod codeBase="C:\Users\gwatson\Desktop\SA\PersistentArray\SADatabase\PHMUnitTest\bin\Debug\PHMUnitTest.dll" adapterTypeName="Microsoft.VisualStudio.TestTools.TestTypes.Unit.UnitTestAdapter, Microsoft.VisualStudio.QualityTools.Tips.UnitTest.Adapter, Version=10.0.0.0, Culture=neutral, PublicKeyToken=b03f5f7f11d50a3a" className="PHMUnitTest.PersistentHeapFreeSpaceTest, PHMUnitTest" name="SerializeTest" />
    </UnitTest>
    <UnitTest name="PutGetCollisionsTest" storage="c:\users\gwatson\desktop\sa\persistentarray\sadatabase\phtunittest\bin\debug\phtunittest.dll" id="c198a53f-7d04-439f-1fbd-0b778727bf42">
      <Execution id="3c2e05fd-34cd-46e9-982a-bd56c881be0f" />
      <TestMethod codeBase="C:\Users\gwatson\Desktop\SA\PersistentArray\SADatabase\PHTUnitTest\bin\Debug\PHTUnitTest.dll" adapterTypeName="Microsoft.VisualStudio.TestTools.TestTypes.Unit.UnitTestAdapter, Microsoft.VisualStudio.QualityTools.Tips.UnitTest.Adapter, Version=10.0.0.0, Culture=neutral, PublicKeyToken=b03f5f7f11d50a3a" className="PHTUnitTest.PersistentHashTableTest, PHTUnitTest" name="PutGetCollisionsTest" />
    </UnitTest>
    <UnitTest name="AllocateInMiddleTest" storage="c:\users\gwatson\desktop\sa\persistentarray\sadatabase\phmunittest\bin\debug\phmunittest.dll" id="0bf9df8d-121f-259e-67aa-905c5bb6c662">
      <Execution id="7633a47c-e9b5-4584-833d-a527bedc610b" />
      <TestMethod codeBase="C:\Users\gwatson\Desktop\SA\PersistentArray\SADatabase\PHMUnitTest\bin\Debug\PHMUnitTest.dll" adapterTypeName="Microsoft.VisualStudio.TestTools.TestTypes.Unit.UnitTestAdapter, Microsoft.VisualStudio.QualityTools.Tips.UnitTest.Adapter, Version=10.0.0.0, Culture=neutral, PublicKeyToken=b03f5f7f11d50a3a" className="PHMUnitTest.PersistentHeapTest, PHMUnitTest" name="AllocateInMiddleTest" />
    </UnitTest>
    <UnitTest name="WriteByteArrayTest" storage="c:\users\gwatson\desktop\sa\persistentarray\sadatabase\persistenceunittest\bin\debug\persistenceunittest.dll" id="c3fc885b-06d0-19cb-a8e4-a4fc7aee2170">
      <Execution id="bbdd15ce-152f-40d6-908d-519639bc0a0b" />
      <TestMethod codeBase="C:\Users\gwatson\Desktop\SA\PersistentArray\SADatabase\PersistenceUnitTest\bin\Debug\PersistenceUnitTest.dll" adapterTypeName="Microsoft.VisualStudio.TestTools.TestTypes.Unit.UnitTestAdapter, Microsoft.VisualStudio.QualityTools.Tips.UnitTest.Adapter, Version=10.0.0.0, Culture=neutral, PublicKeyToken=b03f5f7f11d50a3a" className="PersistenceUnitTest.RandomAccessFileTest, PersistenceUnitTest" name="WriteByteArrayTest" />
    </UnitTest>
    <UnitTest name="SerializeTest" storage="c:\users\gwatson\desktop\sa\persistentarray\sadatabase\pllunittest\bin\debug\pllunittest.dll" id="f45fb43e-8e19-67de-faf5-292c20567a5c">
      <Execution id="36ce1e27-ad0e-42a8-bdac-15e0a3fdd58a" />
      <TestMethod codeBase="C:\Users\gwatson\Desktop\SA\PersistentArray\SADatabase\PLLUnitTest\bin\Debug\PLLUnitTest.dll" adapterTypeName="Microsoft.VisualStudio.TestTools.TestTypes.Unit.UnitTestAdapter, Microsoft.VisualStudio.QualityTools.Tips.UnitTest.Adapter, Version=10.0.0.0, Culture=neutral, PublicKeyToken=b03f5f7f11d50a3a" className="PLLUnitTest.LinkedListElementTest, PLLUnitTest" name="SerializeTest" />
    </UnitTest>
    <UnitTest name="DeleteTest" storage="c:\users\gwatson\desktop\sa\persistentarray\sadatabase\pllunittest\bin\debug\pllunittest.dll" id="1d53293b-a39c-108d-e97e-8d3ed479d40d">
      <Execution id="0a9b6fe9-1ba6-400a-9d78-22b1e0e4191a" />
      <TestMethod codeBase="C:\Users\gwatson\Desktop\SA\PersistentArray\SADatabase\PLLUnitTest\bin\Debug\PLLUnitTest.dll" adapterTypeName="Microsoft.VisualStudio.TestTools.TestTypes.Unit.UnitTestAdapter, Microsoft.VisualStudio.QualityTools.Tips.UnitTest.Adapter, Version=10.0.0.0, Culture=neutral, PublicKeyToken=b03f5f7f11d50a3a" className="PLLUnitTest.PersistentLinkedListTest, PLLUnitTest" name="DeleteTest" />
    </UnitTest>
    <UnitTest name="CtorTest" storage="c:\users\gwatson\desktop\sa\persistentarray\sadatabase\phmunittest\bin\debug\phmunittest.dll" id="781a4d86-46c5-931f-9ce1-d470759c5ed1">
      <Execution id="e6123e52-aaa8-4da4-8231-e0ada103afd9" />
      <TestMethod codeBase="C:\Users\gwatson\Desktop\SA\PersistentArray\SADatabase\PHMUnitTest\bin\Debug\PHMUnitTest.dll" adapterTypeName="Microsoft.VisualStudio.TestTools.TestTypes.Unit.UnitTestAdapter, Microsoft.VisualStudio.QualityTools.Tips.UnitTest.Adapter, Version=10.0.0.0, Culture=neutral, PublicKeyToken=b03f5f7f11d50a3a" className="PHMUnitTest.PersistentHeapUsedSpaceTest, PHMUnitTest" name="CtorTest" />
    </UnitTest>
    <UnitTest name="FillUpTableTest" storage="c:\users\gwatson\desktop\sa\persistentarray\sadatabase\phtunittest\bin\debug\phtunittest.dll" id="6a96f9da-adcb-f7e2-df56-cae68513bb5e">
      <Execution id="60aae77b-8163-4afc-8342-6aceb6ab4154" />
      <TestMethod codeBase="C:\Users\gwatson\Desktop\SA\PersistentArray\SADatabase\PHTUnitTest\bin\Debug\PHTUnitTest.dll" adapterTypeName="Microsoft.VisualStudio.TestTools.TestTypes.Unit.UnitTestAdapter, Microsoft.VisualStudio.QualityTools.Tips.UnitTest.Adapter, Version=10.0.0.0, Culture=neutral, PublicKeyToken=b03f5f7f11d50a3a" className="PHTUnitTest.PersistentHashTableTest, PHTUnitTest" name="FillUpTableTest" />
    </UnitTest>
    <UnitTest name="SerializeTest" storage="c:\users\gwatson\desktop\sa\persistentarray\sadatabase\pllunittest\bin\debug\pllunittest.dll" id="ceb208d4-f6b2-14ea-caab-c04abf814ed1">
      <Execution id="6ade8adf-85f1-49b4-acc0-6cb38a87f1a1" />
      <TestMethod codeBase="C:\Users\gwatson\Desktop\SA\PersistentArray\SADatabase\PLLUnitTest\bin\Debug\PLLUnitTest.dll" adapterTypeName="Microsoft.VisualStudio.TestTools.TestTypes.Unit.UnitTestAdapter, Microsoft.VisualStudio.QualityTools.Tips.UnitTest.Adapter, Version=10.0.0.0, Culture=neutral, PublicKeyToken=b03f5f7f11d50a3a" className="PLLUnitTest.PLLHeaderTest, PLLUnitTest" name="SerializeTest" />
    </UnitTest>
    <UnitTest name="CreateTooSmallTest" storage="c:\users\gwatson\desktop\sa\persistentarray\sadatabase\pafsunittest\bin\debug\pafsunittest.dll" id="b87f554d-216c-d1a2-7ff8-323f1d9d0f4f">
      <Execution id="dd648b57-ee5c-40b0-86b5-69a62c35dc0f" />
      <TestMethod codeBase="C:\Users\gwatson\Desktop\SA\PersistentArray\SADatabase\PAFSUnitTest\bin\Debug\PAFSUnitTest.dll" adapterTypeName="Microsoft.VisualStudio.TestTools.TestTypes.Unit.UnitTestAdapter, Microsoft.VisualStudio.QualityTools.Tips.UnitTest.Adapter, Version=10.0.0.0, Culture=neutral, PublicKeyToken=b03f5f7f11d50a3a" className="PAFSUnitTest.IPersistentArraySpaceManagerTest, PAFSUnitTest" name="CreateTooSmallTest" />
    </UnitTest>
    <UnitTest name="EqualsBytesTest" storage="c:\users\gwatson\desktop\sa\persistentarray\sadatabase\bytehelperunittest\bin\debug\bytehelperunittest.dll" id="c09c2c2c-bf97-afdf-a556-c8b4550bee5f">
      <Execution id="328ebcae-baac-416e-acd7-66d9124ff62a" />
      <TestMethod codeBase="C:\Users\gwatson\Desktop\SA\PersistentArray\SADatabase\ByteHelperUnitTest\bin\Debug\ByteHelperUnitTest.dll" adapterTypeName="Microsoft.VisualStudio.TestTools.TestTypes.Unit.UnitTestAdapter, Microsoft.VisualStudio.QualityTools.Tips.UnitTest.Adapter, Version=10.0.0.0, Culture=neutral, PublicKeyToken=b03f5f7f11d50a3a" className="ByteHelperUnitTest.HelperTest, ByteHelperUnitTest" name="EqualsBytesTest" />
    </UnitTest>
    <UnitTest name="AllocateAtEndOfFreeSpaceListTest" storage="c:\users\gwatson\desktop\sa\persistentarray\sadatabase\phmunittest\bin\debug\phmunittest.dll" id="cb9247b9-0e78-5318-b25e-4206d939f286">
      <Execution id="028af0db-2c16-4ab3-9eec-b34a57af8623" />
      <TestMethod codeBase="C:\Users\gwatson\Desktop\SA\PersistentArray\SADatabase\PHMUnitTest\bin\Debug\PHMUnitTest.dll" adapterTypeName="Microsoft.VisualStudio.TestTools.TestTypes.Unit.UnitTestAdapter, Microsoft.VisualStudio.QualityTools.Tips.UnitTest.Adapter, Version=10.0.0.0, Culture=neutral, PublicKeyToken=b03f5f7f11d50a3a" className="PHMUnitTest.PersistentHeapTest, PHMUnitTest" name="AllocateAtEndOfFreeSpaceListTest" />
    </UnitTest>
    <UnitTest name="CreateTest" storage="c:\users\gwatson\desktop\sa\persistentarray\sadatabase\pafsunittest\bin\debug\pafsunittest.dll" id="e7c5dfe9-6c85-ed21-1287-63d333e61256">
      <Execution id="ca4555d7-0f61-445a-9f7b-40b0a5ace28f" />
      <TestMethod codeBase="C:\Users\gwatson\Desktop\SA\PersistentArray\SADatabase\PAFSUnitTest\bin\Debug\PAFSUnitTest.dll" adapterTypeName="Microsoft.VisualStudio.TestTools.TestTypes.Unit.UnitTestAdapter, Microsoft.VisualStudio.QualityTools.Tips.UnitTest.Adapter, Version=10.0.0.0, Culture=neutral, PublicKeyToken=b03f5f7f11d50a3a" className="PAFSUnitTest.IPersistentArraySpaceManagerTest, PAFSUnitTest" name="CreateTest" />
    </UnitTest>
    <UnitTest name="FreeAddSpaceToStartOfFreeListTest" storage="c:\users\gwatson\desktop\sa\persistentarray\sadatabase\phmunittest\bin\debug\phmunittest.dll" id="e09c5cb1-1c0e-6e77-1183-514f09126ef8">
      <Execution id="7ce2cd53-11e7-4e2d-9a95-8db194556d39" />
      <TestMethod codeBase="C:\Users\gwatson\Desktop\SA\PersistentArray\SADatabase\PHMUnitTest\bin\Debug\PHMUnitTest.dll" adapterTypeName="Microsoft.VisualStudio.TestTools.TestTypes.Unit.UnitTestAdapter, Microsoft.VisualStudio.QualityTools.Tips.UnitTest.Adapter, Version=10.0.0.0, Culture=neutral, PublicKeyToken=b03f5f7f11d50a3a" className="PHMUnitTest.PersistentHeapTest, PHMUnitTest" name="FreeAddSpaceToStartOfFreeListTest" />
    </UnitTest>
    <UnitTest name="UserSizeTest" storage="c:\users\gwatson\desktop\sa\persistentarray\sadatabase\phmunittest\bin\debug\phmunittest.dll" id="864cd63c-625b-94c6-46c4-e84f8efb06a6">
      <Execution id="052ed9f7-2f62-4f1e-a1b4-c9e066f237ca" />
      <TestMethod codeBase="C:\Users\gwatson\Desktop\SA\PersistentArray\SADatabase\PHMUnitTest\bin\Debug\PHMUnitTest.dll" adapterTypeName="Microsoft.VisualStudio.TestTools.TestTypes.Unit.UnitTestAdapter, Microsoft.VisualStudio.QualityTools.Tips.UnitTest.Adapter, Version=10.0.0.0, Culture=neutral, PublicKeyToken=b03f5f7f11d50a3a" className="PHMUnitTest.PersistentHeapSpaceTest, PHMUnitTest" name="UserSizeTest" />
    </UnitTest>
    <UnitTest name="FileDoesntExistTest" storage="c:\users\gwatson\desktop\sa\persistentarray\sadatabase\filepersistenceunittest\bin\debug\filepersistenceunittest.dll" id="93695325-fb5b-b117-f5c2-6cdaee20d742">
      <Execution id="56125820-2ac2-425c-b885-9d3876abe0d9" />
      <TestMethod codeBase="C:\Users\gwatson\Desktop\SA\PersistentArray\SADatabase\FilePersistenceUnitTest\bin\Debug\FilePersistenceUnitTest.dll" adapterTypeName="Microsoft.VisualStudio.TestTools.TestTypes.Unit.UnitTestAdapter, Microsoft.VisualStudio.QualityTools.Tips.UnitTest.Adapter, Version=10.0.0.0, Culture=neutral, PublicKeyToken=b03f5f7f11d50a3a" className="FilePersistenceUnitTest.FileWithHeaderTest, FilePersistenceUnitTest" name="FileDoesntExistTest" />
    </UnitTest>
    <UnitTest name="PutTest" storage="c:\users\gwatson\desktop\sa\persistentarray\sadatabase\cpaunittest\bin\debug\cpaunittest.dll" id="b1852ad4-9275-e058-ea39-b89e2980d650">
      <Execution id="14be93d8-aa28-4608-adf2-db6a109e4ac6" />
      <TestMethod codeBase="C:\Users\gwatson\Desktop\SA\PersistentArray\SADatabase\CPAUnitTest\bin\Debug\CPAUnitTest.dll" adapterTypeName="Microsoft.VisualStudio.TestTools.TestTypes.Unit.UnitTestAdapter, Microsoft.VisualStudio.QualityTools.Tips.UnitTest.Adapter, Version=10.0.0.0, Culture=neutral, PublicKeyToken=b03f5f7f11d50a3a" className="CPAUnitTest.CachedIArrayTest, CPAUnitTest" name="PutTest" />
    </UnitTest>
    <UnitTest name="GetElementSizeTest" storage="c:\users\gwatson\desktop\sa\persistentarray\sadatabase\cpaunittest\bin\debug\cpaunittest.dll" id="17c74e86-2a6c-cb27-d667-6f54dbf65bde">
      <Execution id="b735e61f-80ee-450d-8d01-00b24361302d" />
      <TestMethod codeBase="C:\Users\gwatson\Desktop\SA\PersistentArray\SADatabase\CPAUnitTest\bin\Debug\CPAUnitTest.dll" adapterTypeName="Microsoft.VisualStudio.TestTools.TestTypes.Unit.UnitTestAdapter, Microsoft.VisualStudio.QualityTools.Tips.UnitTest.Adapter, Version=10.0.0.0, Culture=neutral, PublicKeyToken=b03f5f7f11d50a3a" className="CPAUnitTest.CachedIArrayTest, CPAUnitTest" name="GetElementSizeTest" />
    </UnitTest>
    <UnitTest name="WipeIndexTest" storage="c:\users\gwatson\desktop\sa\persistentarray\sadatabase\pafsunittest\bin\debug\pafsunittest.dll" id="a71a6b83-7f57-ce8c-0c72-5da1414dfef5">
      <Execution id="dd302bd6-64ce-4c25-9535-957297b92ed0" />
      <TestMethod codeBase="C:\Users\gwatson\Desktop\SA\PersistentArray\SADatabase\PAFSUnitTest\bin\Debug\PAFSUnitTest.dll" adapterTypeName="Microsoft.VisualStudio.TestTools.TestTypes.Unit.UnitTestAdapter, Microsoft.VisualStudio.QualityTools.Tips.UnitTest.Adapter, Version=10.0.0.0, Culture=neutral, PublicKeyToken=b03f5f7f11d50a3a" className="PAFSUnitTest.IPersistentArraySpaceManagerTest, PAFSUnitTest" name="WipeIndexTest" />
    </UnitTest>
    <UnitTest name="ToIntTest" storage="c:\users\gwatson\desktop\sa\persistentarray\sadatabase\bytehelperunittest\bin\debug\bytehelperunittest.dll" id="cc0dd485-3eb5-47cf-79f5-71c3014c459a">
      <Execution id="7e56a910-2968-4eb4-8b84-3168228a7fae" />
      <TestMethod codeBase="C:\Users\gwatson\Desktop\SA\PersistentArray\SADatabase\ByteHelperUnitTest\bin\Debug\ByteHelperUnitTest.dll" adapterTypeName="Microsoft.VisualStudio.TestTools.TestTypes.Unit.UnitTestAdapter, Microsoft.VisualStudio.QualityTools.Tips.UnitTest.Adapter, Version=10.0.0.0, Culture=neutral, PublicKeyToken=b03f5f7f11d50a3a" className="ByteHelperUnitTest.HelperTest, ByteHelperUnitTest" name="ToIntTest" />
    </UnitTest>
    <UnitTest name="GetHashCodeTest" storage="c:\users\gwatson\desktop\sa\persistentarray\sadatabase\bytehelperunittest\bin\debug\bytehelperunittest.dll" id="01045d66-f1c1-b905-4f83-06fa33497a3c">
      <Execution id="bf170fda-c24a-4794-b702-c46643bcd37a" />
      <TestMethod codeBase="C:\Users\gwatson\Desktop\SA\PersistentArray\SADatabase\ByteHelperUnitTest\bin\Debug\ByteHelperUnitTest.dll" adapterTypeName="Microsoft.VisualStudio.TestTools.TestTypes.Unit.UnitTestAdapter, Microsoft.VisualStudio.QualityTools.Tips.UnitTest.Adapter, Version=10.0.0.0, Culture=neutral, PublicKeyToken=b03f5f7f11d50a3a" className="ByteHelperUnitTest.HelperTest, ByteHelperUnitTest" name="GetHashCodeTest" />
    </UnitTest>
    <UnitTest name="FileAlreadyExistsTest" storage="c:\users\gwatson\desktop\sa\persistentarray\sadatabase\filepersistenceunittest\bin\debug\filepersistenceunittest.dll" id="1232c426-0c7a-7827-61d6-db854aeef3be">
      <Execution id="d61503b3-781a-4775-b025-1bcd6451f250" />
      <TestMethod codeBase="C:\Users\gwatson\Desktop\SA\PersistentArray\SADatabase\FilePersistenceUnitTest\bin\Debug\FilePersistenceUnitTest.dll" adapterTypeName="Microsoft.VisualStudio.TestTools.TestTypes.Unit.UnitTestAdapter, Microsoft.VisualStudio.QualityTools.Tips.UnitTest.Adapter, Version=10.0.0.0, Culture=neutral, PublicKeyToken=b03f5f7f11d50a3a" className="FilePersistenceUnitTest.FileWithHeaderTest, FilePersistenceUnitTest" name="FileAlreadyExistsTest" />
    </UnitTest>
    <UnitTest name="GetFileNameTest" storage="c:\users\gwatson\desktop\sa\persistentarray\sadatabase\persistenceunittest\bin\debug\persistenceunittest.dll" id="344d8cb8-23f2-23e3-3ec1-bef1b12c809d">
      <Execution id="bd00071c-654b-4d09-b640-fc28eba1c618" />
      <TestMethod codeBase="C:\Users\gwatson\Desktop\SA\PersistentArray\SADatabase\PersistenceUnitTest\bin\Debug\PersistenceUnitTest.dll" adapterTypeName="Microsoft.VisualStudio.TestTools.TestTypes.Unit.UnitTestAdapter, Microsoft.VisualStudio.QualityTools.Tips.UnitTest.Adapter, Version=10.0.0.0, Culture=neutral, PublicKeyToken=b03f5f7f11d50a3a" className="PersistenceUnitTest.RandomAccessFileTest, PersistenceUnitTest" name="GetFileNameTest" />
    </UnitTest>
    <UnitTest name="CtorTest" storage="c:\users\gwatson\desktop\sa\persistentarray\sadatabase\phtunittest\bin\debug\phtunittest.dll" id="2b9a3f45-3c5e-f945-6521-ce395feda3cb">
      <Execution id="fa5004fe-13c7-45f4-b6e6-24e40b782a76" />
      <TestMethod codeBase="C:\Users\gwatson\Desktop\SA\PersistentArray\SADatabase\PHTUnitTest\bin\Debug\PHTUnitTest.dll" adapterTypeName="Microsoft.VisualStudio.TestTools.TestTypes.Unit.UnitTestAdapter, Microsoft.VisualStudio.QualityTools.Tips.UnitTest.Adapter, Version=10.0.0.0, Culture=neutral, PublicKeyToken=b03f5f7f11d50a3a" className="PHTUnitTest.HashTableHeaderTest, PHTUnitTest" name="CtorTest" />
    </UnitTest>
    <UnitTest name="AllocateSplitTest" storage="c:\users\gwatson\desktop\sa\persistentarray\sadatabase\phmunittest\bin\debug\phmunittest.dll" id="13b6656a-26f9-0ea8-7ea0-1310a5a1b2d4">
      <Execution id="96b482f7-5bfe-4479-9aa8-80965117eb86" />
      <TestMethod codeBase="C:\Users\gwatson\Desktop\SA\PersistentArray\SADatabase\PHMUnitTest\bin\Debug\PHMUnitTest.dll" adapterTypeName="Microsoft.VisualStudio.TestTools.TestTypes.Unit.UnitTestAdapter, Microsoft.VisualStudio.QualityTools.Tips.UnitTest.Adapter, Version=10.0.0.0, Culture=neutral, PublicKeyToken=b03f5f7f11d50a3a" className="PHMUnitTest.PersistentHeapTest, PHMUnitTest" name="AllocateSplitTest" />
    </UnitTest>
    <UnitTest name="PutGetTest" storage="c:\users\gwatson\desktop\sa\persistentarray\sadatabase\persistentarrayunittest\bin\debug\paunittest.dll" id="47e64445-4f51-07b5-3b92-f087a8ca68d5">
      <Execution id="e2e6f242-bd75-4603-a9d8-050f21006f45" />
      <TestMethod codeBase="C:\Users\gwatson\Desktop\SA\PersistentArray\SADatabase\PersistentArrayUnitTest\bin\Debug\PAUnitTest.dll" adapterTypeName="Microsoft.VisualStudio.TestTools.TestTypes.Unit.UnitTestAdapter, Microsoft.VisualStudio.QualityTools.Tips.UnitTest.Adapter, Version=10.0.0.0, Culture=neutral, PublicKeyToken=b03f5f7f11d50a3a" className="PAUnitTest.IPersistentArrayTest, PAUnitTest" name="PutGetTest" />
    </UnitTest>
    <UnitTest name="GetPreviousTest" storage="c:\users\gwatson\desktop\sa\persistentarray\sadatabase\pllunittest\bin\debug\pllunittest.dll" id="565a9370-80c9-3456-28b5-ca4466bce36c">
      <Execution id="a4a7fdbe-71f4-43cc-b17f-c9b0e2431091" />
      <TestMethod codeBase="C:\Users\gwatson\Desktop\SA\PersistentArray\SADatabase\PLLUnitTest\bin\Debug\PLLUnitTest.dll" adapterTypeName="Microsoft.VisualStudio.TestTools.TestTypes.Unit.UnitTestAdapter, Microsoft.VisualStudio.QualityTools.Tips.UnitTest.Adapter, Version=10.0.0.0, Culture=neutral, PublicKeyToken=b03f5f7f11d50a3a" className="PLLUnitTest.PersistentLinkedListTest, PLLUnitTest" name="GetPreviousTest" />
    </UnitTest>
    <UnitTest name="NoArrayTest" storage="c:\users\gwatson\desktop\sa\persistentarray\sadatabase\persistentarrayunittest\bin\debug\paunittest.dll" id="86053b92-a17e-53c2-7d77-530c0fa14797">
      <Execution id="99812648-195a-4674-88cb-25f0ca5ed908" />
      <TestMethod codeBase="C:\Users\gwatson\Desktop\SA\PersistentArray\SADatabase\PersistentArrayUnitTest\bin\Debug\PAUnitTest.dll" adapterTypeName="Microsoft.VisualStudio.TestTools.TestTypes.Unit.UnitTestAdapter, Microsoft.VisualStudio.QualityTools.Tips.UnitTest.Adapter, Version=10.0.0.0, Culture=neutral, PublicKeyToken=b03f5f7f11d50a3a" className="PAUnitTest.IPersistentArrayTest, PAUnitTest" name="NoArrayTest" />
    </UnitTest>
    <UnitTest name="DeserializeTest" storage="c:\users\gwatson\desktop\sa\persistentarray\sadatabase\phtunittest\bin\debug\phtunittest.dll" id="35a16e41-d355-d959-88ea-aa8f91cea11b">
      <Execution id="43c6ae86-70db-499b-ba11-e50537b7c984" />
      <TestMethod codeBase="C:\Users\gwatson\Desktop\SA\PersistentArray\SADatabase\PHTUnitTest\bin\Debug\PHTUnitTest.dll" adapterTypeName="Microsoft.VisualStudio.TestTools.TestTypes.Unit.UnitTestAdapter, Microsoft.VisualStudio.QualityTools.Tips.UnitTest.Adapter, Version=10.0.0.0, Culture=neutral, PublicKeyToken=b03f5f7f11d50a3a" className="PHTUnitTest.HashTableElementTest, PHTUnitTest" name="DeserializeTest" />
    </UnitTest>
    <UnitTest name="DeserializeTest" storage="c:\users\gwatson\desktop\sa\persistentarray\sadatabase\phmunittest\bin\debug\phmunittest.dll" id="636ae8bd-e313-1098-6c8a-b8c8ef7b79b2">
      <Execution id="27008496-4191-4d10-8b56-4a082616d89a" />
      <TestMethod codeBase="C:\Users\gwatson\Desktop\SA\PersistentArray\SADatabase\PHMUnitTest\bin\Debug\PHMUnitTest.dll" adapterTypeName="Microsoft.VisualStudio.TestTools.TestTypes.Unit.UnitTestAdapter, Microsoft.VisualStudio.QualityTools.Tips.UnitTest.Adapter, Version=10.0.0.0, Culture=neutral, PublicKeyToken=b03f5f7f11d50a3a" className="PHMUnitTest.PersistentHeapHeaderTest, PHMUnitTest" name="DeserializeTest" />
    </UnitTest>
    <UnitTest name="EmptyNameTest" storage="c:\users\gwatson\desktop\sa\persistentarray\sadatabase\persistentarrayunittest\bin\debug\paunittest.dll" id="5335332c-34c5-80ee-4a17-60db3bec8999">
      <Execution id="d3400a43-5bde-4072-aa9b-b9b0957665a7" />
      <TestMethod codeBase="C:\Users\gwatson\Desktop\SA\PersistentArray\SADatabase\PersistentArrayUnitTest\bin\Debug\PAUnitTest.dll" adapterTypeName="Microsoft.VisualStudio.TestTools.TestTypes.Unit.UnitTestAdapter, Microsoft.VisualStudio.QualityTools.Tips.UnitTest.Adapter, Version=10.0.0.0, Culture=neutral, PublicKeyToken=b03f5f7f11d50a3a" className="PAUnitTest.IPersistentArrayTest, PAUnitTest" name="EmptyNameTest" />
    </UnitTest>
    <UnitTest name="GetUserHeaderSizeTest" storage="c:\users\gwatson\desktop\sa\persistentarray\sadatabase\phtunittest\bin\debug\phtunittest.dll" id="1604b673-3185-b533-77b5-a1fcf04b160d">
      <Execution id="e6bf9055-a844-457b-b6b8-ae04af6f37a6" />
      <TestMethod codeBase="C:\Users\gwatson\Desktop\SA\PersistentArray\SADatabase\PHTUnitTest\bin\Debug\PHTUnitTest.dll" adapterTypeName="Microsoft.VisualStudio.TestTools.TestTypes.Unit.UnitTestAdapter, Microsoft.VisualStudio.QualityTools.Tips.UnitTest.Adapter, Version=10.0.0.0, Culture=neutral, PublicKeyToken=b03f5f7f11d50a3a" className="PHTUnitTest.PersistentHashTableTest, PHTUnitTest" name="GetUserHeaderSizeTest" />
    </UnitTest>
    <UnitTest name="RandomAccessFileConstructorTest" storage="c:\users\gwatson\desktop\sa\persistentarray\sadatabase\persistenceunittest\bin\debug\persistenceunittest.dll" id="9c153991-159a-b725-d7ba-010f61b98530">
      <Execution id="902a6639-e804-453f-896b-9310c2024aed" />
      <TestMethod codeBase="C:\Users\gwatson\Desktop\SA\PersistentArray\SADatabase\PersistenceUnitTest\bin\Debug\PersistenceUnitTest.dll" adapterTypeName="Microsoft.VisualStudio.TestTools.TestTypes.Unit.UnitTestAdapter, Microsoft.VisualStudio.QualityTools.Tips.UnitTest.Adapter, Version=10.0.0.0, Culture=neutral, PublicKeyToken=b03f5f7f11d50a3a" className="PersistenceUnitTest.RandomAccessFileTest, PersistenceUnitTest" name="RandomAccessFileConstructorTest" />
    </UnitTest>
    <UnitTest name="PutGetTest" storage="c:\users\gwatson\desktop\sa\persistentarray\sadatabase\phmunittest\bin\debug\phmunittest.dll" id="bfb74228-802c-ebf9-5059-adacad2817c5">
      <Execution id="8959bb3b-5ee2-4609-bf99-dfd4475d09c1" />
      <TestMethod codeBase="C:\Users\gwatson\Desktop\SA\PersistentArray\SADatabase\PHMUnitTest\bin\Debug\PHMUnitTest.dll" adapterTypeName="Microsoft.VisualStudio.TestTools.TestTypes.Unit.UnitTestAdapter, Microsoft.VisualStudio.QualityTools.Tips.UnitTest.Adapter, Version=10.0.0.0, Culture=neutral, PublicKeyToken=b03f5f7f11d50a3a" className="PHMUnitTest.PersistentHeapTest, PHMUnitTest" name="PutGetTest" />
    </UnitTest>
    <UnitTest name="ReopenTest" storage="c:\users\gwatson\desktop\sa\persistentarray\sadatabase\persistentarrayunittest\bin\debug\paunittest.dll" id="00a5a340-dd24-58d6-2c39-57102dd10a93">
      <Execution id="796eaa14-467d-4721-bd1d-e1ac714f762f" />
      <TestMethod codeBase="C:\Users\gwatson\Desktop\SA\PersistentArray\SADatabase\PersistentArrayUnitTest\bin\Debug\PAUnitTest.dll" adapterTypeName="Microsoft.VisualStudio.TestTools.TestTypes.Unit.UnitTestAdapter, Microsoft.VisualStudio.QualityTools.Tips.UnitTest.Adapter, Version=10.0.0.0, Culture=neutral, PublicKeyToken=b03f5f7f11d50a3a" className="PAUnitTest.IPersistentArrayTest, PAUnitTest" name="ReopenTest" />
    </UnitTest>
    <UnitTest name="WriteIntTest" storage="c:\users\gwatson\desktop\sa\persistentarray\sadatabase\persistenceunittest\bin\debug\persistenceunittest.dll" id="7f8205c8-b606-8c59-76b5-fbdb8f56ecd0">
      <Execution id="d3898754-64dc-460a-9f1f-d87f175c69e4" />
      <TestMethod codeBase="C:\Users\gwatson\Desktop\SA\PersistentArray\SADatabase\PersistenceUnitTest\bin\Debug\PersistenceUnitTest.dll" adapterTypeName="Microsoft.VisualStudio.TestTools.TestTypes.Unit.UnitTestAdapter, Microsoft.VisualStudio.QualityTools.Tips.UnitTest.Adapter, Version=10.0.0.0, Culture=neutral, PublicKeyToken=b03f5f7f11d50a3a" className="PersistenceUnitTest.SlowRAFTest, PersistenceUnitTest" name="WriteIntTest" />
    </UnitTest>
    <UnitTest name="AddToStartTest" storage="c:\users\gwatson\desktop\sa\persistentarray\sadatabase\pllunittest\bin\debug\pllunittest.dll" id="0ef3c0a1-e279-0642-068f-cf09f20b4b4e">
      <Execution id="81e826ec-efe2-45f7-82a5-9782ea2ef921" />
      <TestMethod codeBase="C:\Users\gwatson\Desktop\SA\PersistentArray\SADatabase\PLLUnitTest\bin\Debug\PLLUnitTest.dll" adapterTypeName="Microsoft.VisualStudio.TestTools.TestTypes.Unit.UnitTestAdapter, Microsoft.VisualStudio.QualityTools.Tips.UnitTest.Adapter, Version=10.0.0.0, Culture=neutral, PublicKeyToken=b03f5f7f11d50a3a" className="PLLUnitTest.PersistentLinkedListTest, PLLUnitTest" name="AddToStartTest" />
    </UnitTest>
    <UnitTest name="GetNextIndexTest" storage="c:\users\gwatson\desktop\sa\persistentarray\sadatabase\cpaunittest\bin\debug\cpaunittest.dll" id="c5e39726-deec-c4f7-824b-1e41432b6b87">
      <Execution id="0c07d7b0-0298-4bbd-a870-fb10ff9c5667" />
      <TestMethod codeBase="C:\Users\gwatson\Desktop\SA\PersistentArray\SADatabase\CPAUnitTest\bin\Debug\CPAUnitTest.dll" adapterTypeName="Microsoft.VisualStudio.TestTools.TestTypes.Unit.UnitTestAdapter, Microsoft.VisualStudio.QualityTools.Tips.UnitTest.Adapter, Version=10.0.0.0, Culture=neutral, PublicKeyToken=b03f5f7f11d50a3a" className="CPAUnitTest.CachedIArrayTest, CPAUnitTest" name="GetNextIndexTest" />
    </UnitTest>
    <UnitTest name="AddToEndTest" storage="c:\users\gwatson\desktop\sa\persistentarray\sadatabase\pllunittest\bin\debug\pllunittest.dll" id="e5f5eeb7-8767-c831-6700-d29e08cf89bb">
      <Execution id="e2b6d5d8-6515-4b27-b71d-3cc421ab57b0" />
      <TestMethod codeBase="C:\Users\gwatson\Desktop\SA\PersistentArray\SADatabase\PLLUnitTest\bin\Debug\PLLUnitTest.dll" adapterTypeName="Microsoft.VisualStudio.TestTools.TestTypes.Unit.UnitTestAdapter, Microsoft.VisualStudio.QualityTools.Tips.UnitTest.Adapter, Version=10.0.0.0, Culture=neutral, PublicKeyToken=b03f5f7f11d50a3a" className="PLLUnitTest.PersistentLinkedListTest, PLLUnitTest" name="AddToEndTest" />
    </UnitTest>
    <UnitTest name="GetPutUserHeaderTest" storage="c:\users\gwatson\desktop\sa\persistentarray\sadatabase\filepersistenceunittest\bin\debug\filepersistenceunittest.dll" id="119f0d26-abb3-b910-6e20-3eb2e8267f66">
      <Execution id="afae503e-a960-480d-bbe9-a630c63f010b" />
      <TestMethod codeBase="C:\Users\gwatson\Desktop\SA\PersistentArray\SADatabase\FilePersistenceUnitTest\bin\Debug\FilePersistenceUnitTest.dll" adapterTypeName="Microsoft.VisualStudio.TestTools.TestTypes.Unit.UnitTestAdapter, Microsoft.VisualStudio.QualityTools.Tips.UnitTest.Adapter, Version=10.0.0.0, Culture=neutral, PublicKeyToken=b03f5f7f11d50a3a" className="FilePersistenceUnitTest.FileWithHeaderTest, FilePersistenceUnitTest" name="GetPutUserHeaderTest" />
    </UnitTest>
    <UnitTest name="ReopenTest" storage="c:\users\gwatson\desktop\sa\persistentarray\sadatabase\pafsunittest\bin\debug\pafsunittest.dll" id="1af0c77b-4d3c-a3e7-21cb-37332222dd11">
      <Execution id="c2efd24a-6015-4497-b75a-6dc19ec478c3" />
      <TestMethod codeBase="C:\Users\gwatson\Desktop\SA\PersistentArray\SADatabase\PAFSUnitTest\bin\Debug\PAFSUnitTest.dll" adapterTypeName="Microsoft.VisualStudio.TestTools.TestTypes.Unit.UnitTestAdapter, Microsoft.VisualStudio.QualityTools.Tips.UnitTest.Adapter, Version=10.0.0.0, Culture=neutral, PublicKeyToken=b03f5f7f11d50a3a" className="PAFSUnitTest.IPersistentArraySpaceManagerTest, PAFSUnitTest" name="ReopenTest" />
    </UnitTest>
    <UnitTest name="FreeMergeBeforeTest" storage="c:\users\gwatson\desktop\sa\persistentarray\sadatabase\phmunittest\bin\debug\phmunittest.dll" id="846fd299-442f-a81b-5ff1-400c3a67c543">
      <Execution id="408a5a83-82b0-43d7-8817-bb200be6d228" />
      <TestMethod codeBase="C:\Users\gwatson\Desktop\SA\PersistentArray\SADatabase\PHMUnitTest\bin\Debug\PHMUnitTest.dll" adapterTypeName="Microsoft.VisualStudio.TestTools.TestTypes.Unit.UnitTestAdapter, Microsoft.VisualStudio.QualityTools.Tips.UnitTest.Adapter, Version=10.0.0.0, Culture=neutral, PublicKeyToken=b03f5f7f11d50a3a" className="PHMUnitTest.PersistentHeapTest, PHMUnitTest" name="FreeMergeBeforeTest" />
    </UnitTest>
    <UnitTest name="CloseTest" storage="c:\users\gwatson\desktop\sa\persistentarray\sadatabase\cpaunittest\bin\debug\cpaunittest.dll" id="71ffb975-3ee7-3930-0f3e-7889b95a130e">
      <Execution id="f4d7c5ed-28a8-4387-9dec-88cad9712941" />
      <TestMethod codeBase="C:\Users\gwatson\Desktop\SA\PersistentArray\SADatabase\CPAUnitTest\bin\Debug\CPAUnitTest.dll" adapterTypeName="Microsoft.VisualStudio.TestTools.TestTypes.Unit.UnitTestAdapter, Microsoft.VisualStudio.QualityTools.Tips.UnitTest.Adapter, Version=10.0.0.0, Culture=neutral, PublicKeyToken=b03f5f7f11d50a3a" className="CPAUnitTest.CachedIArrayTest, CPAUnitTest" name="CloseTest" />
    </UnitTest>
    <UnitTest name="NodeCtorTest" storage="c:\users\gwatson\desktop\sa\persistentarray\sadatabase\cpaunittest\bin\debug\cpaunittest.dll" id="b1c5d96c-054d-4348-7a86-0ce106021a41">
      <Execution id="80d0b33b-7bbb-4707-802b-b5b3c95b01c2" />
      <TestMethod codeBase="C:\Users\gwatson\Desktop\SA\PersistentArray\SADatabase\CPAUnitTest\bin\Debug\CPAUnitTest.dll" adapterTypeName="Microsoft.VisualStudio.TestTools.TestTypes.Unit.UnitTestAdapter, Microsoft.VisualStudio.QualityTools.Tips.UnitTest.Adapter, Version=10.0.0.0, Culture=neutral, PublicKeyToken=b03f5f7f11d50a3a" className="CPAUnitTest.NodeTest, CPAUnitTest" name="NodeCtorTest" />
    </UnitTest>
    <UnitTest name="Append2Test" storage="c:\users\gwatson\desktop\sa\persistentarray\sadatabase\bytehelperunittest\bin\debug\bytehelperunittest.dll" id="9042f580-80d7-070e-6671-c783c7157c04">
      <Execution id="b17d5063-d1ed-46b3-8d73-fd9d42699355" />
      <TestMethod codeBase="C:\Users\gwatson\Desktop\SA\PersistentArray\SADatabase\ByteHelperUnitTest\bin\Debug\ByteHelperUnitTest.dll" adapterTypeName="Microsoft.VisualStudio.TestTools.TestTypes.Unit.UnitTestAdapter, Microsoft.VisualStudio.QualityTools.Tips.UnitTest.Adapter, Version=10.0.0.0, Culture=neutral, PublicKeyToken=b03f5f7f11d50a3a" className="ByteHelperUnitTest.HelperTest, ByteHelperUnitTest" name="Append2Test" />
    </UnitTest>
    <UnitTest name="SeekTest" storage="c:\users\gwatson\desktop\sa\persistentarray\sadatabase\persistenceunittest\bin\debug\persistenceunittest.dll" id="610385d3-c2b5-eeb9-1ed4-86ca6ad846de">
      <Execution id="1b544cd7-7aab-49ef-8816-7efe072e4a34" />
      <TestMethod codeBase="C:\Users\gwatson\Desktop\SA\PersistentArray\SADatabase\PersistenceUnitTest\bin\Debug\PersistenceUnitTest.dll" adapterTypeName="Microsoft.VisualStudio.TestTools.TestTypes.Unit.UnitTestAdapter, Microsoft.VisualStudio.QualityTools.Tips.UnitTest.Adapter, Version=10.0.0.0, Culture=neutral, PublicKeyToken=b03f5f7f11d50a3a" className="PersistenceUnitTest.RandomAccessFileTest, PersistenceUnitTest" name="SeekTest" />
    </UnitTest>
    <UnitTest name="AssertNotBadNodeIndexTest" storage="c:\users\gwatson\desktop\sa\persistentarray\sadatabase\pllunittest\bin\debug\pllunittest.dll" id="63cc42b4-1dc6-41a3-f417-45c71de20956">
      <Execution id="7c48e855-ce12-4059-9dc2-81bfedb67b70" />
      <TestMethod codeBase="C:\Users\gwatson\Desktop\SA\PersistentArray\SADatabase\PLLUnitTest\bin\Debug\PLLUnitTest.dll" adapterTypeName="Microsoft.VisualStudio.TestTools.TestTypes.Unit.UnitTestAdapter, Microsoft.VisualStudio.QualityTools.Tips.UnitTest.Adapter, Version=10.0.0.0, Culture=neutral, PublicKeyToken=b03f5f7f11d50a3a" className="PLLUnitTest.PersistentLinkedListTest, PLLUnitTest" name="AssertNotBadNodeIndexTest" />
    </UnitTest>
    <UnitTest name="UserHeaderConstructorTest" storage="c:\users\gwatson\desktop\sa\persistentarray\sadatabase\filepersistenceunittest\bin\debug\filepersistenceunittest.dll" id="a9ffaa5b-f9ae-7924-38fd-a4efa57e9554">
      <Execution id="068347d2-225f-4871-b036-048b9e0c8eb2" />
      <TestMethod codeBase="C:\Users\gwatson\Desktop\SA\PersistentArray\SADatabase\FilePersistenceUnitTest\bin\Debug\FilePersistenceUnitTest.dll" adapterTypeName="Microsoft.VisualStudio.TestTools.TestTypes.Unit.UnitTestAdapter, Microsoft.VisualStudio.QualityTools.Tips.UnitTest.Adapter, Version=10.0.0.0, Culture=neutral, PublicKeyToken=b03f5f7f11d50a3a" className="FilePersistenceUnitTest.UserHeaderTest, FilePersistenceUnitTest" name="UserHeaderConstructorTest" />
    </UnitTest>
    <UnitTest name="GetNextTest" storage="c:\users\gwatson\desktop\sa\persistentarray\sadatabase\pllunittest\bin\debug\pllunittest.dll" id="ffe04048-3d0c-a00a-f497-66ad2a87b507">
      <Execution id="abd812dd-01de-4fa3-b477-5a6bbd588f43" />
      <TestMethod codeBase="C:\Users\gwatson\Desktop\SA\PersistentArray\SADatabase\PLLUnitTest\bin\Debug\PLLUnitTest.dll" adapterTypeName="Microsoft.VisualStudio.TestTools.TestTypes.Unit.UnitTestAdapter, Microsoft.VisualStudio.QualityTools.Tips.UnitTest.Adapter, Version=10.0.0.0, Culture=neutral, PublicKeyToken=b03f5f7f11d50a3a" className="PLLUnitTest.PersistentLinkedListTest, PLLUnitTest" name="GetNextTest" />
    </UnitTest>
    <UnitTest name="DeserializeTest" storage="c:\users\gwatson\desktop\sa\persistentarray\sadatabase\phtunittest\bin\debug\phtunittest.dll" id="5e1a90a3-2d69-9f23-3961-d8b82f54f7e7">
      <Execution id="9b0409e3-bc75-4b81-976f-879662aea4d7" />
      <TestMethod codeBase="C:\Users\gwatson\Desktop\SA\PersistentArray\SADatabase\PHTUnitTest\bin\Debug\PHTUnitTest.dll" adapterTypeName="Microsoft.VisualStudio.TestTools.TestTypes.Unit.UnitTestAdapter, Microsoft.VisualStudio.QualityTools.Tips.UnitTest.Adapter, Version=10.0.0.0, Culture=neutral, PublicKeyToken=b03f5f7f11d50a3a" className="PHTUnitTest.HashTableHeaderTest, PHTUnitTest" name="DeserializeTest" />
    </UnitTest>
    <UnitTest name="Append1Test" storage="c:\users\gwatson\desktop\sa\persistentarray\sadatabase\bytehelperunittest\bin\debug\bytehelperunittest.dll" id="e489bd92-1fdb-dce0-d50f-126dc15b0598">
      <Execution id="5c8f20c3-83ac-4206-9f9e-6d6ccc70d883" />
      <TestMethod codeBase="C:\Users\gwatson\Desktop\SA\PersistentArray\SADatabase\ByteHelperUnitTest\bin\Debug\ByteHelperUnitTest.dll" adapterTypeName="Microsoft.VisualStudio.TestTools.TestTypes.Unit.UnitTestAdapter, Microsoft.VisualStudio.QualityTools.Tips.UnitTest.Adapter, Version=10.0.0.0, Culture=neutral, PublicKeyToken=b03f5f7f11d50a3a" className="ByteHelperUnitTest.HelperTest, ByteHelperUnitTest" name="Append1Test" />
    </UnitTest>
    <UnitTest name="GetNextIndexTest" storage="c:\users\gwatson\desktop\sa\persistentarray\sadatabase\persistentarrayunittest\bin\debug\paunittest.dll" id="07414e15-0007-4d7b-15c6-ec13fc17ad8b">
      <Execution id="667c9598-28f5-46b6-ac22-2ab6255db1d7" />
      <TestMethod codeBase="C:\Users\gwatson\Desktop\SA\PersistentArray\SADatabase\PersistentArrayUnitTest\bin\Debug\PAUnitTest.dll" adapterTypeName="Microsoft.VisualStudio.TestTools.TestTypes.Unit.UnitTestAdapter, Microsoft.VisualStudio.QualityTools.Tips.UnitTest.Adapter, Version=10.0.0.0, Culture=neutral, PublicKeyToken=b03f5f7f11d50a3a" className="PAUnitTest.IPersistentArrayTest, PAUnitTest" name="GetNextIndexTest" />
    </UnitTest>
    <UnitTest name="SizeInBytesTest" storage="c:\users\gwatson\desktop\sa\persistentarray\sadatabase\phmunittest\bin\debug\phmunittest.dll" id="282879a0-7b32-ff9a-e44c-1a4579417208">
      <Execution id="d02f0f9f-ebe7-449f-821a-a10d148b71ee" />
      <TestMethod codeBase="C:\Users\gwatson\Desktop\SA\PersistentArray\SADatabase\PHMUnitTest\bin\Debug\PHMUnitTest.dll" adapterTypeName="Microsoft.VisualStudio.TestTools.TestTypes.Unit.UnitTestAdapter, Microsoft.VisualStudio.QualityTools.Tips.UnitTest.Adapter, Version=10.0.0.0, Culture=neutral, PublicKeyToken=b03f5f7f11d50a3a" className="PHMUnitTest.PersistentHeapSpaceTest, PHMUnitTest" name="SizeInBytesTest" />
    </UnitTest>
    <UnitTest name="CreateTest" storage="c:\users\gwatson\desktop\sa\persistentarray\sadatabase\pllunittest\bin\debug\pllunittest.dll" id="fd2220b2-26eb-6999-62ad-4cbb765b850c">
      <Execution id="1252908f-c376-44d5-8f5f-e48281569c88" />
      <TestMethod codeBase="C:\Users\gwatson\Desktop\SA\PersistentArray\SADatabase\PLLUnitTest\bin\Debug\PLLUnitTest.dll" adapterTypeName="Microsoft.VisualStudio.TestTools.TestTypes.Unit.UnitTestAdapter, Microsoft.VisualStudio.QualityTools.Tips.UnitTest.Adapter, Version=10.0.0.0, Culture=neutral, PublicKeyToken=b03f5f7f11d50a3a" className="PLLUnitTest.PersistentLinkedListTest, PLLUnitTest" name="CreateTest" />
    </UnitTest>
    <UnitTest name="InsertThrowsTest" storage="c:\users\gwatson\desktop\sa\persistentarray\sadatabase\pllunittest\bin\debug\pllunittest.dll" id="7256c121-b7a1-76a6-3a43-87fec1af02da">
      <Execution id="797aeb46-8ec9-4f54-992c-4528b55e4234" />
      <TestMethod codeBase="C:\Users\gwatson\Desktop\SA\PersistentArray\SADatabase\PLLUnitTest\bin\Debug\PLLUnitTest.dll" adapterTypeName="Microsoft.VisualStudio.TestTools.TestTypes.Unit.UnitTestAdapter, Microsoft.VisualStudio.QualityTools.Tips.UnitTest.Adapter, Version=10.0.0.0, Culture=neutral, PublicKeyToken=b03f5f7f11d50a3a" className="PLLUnitTest.PersistentLinkedListTest, PLLUnitTest" name="InsertThrowsTest" />
    </UnitTest>
    <UnitTest name="CreateCtorTest" storage="c:\users\gwatson\desktop\sa\persistentarray\sadatabase\cpaunittest\bin\debug\cpaunittest.dll" id="414c1d58-8de9-a775-6ff6-4a9efb4178ab">
      <Execution id="79c9accd-93be-40f4-80bc-e4a2be69c613" />
      <TestMethod codeBase="C:\Users\gwatson\Desktop\SA\PersistentArray\SADatabase\CPAUnitTest\bin\Debug\CPAUnitTest.dll" adapterTypeName="Microsoft.VisualStudio.TestTools.TestTypes.Unit.UnitTestAdapter, Microsoft.VisualStudio.QualityTools.Tips.UnitTest.Adapter, Version=10.0.0.0, Culture=neutral, PublicKeyToken=b03f5f7f11d50a3a" className="CPAUnitTest.CachedIArrayTest, CPAUnitTest" name="CreateCtorTest" />
    </UnitTest>
    <UnitTest name="CtorCreateTest" storage="c:\users\gwatson\desktop\sa\persistentarray\sadatabase\phmunittest\bin\debug\phmunittest.dll" id="c1c24e9f-1ef1-eaa1-585b-5748c70dad65">
      <Execution id="51482aaa-b36c-44e5-bf3f-9b99cbebd802" />
      <TestMethod codeBase="C:\Users\gwatson\Desktop\SA\PersistentArray\SADatabase\PHMUnitTest\bin\Debug\PHMUnitTest.dll" adapterTypeName="Microsoft.VisualStudio.TestTools.TestTypes.Unit.UnitTestAdapter, Microsoft.VisualStudio.QualityTools.Tips.UnitTest.Adapter, Version=10.0.0.0, Culture=neutral, PublicKeyToken=b03f5f7f11d50a3a" className="PHMUnitTest.PersistentHeapTest, PHMUnitTest" name="CtorCreateTest" />
    </UnitTest>
    <UnitTest name="GetUserHeaderTest" storage="c:\users\gwatson\desktop\sa\persistentarray\sadatabase\pafsunittest\bin\debug\pafsunittest.dll" id="5e51bd1e-dd26-d7ed-b6ba-6a8f01ee0f1b">
      <Execution id="7adc6cb0-5e1c-4788-93ee-1bd2ddc0bcee" />
      <TestMethod codeBase="C:\Users\gwatson\Desktop\SA\PersistentArray\SADatabase\PAFSUnitTest\bin\Debug\PAFSUnitTest.dll" adapterTypeName="Microsoft.VisualStudio.TestTools.TestTypes.Unit.UnitTestAdapter, Microsoft.VisualStudio.QualityTools.Tips.UnitTest.Adapter, Version=10.0.0.0, Culture=neutral, PublicKeyToken=b03f5f7f11d50a3a" className="PAFSUnitTest.IPersistentArraySpaceManagerTest, PAFSUnitTest" name="GetUserHeaderTest" />
    </UnitTest>
    <UnitTest name="LRUElementCacheCtorTest" storage="c:\users\gwatson\desktop\sa\persistentarray\sadatabase\cpaunittest\bin\debug\cpaunittest.dll" id="818a96ef-af23-e852-2659-31e5781f9e2c">
      <Execution id="2acebd9c-ed1b-4bc4-9986-6da2de87bf63" />
      <TestMethod codeBase="C:\Users\gwatson\Desktop\SA\PersistentArray\SADatabase\CPAUnitTest\bin\Debug\CPAUnitTest.dll" adapterTypeName="Microsoft.VisualStudio.TestTools.TestTypes.Unit.UnitTestAdapter, Microsoft.VisualStudio.QualityTools.Tips.UnitTest.Adapter, Version=10.0.0.0, Culture=neutral, PublicKeyToken=b03f5f7f11d50a3a" className="CPAUnitTest.LRUElementCacheTest, CPAUnitTest" name="LRUElementCacheCtorTest" />
    </UnitTest>
    <UnitTest name="CtorTest" storage="c:\users\gwatson\desktop\sa\persistentarray\sadatabase\phmunittest\bin\debug\phmunittest.dll" id="dc59e212-85a1-3e76-d4aa-2b0731bd07f1">
      <Execution id="cdb2804e-66d4-4397-84e2-786133a21a78" />
      <TestMethod codeBase="C:\Users\gwatson\Desktop\SA\PersistentArray\SADatabase\PHMUnitTest\bin\Debug\PHMUnitTest.dll" adapterTypeName="Microsoft.VisualStudio.TestTools.TestTypes.Unit.UnitTestAdapter, Microsoft.VisualStudio.QualityTools.Tips.UnitTest.Adapter, Version=10.0.0.0, Culture=neutral, PublicKeyToken=b03f5f7f11d50a3a" className="PHMUnitTest.PersistentHeapFreeSpaceTest, PHMUnitTest" name="CtorTest" />
    </UnitTest>
    <UnitTest name="GetTest" storage="c:\users\gwatson\desktop\sa\persistentarray\sadatabase\cpaunittest\bin\debug\cpaunittest.dll" id="4aeb4eda-2347-4daf-0915-85bd224c5d85">
      <Execution id="a0a77293-52ec-4b5e-94e9-87bdff4529e3" />
      <TestMethod codeBase="C:\Users\gwatson\Desktop\SA\PersistentArray\SADatabase\CPAUnitTest\bin\Debug\CPAUnitTest.dll" adapterTypeName="Microsoft.VisualStudio.TestTools.TestTypes.Unit.UnitTestAdapter, Microsoft.VisualStudio.QualityTools.Tips.UnitTest.Adapter, Version=10.0.0.0, Culture=neutral, PublicKeyToken=b03f5f7f11d50a3a" className="CPAUnitTest.CachedIArrayTest, CPAUnitTest" name="GetTest" />
    </UnitTest>
    <UnitTest name="CtorTest" storage="c:\users\gwatson\desktop\sa\persistentarray\sadatabase\phtunittest\bin\debug\phtunittest.dll" id="2ecace38-de69-65fe-78ba-795f763f7921">
      <Execution id="130b5d1a-ddd8-43a5-9f52-07ce5a964253" />
      <TestMethod codeBase="C:\Users\gwatson\Desktop\SA\PersistentArray\SADatabase\PHTUnitTest\bin\Debug\PHTUnitTest.dll" adapterTypeName="Microsoft.VisualStudio.TestTools.TestTypes.Unit.UnitTestAdapter, Microsoft.VisualStudio.QualityTools.Tips.UnitTest.Adapter, Version=10.0.0.0, Culture=neutral, PublicKeyToken=b03f5f7f11d50a3a" className="PHTUnitTest.PersistentHashTableTest, PHTUnitTest" name="CtorTest" />
    </UnitTest>
    <UnitTest name="WriteToStorageTest" storage="c:\users\gwatson\desktop\sa\persistentarray\sadatabase\filepersistenceunittest\bin\debug\filepersistenceunittest.dll" id="2053caf7-0cee-71a7-c0a3-31f51653539e">
      <Execution id="c7f17707-0045-4594-a3d5-0f14f6820d5c" />
      <TestMethod codeBase="C:\Users\gwatson\Desktop\SA\PersistentArray\SADatabase\FilePersistenceUnitTest\bin\Debug\FilePersistenceUnitTest.dll" adapterTypeName="Microsoft.VisualStudio.TestTools.TestTypes.Unit.UnitTestAdapter, Microsoft.VisualStudio.QualityTools.Tips.UnitTest.Adapter, Version=10.0.0.0, Culture=neutral, PublicKeyToken=b03f5f7f11d50a3a" className="FilePersistenceUnitTest.UserHeaderTest, FilePersistenceUnitTest" name="WriteToStorageTest" />
    </UnitTest>
    <UnitTest name="PutGetUserHeaderTest" storage="c:\users\gwatson\desktop\sa\persistentarray\sadatabase\cpaunittest\bin\debug\cpaunittest.dll" id="7ad6c21f-feaf-20c3-6794-ee2d02f21a1c">
      <Execution id="54df9cbf-74d0-4605-a26a-aa7841ee27a5" />
      <TestMethod codeBase="C:\Users\gwatson\Desktop\SA\PersistentArray\SADatabase\CPAUnitTest\bin\Debug\CPAUnitTest.dll" adapterTypeName="Microsoft.VisualStudio.TestTools.TestTypes.Unit.UnitTestAdapter, Microsoft.VisualStudio.QualityTools.Tips.UnitTest.Adapter, Version=10.0.0.0, Culture=neutral, PublicKeyToken=b03f5f7f11d50a3a" className="CPAUnitTest.CachedIArrayTest, CPAUnitTest" name="PutGetUserHeaderTest" />
    </UnitTest>
    <UnitTest name="InsertLinksCorrectlyTest" storage="c:\users\gwatson\desktop\sa\persistentarray\sadatabase\pllunittest\bin\debug\pllunittest.dll" id="f0820a20-bffa-aca4-73b6-cb5b10486dcd">
      <Execution id="e9cc712e-babb-4099-b815-7aac426185b3" />
      <TestMethod codeBase="C:\Users\gwatson\Desktop\SA\PersistentArray\SADatabase\PLLUnitTest\bin\Debug\PLLUnitTest.dll" adapterTypeName="Microsoft.VisualStudio.TestTools.TestTypes.Unit.UnitTestAdapter, Microsoft.VisualStudio.QualityTools.Tips.UnitTest.Adapter, Version=10.0.0.0, Culture=neutral, PublicKeyToken=b03f5f7f11d50a3a" className="PLLUnitTest.PersistentLinkedListTest, PLLUnitTest" name="InsertLinksCorrectlyTest" />
    </UnitTest>
    <UnitTest name="GetTest" storage="c:\users\gwatson\desktop\sa\persistentarray\sadatabase\cpaunittest\bin\debug\cpaunittest.dll" id="386c50f6-2d09-529c-8336-cdd485ffb439">
      <Execution id="1b321d0b-e78a-468a-be19-d0728570a10c" />
      <TestMethod codeBase="C:\Users\gwatson\Desktop\SA\PersistentArray\SADatabase\CPAUnitTest\bin\Debug\CPAUnitTest.dll" adapterTypeName="Microsoft.VisualStudio.TestTools.TestTypes.Unit.UnitTestAdapter, Microsoft.VisualStudio.QualityTools.Tips.UnitTest.Adapter, Version=10.0.0.0, Culture=neutral, PublicKeyToken=b03f5f7f11d50a3a" className="CPAUnitTest.LRUElementCacheTest, CPAUnitTest" name="GetTest" />
    </UnitTest>
    <UnitTest name="SerializeTest" storage="c:\users\gwatson\desktop\sa\persistentarray\sadatabase\pafsunittest\bin\debug\pafsunittest.dll" id="dcd55a77-217b-2a2a-b734-243925f84d45">
      <Execution id="f33b2065-9603-4f4a-8d07-b78b05fefc3b" />
      <TestMethod codeBase="C:\Users\gwatson\Desktop\SA\PersistentArray\SADatabase\PAFSUnitTest\bin\Debug\PAFSUnitTest.dll" adapterTypeName="Microsoft.VisualStudio.TestTools.TestTypes.Unit.UnitTestAdapter, Microsoft.VisualStudio.QualityTools.Tips.UnitTest.Adapter, Version=10.0.0.0, Culture=neutral, PublicKeyToken=b03f5f7f11d50a3a" className="PAFSUnitTest.PAFSHeaderTest, PAFSUnitTest" name="SerializeTest" />
    </UnitTest>
    <UnitTest name="ReadByteTest" storage="c:\users\gwatson\desktop\sa\persistentarray\sadatabase\persistenceunittest\bin\debug\persistenceunittest.dll" id="15eee5ec-03b7-2b3f-62ff-f766c0f78875">
      <Execution id="77fbd9fc-713d-4bcc-bc8c-211f0599511a" />
      <TestMethod codeBase="C:\Users\gwatson\Desktop\SA\PersistentArray\SADatabase\PersistenceUnitTest\bin\Debug\PersistenceUnitTest.dll" adapterTypeName="Microsoft.VisualStudio.TestTools.TestTypes.Unit.UnitTestAdapter, Microsoft.VisualStudio.QualityTools.Tips.UnitTest.Adapter, Version=10.0.0.0, Culture=neutral, PublicKeyToken=b03f5f7f11d50a3a" className="PersistenceUnitTest.RandomAccessFileTest, PersistenceUnitTest" name="ReadByteTest" />
    </UnitTest>
    <UnitTest name="GetNextIndexTest" storage="c:\users\gwatson\desktop\sa\persistentarray\sadatabase\filepersistenceunittest\bin\debug\filepersistenceunittest.dll" id="44b2bd84-c18b-ffc2-bf52-0bd4506adf9f">
      <Execution id="5db69246-811c-408f-a43d-22ea409fa22d" />
      <TestMethod codeBase="C:\Users\gwatson\Desktop\SA\PersistentArray\SADatabase\FilePersistenceUnitTest\bin\Debug\FilePersistenceUnitTest.dll" adapterTypeName="Microsoft.VisualStudio.TestTools.TestTypes.Unit.UnitTestAdapter, Microsoft.VisualStudio.QualityTools.Tips.UnitTest.Adapter, Version=10.0.0.0, Culture=neutral, PublicKeyToken=b03f5f7f11d50a3a" className="FilePersistenceUnitTest.FileWithHeaderTest, FilePersistenceUnitTest" name="GetNextIndexTest" />
    </UnitTest>
    <UnitTest name="ElementCtorTest" storage="c:\users\gwatson\desktop\sa\persistentarray\sadatabase\persistentarrayunittest\bin\debug\paunittest.dll" id="d7a29e06-03fa-67e4-6f87-44c551f8b54e">
      <Execution id="748776b1-17c3-40d5-9e60-440d29355336" />
      <TestMethod codeBase="C:\Users\gwatson\Desktop\SA\PersistentArray\SADatabase\PersistentArrayUnitTest\bin\Debug\PAUnitTest.dll" adapterTypeName="Microsoft.VisualStudio.TestTools.TestTypes.Unit.UnitTestAdapter, Microsoft.VisualStudio.QualityTools.Tips.UnitTest.Adapter, Version=10.0.0.0, Culture=neutral, PublicKeyToken=b03f5f7f11d50a3a" className="PAUnitTest.ElementTest, PAUnitTest" name="ElementCtorTest" />
    </UnitTest>
    <UnitTest name="PutGetUserHeaderTest" storage="c:\users\gwatson\desktop\sa\persistentarray\sadatabase\phtunittest\bin\debug\phtunittest.dll" id="eba5dc6e-9bfa-ee02-4059-95270e8b548f">
      <Execution id="fa45fa14-e34f-494b-adf5-07cb6fda066d" />
      <TestMethod codeBase="C:\Users\gwatson\Desktop\SA\PersistentArray\SADatabase\PHTUnitTest\bin\Debug\PHTUnitTest.dll" adapterTypeName="Microsoft.VisualStudio.TestTools.TestTypes.Unit.UnitTestAdapter, Microsoft.VisualStudio.QualityTools.Tips.UnitTest.Adapter, Version=10.0.0.0, Culture=neutral, PublicKeyToken=b03f5f7f11d50a3a" className="PHTUnitTest.PersistentHashTableTest, PHTUnitTest" name="PutGetUserHeaderTest" />
    </UnitTest>
    <UnitTest name="SerializeTest" storage="c:\users\gwatson\desktop\sa\persistentarray\sadatabase\phtunittest\bin\debug\phtunittest.dll" id="ff3263d9-8c70-f60e-d721-c5d537b9f312">
      <Execution id="7313a31f-2751-4cee-94e1-191588a087cc" />
      <TestMethod codeBase="C:\Users\gwatson\Desktop\SA\PersistentArray\SADatabase\PHTUnitTest\bin\Debug\PHTUnitTest.dll" adapterTypeName="Microsoft.VisualStudio.TestTools.TestTypes.Unit.UnitTestAdapter, Microsoft.VisualStudio.QualityTools.Tips.UnitTest.Adapter, Version=10.0.0.0, Culture=neutral, PublicKeyToken=b03f5f7f11d50a3a" className="PHTUnitTest.HashTableElementTest, PHTUnitTest" name="SerializeTest" />
    </UnitTest>
    <UnitTest name="ReadByteArrayTest" storage="c:\users\gwatson\desktop\sa\persistentarray\sadatabase\persistenceunittest\bin\debug\persistenceunittest.dll" id="965a56bb-5e93-1f41-fa3a-18161c642244">
      <Execution id="25201bab-ba1d-48fd-a629-c8b92e432c6f" />
      <TestMethod codeBase="C:\Users\gwatson\Desktop\SA\PersistentArray\SADatabase\PersistenceUnitTest\bin\Debug\PersistenceUnitTest.dll" adapterTypeName="Microsoft.VisualStudio.TestTools.TestTypes.Unit.UnitTestAdapter, Microsoft.VisualStudio.QualityTools.Tips.UnitTest.Adapter, Version=10.0.0.0, Culture=neutral, PublicKeyToken=b03f5f7f11d50a3a" className="PersistenceUnitTest.RandomAccessFileTest, PersistenceUnitTest" name="ReadByteArrayTest" />
    </UnitTest>
    <UnitTest name="SerializeTest" storage="c:\users\gwatson\desktop\sa\persistentarray\sadatabase\phmunittest\bin\debug\phmunittest.dll" id="f173e7fc-49c9-6230-eca2-9afec5f70750">
      <Execution id="efe17f3d-245a-45ed-94ed-00cdc3696a1a" />
      <TestMethod codeBase="C:\Users\gwatson\Desktop\SA\PersistentArray\SADatabase\PHMUnitTest\bin\Debug\PHMUnitTest.dll" adapterTypeName="Microsoft.VisualStudio.TestTools.TestTypes.Unit.UnitTestAdapter, Microsoft.VisualStudio.QualityTools.Tips.UnitTest.Adapter, Version=10.0.0.0, Culture=neutral, PublicKeyToken=b03f5f7f11d50a3a" className="PHMUnitTest.PersistentHeapHeaderTest, PHMUnitTest" name="SerializeTest" />
    </UnitTest>
    <UnitTest name="FreeAddSpaceToEndOfFreeListTest" storage="c:\users\gwatson\desktop\sa\persistentarray\sadatabase\phmunittest\bin\debug\phmunittest.dll" id="9d918454-2feb-95e0-4026-22b2c4e3a005">
      <Execution id="82b774c9-ebcf-48cb-9ff0-d4bfc7a119f2" />
      <TestMethod codeBase="C:\Users\gwatson\Desktop\SA\PersistentArray\SADatabase\PHMUnitTest\bin\Debug\PHMUnitTest.dll" adapterTypeName="Microsoft.VisualStudio.TestTools.TestTypes.Unit.UnitTestAdapter, Microsoft.VisualStudio.QualityTools.Tips.UnitTest.Adapter, Version=10.0.0.0, Culture=neutral, PublicKeyToken=b03f5f7f11d50a3a" className="PHMUnitTest.PersistentHeapTest, PHMUnitTest" name="FreeAddSpaceToEndOfFreeListTest" />
    </UnitTest>
    <UnitTest name="PutGetUserHeaderTest" storage="c:\users\gwatson\desktop\sa\persistentarray\sadatabase\phmunittest\bin\debug\phmunittest.dll" id="94000a80-807f-643f-04b5-3a8c67520adc">
      <Execution id="460626be-fafb-4c15-b925-3f3fed255faf" />
      <TestMethod codeBase="C:\Users\gwatson\Desktop\SA\PersistentArray\SADatabase\PHMUnitTest\bin\Debug\PHMUnitTest.dll" adapterTypeName="Microsoft.VisualStudio.TestTools.TestTypes.Unit.UnitTestAdapter, Microsoft.VisualStudio.QualityTools.Tips.UnitTest.Adapter, Version=10.0.0.0, Culture=neutral, PublicKeyToken=b03f5f7f11d50a3a" className="PHMUnitTest.PersistentHeapTest, PHMUnitTest" name="PutGetUserHeaderTest" />
    </UnitTest>
    <UnitTest name="FreeMiddleSpaceTest" storage="c:\users\gwatson\desktop\sa\persistentarray\sadatabase\phmunittest\bin\debug\phmunittest.dll" id="07fd6071-5ad6-8ae1-19db-6f86b098fff4">
      <Execution id="fa016b86-049d-46e2-8fc1-2699a5cf7873" />
      <TestMethod codeBase="C:\Users\gwatson\Desktop\SA\PersistentArray\SADatabase\PHMUnitTest\bin\Debug\PHMUnitTest.dll" adapterTypeName="Microsoft.VisualStudio.TestTools.TestTypes.Unit.UnitTestAdapter, Microsoft.VisualStudio.QualityTools.Tips.UnitTest.Adapter, Version=10.0.0.0, Culture=neutral, PublicKeyToken=b03f5f7f11d50a3a" className="PHMUnitTest.PersistentHeapTest, PHMUnitTest" name="FreeMiddleSpaceTest" />
    </UnitTest>
    <UnitTest name="ReopenTest" storage="c:\users\gwatson\desktop\sa\persistentarray\sadatabase\phtunittest\bin\debug\phtunittest.dll" id="bfe87bac-e9fc-a821-d953-1eb8c9641d62">
      <Execution id="5f46078b-a6ee-4b97-aa6f-80b84d3c7928" />
      <TestMethod codeBase="C:\Users\gwatson\Desktop\SA\PersistentArray\SADatabase\PHTUnitTest\bin\Debug\PHTUnitTest.dll" adapterTypeName="Microsoft.VisualStudio.TestTools.TestTypes.Unit.UnitTestAdapter, Microsoft.VisualStudio.QualityTools.Tips.UnitTest.Adapter, Version=10.0.0.0, Culture=neutral, PublicKeyToken=b03f5f7f11d50a3a" className="PHTUnitTest.PersistentHashTableTest, PHTUnitTest" name="ReopenTest" />
    </UnitTest>
    <UnitTest name="WriteReadStorageTest" storage="c:\users\gwatson\desktop\sa\persistentarray\sadatabase\persistentarrayunittest\bin\debug\paunittest.dll" id="402330e1-95b7-447a-93a7-af95d05ae424">
      <Execution id="ee9511cf-af5a-449c-916f-ffaf400d7a3c" />
      <TestMethod codeBase="C:\Users\gwatson\Desktop\SA\PersistentArray\SADatabase\PersistentArrayUnitTest\bin\Debug\PAUnitTest.dll" adapterTypeName="Microsoft.VisualStudio.TestTools.TestTypes.Unit.UnitTestAdapter, Microsoft.VisualStudio.QualityTools.Tips.UnitTest.Adapter, Version=10.0.0.0, Culture=neutral, PublicKeyToken=b03f5f7f11d50a3a" className="PAUnitTest.ElementTest, PAUnitTest" name="WriteReadStorageTest" />
    </UnitTest>
    <UnitTest name="InsertTest" storage="c:\users\gwatson\desktop\sa\persistentarray\sadatabase\cpaunittest\bin\debug\cpaunittest.dll" id="affe1ef8-a55d-611e-f219-a825233a32ae">
      <Execution id="3af7273b-12c4-48ca-bad5-35eb33ad25cf" />
      <TestMethod codeBase="C:\Users\gwatson\Desktop\SA\PersistentArray\SADatabase\CPAUnitTest\bin\Debug\CPAUnitTest.dll" adapterTypeName="Microsoft.VisualStudio.TestTools.TestTypes.Unit.UnitTestAdapter, Microsoft.VisualStudio.QualityTools.Tips.UnitTest.Adapter, Version=10.0.0.0, Culture=neutral, PublicKeyToken=b03f5f7f11d50a3a" className="CPAUnitTest.LRUDoubleLinkedListTest, CPAUnitTest" name="InsertTest" />
    </UnitTest>
    <UnitTest name="FreeLastSpaceTest" storage="c:\users\gwatson\desktop\sa\persistentarray\sadatabase\phmunittest\bin\debug\phmunittest.dll" id="d87c9634-3232-495c-abe1-766a051a0ec6">
      <Execution id="e0d8301b-66ab-4761-8306-b96306b37052" />
      <TestMethod codeBase="C:\Users\gwatson\Desktop\SA\PersistentArray\SADatabase\PHMUnitTest\bin\Debug\PHMUnitTest.dll" adapterTypeName="Microsoft.VisualStudio.TestTools.TestTypes.Unit.UnitTestAdapter, Microsoft.VisualStudio.QualityTools.Tips.UnitTest.Adapter, Version=10.0.0.0, Culture=neutral, PublicKeyToken=b03f5f7f11d50a3a" className="PHMUnitTest.PersistentHeapTest, PHMUnitTest" name="FreeLastSpaceTest" />
    </UnitTest>
    <UnitTest name="DeserializeTest" storage="c:\users\gwatson\desktop\sa\persistentarray\sadatabase\pafsunittest\bin\debug\pafsunittest.dll" id="082e8e55-223e-051e-386f-e304fa6d81fc">
      <Execution id="8733dc12-e18f-4d93-adb3-6ec09b8fdf14" />
      <TestMethod codeBase="C:\Users\gwatson\Desktop\SA\PersistentArray\SADatabase\PAFSUnitTest\bin\Debug\PAFSUnitTest.dll" adapterTypeName="Microsoft.VisualStudio.TestTools.TestTypes.Unit.UnitTestAdapter, Microsoft.VisualStudio.QualityTools.Tips.UnitTest.Adapter, Version=10.0.0.0, Culture=neutral, PublicKeyToken=b03f5f7f11d50a3a" className="PAFSUnitTest.PAFSHeaderTest, PAFSUnitTest" name="DeserializeTest" />
    </UnitTest>
    <UnitTest name="GetPutUserHeaderTest" storage="c:\users\gwatson\desktop\sa\persistentarray\sadatabase\persistentarrayunittest\bin\debug\paunittest.dll" id="d7cc34f6-78d2-eecf-5b9f-ab76bb86da71">
      <Execution id="3c4d62d5-7ea9-4921-b149-a0dbf49ba110" />
      <TestMethod codeBase="C:\Users\gwatson\Desktop\SA\PersistentArray\SADatabase\PersistentArrayUnitTest\bin\Debug\PAUnitTest.dll" adapterTypeName="Microsoft.VisualStudio.TestTools.TestTypes.Unit.UnitTestAdapter, Microsoft.VisualStudio.QualityTools.Tips.UnitTest.Adapter, Version=10.0.0.0, Culture=neutral, PublicKeyToken=b03f5f7f11d50a3a" className="PAUnitTest.IPersistentArrayTest, PAUnitTest" name="GetPutUserHeaderTest" />
    </UnitTest>
    <UnitTest name="CloseTest" storage="c:\users\gwatson\desktop\sa\persistentarray\sadatabase\persistenceunittest\bin\debug\persistenceunittest.dll" id="77c4d4bd-5fbe-4bd1-86c3-f6e38810414b">
      <Execution id="21db3c0c-499d-4cba-b8a9-e9ffe573dfa6" />
      <TestMethod codeBase="C:\Users\gwatson\Desktop\SA\PersistentArray\SADatabase\PersistenceUnitTest\bin\Debug\PersistenceUnitTest.dll" adapterTypeName="Microsoft.VisualStudio.TestTools.TestTypes.Unit.UnitTestAdapter, Microsoft.VisualStudio.QualityTools.Tips.UnitTest.Adapter, Version=10.0.0.0, Culture=neutral, PublicKeyToken=b03f5f7f11d50a3a" className="PersistenceUnitTest.RandomAccessFileTest, PersistenceUnitTest" name="CloseTest" />
    </UnitTest>
    <UnitTest name="LRUDoublyLinkedListCtorTest" storage="c:\users\gwatson\desktop\sa\persistentarray\sadatabase\cpaunittest\bin\debug\cpaunittest.dll" id="ea353cbf-1840-4b47-9557-83373d54727c">
      <Execution id="c0100d3a-dd3f-4f22-bbb6-e54d992d3d10" />
      <TestMethod codeBase="C:\Users\gwatson\Desktop\SA\PersistentArray\SADatabase\CPAUnitTest\bin\Debug\CPAUnitTest.dll" adapterTypeName="Microsoft.VisualStudio.TestTools.TestTypes.Unit.UnitTestAdapter, Microsoft.VisualStudio.QualityTools.Tips.UnitTest.Adapter, Version=10.0.0.0, Culture=neutral, PublicKeyToken=b03f5f7f11d50a3a" className="CPAUnitTest.LRUDoubleLinkedListTest, CPAUnitTest" name="LRUDoublyLinkedListCtorTest" />
    </UnitTest>
    <UnitTest name="FreeAddSpaceToMiddleOfFreeListTest" storage="c:\users\gwatson\desktop\sa\persistentarray\sadatabase\phmunittest\bin\debug\phmunittest.dll" id="39634d81-9688-20c8-d77f-ba195db41378">
      <Execution id="73515066-4893-4e9e-b906-990f8a5ac58b" />
      <TestMethod codeBase="C:\Users\gwatson\Desktop\SA\PersistentArray\SADatabase\PHMUnitTest\bin\Debug\PHMUnitTest.dll" adapterTypeName="Microsoft.VisualStudio.TestTools.TestTypes.Unit.UnitTestAdapter, Microsoft.VisualStudio.QualityTools.Tips.UnitTest.Adapter, Version=10.0.0.0, Culture=neutral, PublicKeyToken=b03f5f7f11d50a3a" className="PHMUnitTest.PersistentHeapTest, PHMUnitTest" name="FreeAddSpaceToMiddleOfFreeListTest" />
    </UnitTest>
    <UnitTest name="AddAfterTest" storage="c:\users\gwatson\desktop\sa\persistentarray\sadatabase\pllunittest\bin\debug\pllunittest.dll" id="0f7dd13b-d69f-2fef-8f8e-80f7ee7968ec">
      <Execution id="6fb6b562-30cf-4b95-92d2-3061cbef16b0" />
      <TestMethod codeBase="C:\Users\gwatson\Desktop\SA\PersistentArray\SADatabase\PLLUnitTest\bin\Debug\PLLUnitTest.dll" adapterTypeName="Microsoft.VisualStudio.TestTools.TestTypes.Unit.UnitTestAdapter, Microsoft.VisualStudio.QualityTools.Tips.UnitTest.Adapter, Version=10.0.0.0, Culture=neutral, PublicKeyToken=b03f5f7f11d50a3a" className="PLLUnitTest.PersistentLinkedListTest, PLLUnitTest" name="AddAfterTest" />
    </UnitTest>
    <UnitTest name="CtorTest" storage="c:\users\gwatson\desktop\sa\persistentarray\sadatabase\phmunittest\bin\debug\phmunittest.dll" id="9c490088-6ee6-56ec-8017-95f63def4429">
      <Execution id="19869c28-423f-493b-b525-05aff82d8c83" />
[...]
    <UnitTestResult executionId="a22505e7-cda6-431c-89d3-389d4fc38510" testId="ac390c29-8921-eb5c-8cbb-15dff0c6c040" testName="MoveToHeadTest" computerName="WATSON1491" testType="13cdc9d9-ddb5-4fa4-a97d-d965ccfc6d4b" outcome="NotExecuted" testListId="8c84fa94-04c1-424b-9868-57a2d4851a1d" relativeResultsDirectory="a22505e7-cda6-431c-89d3-389d4fc38510">
    </UnitTestResult>
    <UnitTestResult executionId="e29d40d1-1b36-4958-adbc-b3aa2af42887" testId="ae4afa1c-c8fc-91b6-80ab-c1099e1a8a46" testName="PutGetTest" computerName="WATSON1491" testType="13cdc9d9-ddb5-4fa4-a97d-d965ccfc6d4b" outcome="NotExecuted" testListId="8c84fa94-04c1-424b-9868-57a2d4851a1d" relativeResultsDirectory="e29d40d1-1b36-4958-adbc-b3aa2af42887">
    </UnitTestResult>
    <UnitTestResult executionId="3af7273b-12c4-48ca-bad5-35eb33ad25cf" testId="affe1ef8-a55d-611e-f219-a825233a32ae" testName="InsertTest" computerName="WATSON1491" testType="13cdc9d9-ddb5-4fa4-a97d-d965ccfc6d4b" outcome="NotExecuted" testListId="8c84fa94-04c1-424b-9868-57a2d4851a1d" relativeResultsDirectory="3af7273b-12c4-48ca-bad5-35eb33ad25cf">
    </UnitTestResult>
    <UnitTestResult executionId="8ab203ef-a101-4119-9fac-36520764860f" testId="b1842f56-d68c-936e-0289-fc1c1f6a341f" testName="WipeIndexTest" computerName="WATSON1491" testType="13cdc9d9-ddb5-4fa4-a97d-d965ccfc6d4b" outcome="NotExecuted" testListId="8c84fa94-04c1-424b-9868-57a2d4851a1d" relativeResultsDirectory="8ab203ef-a101-4119-9fac-36520764860f">
    </UnitTestResult>
    <UnitTestResult executionId="14be93d8-aa28-4608-adf2-db6a109e4ac6" testId="b1852ad4-9275-e058-ea39-b89e2980d650" testName="PutTest" computerName="WATSON1491" testType="13cdc9d9-ddb5-4fa4-a97d-d965ccfc6d4b" outcome="NotExecuted" testListId="8c84fa94-04c1-424b-9868-57a2d4851a1d" relativeResultsDirectory="14be93d8-aa28-4608-adf2-db6a109e4ac6">
    </UnitTestResult>
    <UnitTestResult executionId="80d0b33b-7bbb-4707-802b-b5b3c95b01c2" testId="b1c5d96c-054d-4348-7a86-0ce106021a41" testName="NodeCtorTest" computerName="WATSON1491" testType="13cdc9d9-ddb5-4fa4-a97d-d965ccfc6d4b" outcome="NotExecuted" testListId="8c84fa94-04c1-424b-9868-57a2d4851a1d" relativeResultsDirectory="80d0b33b-7bbb-4707-802b-b5b3c95b01c2">
    </UnitTestResult>
    <UnitTestResult executionId="221012c6-0605-4360-a2e0-ab6a690b322b" testId="b5c4ab9a-0762-76c8-cb39-93c09b1df71e" testName="FreeMergeBothTest" computerName="WATSON1491" testType="13cdc9d9-ddb5-4fa4-a97d-d965ccfc6d4b" outcome="NotExecuted" testListId="8c84fa94-04c1-424b-9868-57a2d4851a1d" relativeResultsDirectory="221012c6-0605-4360-a2e0-ab6a690b322b">
    </UnitTestResult>
    <UnitTestResult executionId="25ed31ba-5d29-438d-a4ff-f8d9a5d0e678" testId="b63109c3-d21b-a6f8-7d7d-88020a21d390" testName="AllocateInARowTest" computerName="WATSON1491" testType="13cdc9d9-ddb5-4fa4-a97d-d965ccfc6d4b" outcome="NotExecuted" testListId="8c84fa94-04c1-424b-9868-57a2d4851a1d" relativeResultsDirectory="25ed31ba-5d29-438d-a4ff-f8d9a5d0e678">
    </UnitTestResult>
    <UnitTestResult executionId="dd648b57-ee5c-40b0-86b5-69a62c35dc0f" testId="b87f554d-216c-d1a2-7ff8-323f1d9d0f4f" testName="CreateTooSmallTest" computerName="WATSON1491" testType="13cdc9d9-ddb5-4fa4-a97d-d965ccfc6d4b" outcome="NotExecuted" testListId="8c84fa94-04c1-424b-9868-57a2d4851a1d" relativeResultsDirectory="dd648b57-ee5c-40b0-86b5-69a62c35dc0f">
    </UnitTestResult>
    <UnitTestResult executionId="42e1aace-75c2-4b4e-a283-43084ff207d6" testId="babca73d-0229-c679-426c-78953c0ec145" testName="AllocateTooSmallSize" computerName="WATSON1491" testType="13cdc9d9-ddb5-4fa4-a97d-d965ccfc6d4b" outcome="NotExecuted" testListId="8c84fa94-04c1-424b-9868-57a2d4851a1d" relativeResultsDirectory="42e1aace-75c2-4b4e-a283-43084ff207d6">
    </UnitTestResult>
    <UnitTestResult executionId="8959bb3b-5ee2-4609-bf99-dfd4475d09c1" testId="bfb74228-802c-ebf9-5059-adacad2817c5" testName="PutGetTest" computerName="WATSON1491" testType="13cdc9d9-ddb5-4fa4-a97d-d965ccfc6d4b" outcome="NotExecuted" testListId="8c84fa94-04c1-424b-9868-57a2d4851a1d" relativeResultsDirectory="8959bb3b-5ee2-4609-bf99-dfd4475d09c1">
    </UnitTestResult>
    <UnitTestResult executionId="5f46078b-a6ee-4b97-aa6f-80b84d3c7928" testId="bfe87bac-e9fc-a821-d953-1eb8c9641d62" testName="ReopenTest" computerName="WATSON1491" testType="13cdc9d9-ddb5-4fa4-a97d-d965ccfc6d4b" outcome="NotExecuted" testListId="8c84fa94-04c1-424b-9868-57a2d4851a1d" relativeResultsDirectory="5f46078b-a6ee-4b97-aa6f-80b84d3c7928">
    </UnitTestResult>
    <UnitTestResult executionId="328ebcae-baac-416e-acd7-66d9124ff62a" testId="c09c2c2c-bf97-afdf-a556-c8b4550bee5f" testName="EqualsBytesTest" computerName="WATSON1491" testType="13cdc9d9-ddb5-4fa4-a97d-d965ccfc6d4b" outcome="NotExecuted" testListId="8c84fa94-04c1-424b-9868-57a2d4851a1d" relativeResultsDirectory="328ebcae-baac-416e-acd7-66d9124ff62a">
    </UnitTestResult>
    <UnitTestResult executionId="06e47d18-be97-443d-b797-a29b60c8a836" testId="c0ed1de9-8e4d-8e00-a4bf-c9b99057cab2" testName="GetUserHeaderSizeTest" computerName="WATSON1491" testType="13cdc9d9-ddb5-4fa4-a97d-d965ccfc6d4b" outcome="NotExecuted" testListId="8c84fa94-04c1-424b-9868-57a2d4851a1d" relativeResultsDirectory="06e47d18-be97-443d-b797-a29b60c8a836">
    </UnitTestResult>
    <UnitTestResult executionId="93b58f8b-442a-45d7-88f1-2ae2879b6b61" testId="c1046ba7-0144-8813-1bc3-01566e1bbcb4" testName="CtorOpenTest" computerName="WATSON1491" testType="13cdc9d9-ddb5-4fa4-a97d-d965ccfc6d4b" outcome="NotExecuted" testListId="8c84fa94-04c1-424b-9868-57a2d4851a1d" relativeResultsDirectory="93b58f8b-442a-45d7-88f1-2ae2879b6b61">
    </UnitTestResult>
    <UnitTestResult executionId="2f118cf9-9afe-4d7f-b54a-5f142a9172da" testId="c11c787c-4fca-cfaa-5d6d-7fdc4065163a" testName="FreeBlockTest" computerName="WATSON1491" testType="13cdc9d9-ddb5-4fa4-a97d-d965ccfc6d4b" outcome="NotExecuted" testListId="8c84fa94-04c1-424b-9868-57a2d4851a1d" relativeResultsDirectory="2f118cf9-9afe-4d7f-b54a-5f142a9172da">
    </UnitTestResult>
    <UnitTestResult executionId="3c2e05fd-34cd-46e9-982a-bd56c881be0f" testId="c198a53f-7d04-439f-1fbd-0b778727bf42" testName="PutGetCollisionsTest" computerName="WATSON1491" testType="13cdc9d9-ddb5-4fa4-a97d-d965ccfc6d4b" outcome="NotExecuted" testListId="8c84fa94-04c1-424b-9868-57a2d4851a1d" relativeResultsDirectory="3c2e05fd-34cd-46e9-982a-bd56c881be0f">
    </UnitTestResult>
    <UnitTestResult executionId="2b819353-9c5b-4146-8f03-486049466081" testId="c1b4ff73-548a-5879-276c-0c28ff414a1c" testName="MergeBeforeTest" computerName="WATSON1491" testType="13cdc9d9-ddb5-4fa4-a97d-d965ccfc6d4b" outcome="NotExecuted" testListId="8c84fa94-04c1-424b-9868-57a2d4851a1d" relativeResultsDirectory="2b819353-9c5b-4146-8f03-486049466081">
    </UnitTestResult>
    <UnitTestResult executionId="51482aaa-b36c-44e5-bf3f-9b99cbebd802" testId="c1c24e9f-1ef1-eaa1-585b-5748c70dad65" testName="CtorCreateTest" computerName="WATSON1491" testType="13cdc9d9-ddb5-4fa4-a97d-d965ccfc6d4b" outcome="NotExecuted" testListId="8c84fa94-04c1-424b-9868-57a2d4851a1d" relativeResultsDirectory="51482aaa-b36c-44e5-bf3f-9b99cbebd802">
    </UnitTestResult>
    <UnitTestResult executionId="df2d8325-d3de-4ead-8c70-e7c6118a4cf7" testId="c34800c1-01aa-78c5-5769-4dd04c7cc3d9" testName="FreeMergeAfterTest" computerName="WATSON1491" testType="13cdc9d9-ddb5-4fa4-a97d-d965ccfc6d4b" outcome="NotExecuted" testListId="8c84fa94-04c1-424b-9868-57a2d4851a1d" relativeResultsDirectory="df2d8325-d3de-4ead-8c70-e7c6118a4cf7">
    </UnitTestResult>
    <UnitTestResult executionId="bbdd15ce-152f-40d6-908d-519639bc0a0b" testId="c3fc885b-06d0-19cb-a8e4-a4fc7aee2170" testName="WriteByteArrayTest" computerName="WATSON1491" testType="13cdc9d9-ddb5-4fa4-a97d-d965ccfc6d4b" outcome="NotExecuted" testListId="8c84fa94-04c1-424b-9868-57a2d4851a1d" relativeResultsDirectory="bbdd15ce-152f-40d6-908d-519639bc0a0b">
    </UnitTestResult>
    <UnitTestResult executionId="0ac617fe-a024-4132-aeff-b9d20c528f50" testId="c574974e-922d-e123-cd45-263cf5bd394a" testName="DeserializeTest" computerName="WATSON1491" testType="13cdc9d9-ddb5-4fa4-a97d-d965ccfc6d4b" outcome="NotExecuted" testListId="8c84fa94-04c1-424b-9868-57a2d4851a1d" relativeResultsDirectory="0ac617fe-a024-4132-aeff-b9d20c528f50">
    </UnitTestResult>
    <UnitTestResult executionId="0c07d7b0-0298-4bbd-a870-fb10ff9c5667" testId="c5e39726-deec-c4f7-824b-1e41432b6b87" testName="GetNextIndexTest" computerName="WATSON1491" testType="13cdc9d9-ddb5-4fa4-a97d-d965ccfc6d4b" outcome="NotExecuted" testListId="8c84fa94-04c1-424b-9868-57a2d4851a1d" relativeResultsDirectory="0c07d7b0-0298-4bbd-a870-fb10ff9c5667">
    </UnitTestResult>
    <UnitTestResult executionId="028af0db-2c16-4ab3-9eec-b34a57af8623" testId="cb9247b9-0e78-5318-b25e-4206d939f286" testName="AllocateAtEndOfFreeSpaceListTest" computerName="WATSON1491" testType="13cdc9d9-ddb5-4fa4-a97d-d965ccfc6d4b" outcome="NotExecuted" testListId="8c84fa94-04c1-424b-9868-57a2d4851a1d" relativeResultsDirectory="028af0db-2c16-4ab3-9eec-b34a57af8623">
    </UnitTestResult>
    <UnitTestResult executionId="7e56a910-2968-4eb4-8b84-3168228a7fae" testId="cc0dd485-3eb5-47cf-79f5-71c3014c459a" testName="ToIntTest" computerName="WATSON1491" testType="13cdc9d9-ddb5-4fa4-a97d-d965ccfc6d4b" outcome="NotExecuted" testListId="8c84fa94-04c1-424b-9868-57a2d4851a1d" relativeResultsDirectory="7e56a910-2968-4eb4-8b84-3168228a7fae">
    </UnitTestResult>
    <UnitTestResult executionId="6ade8adf-85f1-49b4-acc0-6cb38a87f1a1" testId="ceb208d4-f6b2-14ea-caab-c04abf814ed1" testName="SerializeTest" computerName="WATSON1491" testType="13cdc9d9-ddb5-4fa4-a97d-d965ccfc6d4b" outcome="NotExecuted" testListId="8c84fa94-04c1-424b-9868-57a2d4851a1d" relativeResultsDirectory="6ade8adf-85f1-49b4-acc0-6cb38a87f1a1">
    </UnitTestResult>
    <UnitTestResult executionId="62fd0d6e-fdb9-48ec-bd50-414661d011b9" testId="cf7f4ea5-e033-7c9e-2653-20e77c20a6bd" testName="CloseTest" computerName="WATSON1491" testType="13cdc9d9-ddb5-4fa4-a97d-d965ccfc6d4b" outcome="NotExecuted" testListId="8c84fa94-04c1-424b-9868-57a2d4851a1d" relativeResultsDirectory="62fd0d6e-fdb9-48ec-bd50-414661d011b9">
    </UnitTestResult>
    <UnitTestResult executionId="748776b1-17c3-40d5-9e60-440d29355336" testId="d7a29e06-03fa-67e4-6f87-44c551f8b54e" testName="ElementCtorTest" computerName="WATSON1491" testType="13cdc9d9-ddb5-4fa4-a97d-d965ccfc6d4b" outcome="NotExecuted" testListId="8c84fa94-04c1-424b-9868-57a2d4851a1d" relativeResultsDirectory="748776b1-17c3-40d5-9e60-440d29355336">
    </UnitTestResult>
    <UnitTestResult executionId="3c4d62d5-7ea9-4921-b149-a0dbf49ba110" testId="d7cc34f6-78d2-eecf-5b9f-ab76bb86da71" testName="GetPutUserHeaderTest" computerName="WATSON1491" testType="13cdc9d9-ddb5-4fa4-a97d-d965ccfc6d4b" outcome="NotExecuted" testListId="8c84fa94-04c1-424b-9868-57a2d4851a1d" relativeResultsDirectory="3c4d62d5-7ea9-4921-b149-a0dbf49ba110">
    </UnitTestResult>
    <UnitTestResult executionId="e0d8301b-66ab-4761-8306-b96306b37052" testId="d87c9634-3232-495c-abe1-766a051a0ec6" testName="FreeLastSpaceTest" computerName="WATSON1491" testType="13cdc9d9-ddb5-4fa4-a97d-d965ccfc6d4b" outcome="NotExecuted" testListId="8c84fa94-04c1-424b-9868-57a2d4851a1d" relativeResultsDirectory="e0d8301b-66ab-4761-8306-b96306b37052">
    </UnitTestResult>
    <UnitTestResult executionId="466d95f4-3cb5-4b3f-b337-ed46c67ce69e" testId="d917289d-258a-a478-26f6-a5a85e035c3f" testName="GetPathToNameTest" computerName="WATSON1491" testType="13cdc9d9-ddb5-4fa4-a97d-d965ccfc6d4b" outcome="NotExecuted" testListId="8c84fa94-04c1-424b-9868-57a2d4851a1d" relativeResultsDirectory="466d95f4-3cb5-4b3f-b337-ed46c67ce69e">
    </UnitTestResult>
    <UnitTestResult executionId="0acf0197-692d-4b52-b936-84b19b44ab17" testId="da2c5789-69fe-8699-f9d7-9a2ec66b4c68" testName="CopyTest" computerName="WATSON1491" testType="13cdc9d9-ddb5-4fa4-a97d-d965ccfc6d4b" outcome="NotExecuted" testListId="8c84fa94-04c1-424b-9868-57a2d4851a1d" relativeResultsDirectory="0acf0197-692d-4b52-b936-84b19b44ab17">
    </UnitTestResult>
    <UnitTestResult executionId="cdb2804e-66d4-4397-84e2-786133a21a78" testId="dc59e212-85a1-3e76-d4aa-2b0731bd07f1" testName="CtorTest" computerName="WATSON1491" testType="13cdc9d9-ddb5-4fa4-a97d-d965ccfc6d4b" outcome="NotExecuted" testListId="8c84fa94-04c1-424b-9868-57a2d4851a1d" relativeResultsDirectory="cdb2804e-66d4-4397-84e2-786133a21a78">
    </UnitTestResult>
    <UnitTestResult executionId="f33b2065-9603-4f4a-8d07-b78b05fefc3b" testId="dcd55a77-217b-2a2a-b734-243925f84d45" testName="SerializeTest" computerName="WATSON1491" testType="13cdc9d9-ddb5-4fa4-a97d-d965ccfc6d4b" outcome="NotExecuted" testListId="8c84fa94-04c1-424b-9868-57a2d4851a1d" relativeResultsDirectory="f33b2065-9603-4f4a-8d07-b78b05fefc3b">
    </UnitTestResult>
    <UnitTestResult executionId="7ce2cd53-11e7-4e2d-9a95-8db194556d39" testId="e09c5cb1-1c0e-6e77-1183-514f09126ef8" testName="FreeAddSpaceToStartOfFreeListTest" computerName="WATSON1491" testType="13cdc9d9-ddb5-4fa4-a97d-d965ccfc6d4b" outcome="NotExecuted" testListId="8c84fa94-04c1-424b-9868-57a2d4851a1d" relativeResultsDirectory="7ce2cd53-11e7-4e2d-9a95-8db194556d39">
    </UnitTestResult>
    <UnitTestResult executionId="5c8f20c3-83ac-4206-9f9e-6d6ccc70d883" testId="e489bd92-1fdb-dce0-d50f-126dc15b0598" testName="Append1Test" computerName="WATSON1491" testType="13cdc9d9-ddb5-4fa4-a97d-d965ccfc6d4b" outcome="NotExecuted" testListId="8c84fa94-04c1-424b-9868-57a2d4851a1d" relativeResultsDirectory="5c8f20c3-83ac-4206-9f9e-6d6ccc70d883">
    </UnitTestResult>
    <UnitTestResult executionId="ca6b7bdf-3333-4b9f-a331-67ecaf43814c" testId="e4d4bf05-87c5-ae25-1539-415c4a3fabe0" testName="MultitonTest" computerName="WATSON1491" testType="13cdc9d9-ddb5-4fa4-a97d-d965ccfc6d4b" outcome="NotExecuted" testListId="8c84fa94-04c1-424b-9868-57a2d4851a1d" relativeResultsDirectory="ca6b7bdf-3333-4b9f-a331-67ecaf43814c">
    </UnitTestResult>
    <UnitTestResult executionId="e2b6d5d8-6515-4b27-b71d-3cc421ab57b0" testId="e5f5eeb7-8767-c831-6700-d29e08cf89bb" testName="AddToEndTest" computerName="WATSON1491" testType="13cdc9d9-ddb5-4fa4-a97d-d965ccfc6d4b" outcome="NotExecuted" testListId="8c84fa94-04c1-424b-9868-57a2d4851a1d" relativeResultsDirectory="e2b6d5d8-6515-4b27-b71d-3cc421ab57b0">
    </UnitTestResult>
    <UnitTestResult executionId="697533a0-7b34-4aa0-9e5e-b5d918a2b834" testId="e7921d23-7b31-8b43-d930-5a3bc89a44b3" testName="LengthTest" computerName="WATSON1491" testType="13cdc9d9-ddb5-4fa4-a97d-d965ccfc6d4b" outcome="NotExecuted" testListId="8c84fa94-04c1-424b-9868-57a2d4851a1d" relativeResultsDirectory="697533a0-7b34-4aa0-9e5e-b5d918a2b834">
    </UnitTestResult>
    <UnitTestResult executionId="ca4555d7-0f61-445a-9f7b-40b0a5ace28f" testId="e7c5dfe9-6c85-ed21-1287-63d333e61256" testName="CreateTest" computerName="WATSON1491" testType="13cdc9d9-ddb5-4fa4-a97d-d965ccfc6d4b" outcome="NotExecuted" testListId="8c84fa94-04c1-424b-9868-57a2d4851a1d" relativeResultsDirectory="ca4555d7-0f61-445a-9f7b-40b0a5ace28f">
    </UnitTestResult>
    <UnitTestResult executionId="c0100d3a-dd3f-4f22-bbb6-e54d992d3d10" testId="ea353cbf-1840-4b47-9557-83373d54727c" testName="LRUDoublyLinkedListCtorTest" computerName="WATSON1491" testType="13cdc9d9-ddb5-4fa4-a97d-d965ccfc6d4b" outcome="NotExecuted" testListId="8c84fa94-04c1-424b-9868-57a2d4851a1d" relativeResultsDirectory="c0100d3a-dd3f-4f22-bbb6-e54d992d3d10">
    </UnitTestResult>
    <UnitTestResult executionId="fa45fa14-e34f-494b-adf5-07cb6fda066d" testId="eba5dc6e-9bfa-ee02-4059-95270e8b548f" testName="PutGetUserHeaderTest" computerName="WATSON1491" testType="13cdc9d9-ddb5-4fa4-a97d-d965ccfc6d4b" outcome="NotExecuted" testListId="8c84fa94-04c1-424b-9868-57a2d4851a1d" relativeResultsDirectory="fa45fa14-e34f-494b-adf5-07cb6fda066d">
    </UnitTestResult>
    <UnitTestResult executionId="0f346bc1-04c6-404b-af97-43aa6c77449a" testId="ec103ee4-7d33-deea-fa5e-ea2ddfa162f6" testName="CloseTest" computerName="WATSON1491" testType="13cdc9d9-ddb5-4fa4-a97d-d965ccfc6d4b" outcome="NotExecuted" testListId="8c84fa94-04c1-424b-9868-57a2d4851a1d" relativeResultsDirectory="0f346bc1-04c6-404b-af97-43aa6c77449a">
    </UnitTestResult>
    <UnitTestResult executionId="e9cc712e-babb-4099-b815-7aac426185b3" testId="f0820a20-bffa-aca4-73b6-cb5b10486dcd" testName="InsertLinksCorrectlyTest" computerName="WATSON1491" testType="13cdc9d9-ddb5-4fa4-a97d-d965ccfc6d4b" outcome="NotExecuted" testListId="8c84fa94-04c1-424b-9868-57a2d4851a1d" relativeResultsDirectory="e9cc712e-babb-4099-b815-7aac426185b3">
    </UnitTestResult>
    <UnitTestResult executionId="efe17f3d-245a-45ed-94ed-00cdc3696a1a" testId="f173e7fc-49c9-6230-eca2-9afec5f70750" testName="SerializeTest" computerName="WATSON1491" testType="13cdc9d9-ddb5-4fa4-a97d-d965ccfc6d4b" outcome="NotExecuted" testListId="8c84fa94-04c1-424b-9868-57a2d4851a1d" relativeResultsDirectory="efe17f3d-245a-45ed-94ed-00cdc3696a1a">
    </UnitTestResult>
    <UnitTestResult executionId="3d13a1a7-66c9-439e-85ff-1689f05da7e3" testId="f19b5895-b0f7-59f0-4036-17b6609c64da" testName="MergeAfterTest" computerName="WATSON1491" testType="13cdc9d9-ddb5-4fa4-a97d-d965ccfc6d4b" outcome="NotExecuted" testListId="8c84fa94-04c1-424b-9868-57a2d4851a1d" relativeResultsDirectory="3d13a1a7-66c9-439e-85ff-1689f05da7e3">
    </UnitTestResult>
    <UnitTestResult executionId="36ce1e27-ad0e-42a8-bdac-15e0a3fdd58a" testId="f45fb43e-8e19-67de-faf5-292c20567a5c" testName="SerializeTest" computerName="WATSON1491" testType="13cdc9d9-ddb5-4fa4-a97d-d965ccfc6d4b" outcome="NotExecuted" testListId="8c84fa94-04c1-424b-9868-57a2d4851a1d" relativeResultsDirectory="36ce1e27-ad0e-42a8-bdac-15e0a3fdd58a">
    </UnitTestResult>
    <UnitTestResult executionId="261c496c-9a71-40f4-a9e7-ab1b61c45172" testId="f8c986a1-4d49-6c57-695c-e57bd1d77a03" testName="CtorTest" computerName="WATSON1491" testType="13cdc9d9-ddb5-4fa4-a97d-d965ccfc6d4b" outcome="NotExecuted" testListId="8c84fa94-04c1-424b-9868-57a2d4851a1d" relativeResultsDirectory="261c496c-9a71-40f4-a9e7-ab1b61c45172">
    </UnitTestResult>
    <UnitTestResult executionId="0f904acb-1e2a-4ff0-8b98-0b37a7b49939" testId="f8dab570-907f-9537-fb70-c2f0ade97939" testName="GetLastTest" computerName="WATSON1491" testType="13cdc9d9-ddb5-4fa4-a97d-d965ccfc6d4b" outcome="NotExecuted" testListId="8c84fa94-04c1-424b-9868-57a2d4851a1d" relativeResultsDirectory="0f904acb-1e2a-4ff0-8b98-0b37a7b49939">
    </UnitTestResult>
    <UnitTestResult executionId="81bbe617-ec27-4f00-909a-76526b679160" testId="fc01b55b-5936-8b78-9de3-822e7b824b5a" testName="GetElementSizeTest" computerName="WATSON1491" testType="13cdc9d9-ddb5-4fa4-a97d-d965ccfc6d4b" outcome="NotExecuted" testListId="8c84fa94-04c1-424b-9868-57a2d4851a1d" relativeResultsDirectory="81bbe617-ec27-4f00-909a-76526b679160">
    </UnitTestResult>
    <UnitTestResult executionId="1252908f-c376-44d5-8f5f-e48281569c88" testId="fd2220b2-26eb-6999-62ad-4cbb765b850c" testName="CreateTest" computerName="WATSON1491" testType="13cdc9d9-ddb5-4fa4-a97d-d965ccfc6d4b" outcome="NotExecuted" testListId="8c84fa94-04c1-424b-9868-57a2d4851a1d" relativeResultsDirectory="1252908f-c376-44d5-8f5f-e48281569c88">
    </UnitTestResult>
    <UnitTestResult executionId="7313a31f-2751-4cee-94e1-191588a087cc" testId="ff3263d9-8c70-f60e-d721-c5d537b9f312" testName="SerializeTest" computerName="WATSON1491" testType="13cdc9d9-ddb5-4fa4-a97d-d965ccfc6d4b" outcome="NotExecuted" testListId="8c84fa94-04c1-424b-9868-57a2d4851a1d" relativeResultsDirectory="7313a31f-2751-4cee-94e1-191588a087cc">
    </UnitTestResult>
    <UnitTestResult executionId="abd812dd-01de-4fa3-b477-5a6bbd588f43" testId="ffe04048-3d0c-a00a-f497-66ad2a87b507" testName="GetNextTest" computerName="WATSON1491" testType="13cdc9d9-ddb5-4fa4-a97d-d965ccfc6d4b" outcome="NotExecuted" testListId="8c84fa94-04c1-424b-9868-57a2d4851a1d" relativeResultsDirectory="abd812dd-01de-4fa3-b477-5a6bbd588f43">
    </UnitTestResult>
  </Results>
</TestRun>