<?xml version="1.0" encoding="UTF-8"?>
<TestRun id="f3538efc-3e0f-4c5a-af81-588ff15b78a3" name="gwatson (2012-03-18 19:41:28)" runUser="NUSTUDENT\gwatson" xmlns="http://microsoft.com/schemas/VisualStudio/TeamTest/2010">
  <TestSettings name="LocalCodeCoverage" id="ec93bdfa-e2b8-47a6-a2aa-09dc288ce4c8">
    <Description>These are default test settings for a local test run.</Description>
    <Deployment runDeploymentRoot="gwatson _2012-03-18 19_41_28_">
      <DeploymentItem filename="C:\Users\gwatson\Desktop\SA\PersistentArray\SADatabase\PA\bin\Debug\PA.dll" />
      <DeploymentItem filename="C:\Users\gwatson\Desktop\SA\PersistentArray\SADatabase\FilePersistence\bin\Debug\FilePersistence.dll" />
      <DeploymentItem filename="C:\Users\gwatson\Desktop\SA\PersistentArray\SADatabase\PersistentArrayUnitTest\bin\Debug\PAUnitTest.dll" />
      <DeploymentItem filename="C:\Users\gwatson\Desktop\SA\PersistentArray\SADatabase\Interfaces\bin\Debug\Interfaces.dll" />
      <DeploymentItem filename="C:\Users\gwatson\Desktop\SA\PersistentArray\SADatabase\ByteHelper\bin\Debug\ByteHelper.dll" />
      <DeploymentItem filename="C:\Users\gwatson\Desktop\SA\PersistentArray\SADatabase\CPA\bin\Debug\CPA.dll" />
      <DeploymentItem filename="C:\Users\gwatson\Desktop\SA\PersistentArray\SADatabase\Persistence\bin\Debug\Persistence.dll" />
      <DeploymentItem filename="C:\Users\gwatson\Desktop\SA\PersistentArray\SADatabase\ByteHelperUnitTest\bin\Debug\ByteHelperUnitTest.dll" />
      <DeploymentItem filename="C:\Users\gwatson\Desktop\SA\PersistentArray\SADatabase\PLL\bin\Debug\PLL.dll" />
      <DeploymentItem filename="C:\Users\gwatson\Desktop\SA\PersistentArray\SADatabase\PAFS\bin\Debug\PAFS.dll" />
      <DeploymentItem filename="C:\Users\gwatson\Desktop\SA\PersistentArray\SADatabase\PHM\bin\Debug\PHM.dll" />
      <DeploymentItem filename="C:\Users\gwatson\Desktop\SA\PersistentArray\SADatabase\PHT\bin\Debug\PHT.dll" />
    </Deployment>
    <NamingScheme baseName="gwatson" useDefault="false" />
    <Execution>
      <TestTypeSpecific>
        <UnitTestRunConfig testTypeId="13cdc9d9-ddb5-4fa4-a97d-d965ccfc6d4b">
          <AssemblyResolution>
            <TestDirectory useLoadContext="true" />
          </AssemblyResolution>
        </UnitTestRunConfig>
        <WebTestRunConfiguration testTypeId="4e7599fa-5ecb-43e9-a887-cd63cf72d207">
          <Browser name="Internet Explorer 7.0">
            <Headers>
              <Header name="User-Agent" value="Mozilla/4.0 (compatible; MSIE 7.0; Windows NT 5.1)" />
              <Header name="Accept" value="*/*" />
              <Header name="Accept-Language" value="{{$IEAcceptLanguage}}" />
              <Header name="Accept-Encoding" value="GZIP" />
            </Headers>
          </Browser>
        </WebTestRunConfiguration>
      </TestTypeSpecific>
      <AgentRule name="LocalMachineDefaultRole">
        <DataCollectors>
          <DataCollector uri="datacollector://microsoft/CodeCoverage/1.0" assemblyQualifiedName="Microsoft.VisualStudio.TestTools.CodeCoverage.CoveragePlugIn, Microsoft.VisualStudio.QualityTools.Plugins.CodeCoverage, Version=10.0.0.0, Culture=neutral, PublicKeyToken=b03f5f7f11d50a3a" friendlyName="Code Coverage">
            <Configuration>
              <CodeCoverage xmlns="">
                <Regular>
                  <CodeCoverageItem binaryFile="C:\Users\gwatson\Desktop\SA\PersistentArray\SADatabase\PLL\bin\Debug\PLL.dll" pdbFile="C:\Users\gwatson\Desktop\SA\PersistentArray\SADatabase\PLL\bin\Debug\PLL.instr.pdb" instrumentInPlace="true" />
                  <CodeCoverageItem binaryFile="C:\Users\gwatson\Desktop\SA\PersistentArray\SADatabase\PAFS\bin\Debug\PAFS.dll" pdbFile="C:\Users\gwatson\Desktop\SA\PersistentArray\SADatabase\PAFS\bin\Debug\PAFS.instr.pdb" instrumentInPlace="true" />
                  <CodeCoverageItem binaryFile="C:\Users\gwatson\Desktop\SA\PersistentArray\SADatabase\PA\bin\Debug\PA.dll" pdbFile="C:\Users\gwatson\Desktop\SA\PersistentArray\SADatabase\PA\bin\Debug\PA.instr.pdb" instrumentInPlace="true" />
                  <CodeCoverageItem binaryFile="C:\Users\gwatson\Desktop\SA\PersistentArray\SADatabase\CPA\bin\Debug\CPA.dll" pdbFile="C:\Users\gwatson\Desktop\SA\PersistentArray\SADatabase\CPA\bin\Debug\CPA.instr.pdb" instrumentInPlace="true" />
                </Regular>
              </CodeCoverage>
            </Configuration>
          </DataCollector>
        </DataCollectors>
      </AgentRule>
    </Execution>
  </TestSettings>
  <Times creation="2012-03-18T19:41:28.7367237-06:00" queuing="2012-03-18T19:41:35.3161000-06:00" start="2012-03-18T19:41:35.5071110-06:00" finish="2012-03-18T19:41:59.6814937-06:00" />
  <ResultSummary outcome="Completed">
    <Counters total="160" executed="160" passed="160" error="0" failed="0" timeout="0" aborted="0" inconclusive="0" passedButRunAborted="0" notRunnable="0" notExecuted="0" disconnected="0" warning="0" completed="0" inProgress="0" pending="0" />
    <ResultFiles>
      <ResultFile path="WATSON1491\data.coverage" />
    </ResultFiles>
  </ResultSummary>
  <TestDefinitions>
    <UnitTest name="GetFirstTest" storage="c:\users\gwatson\desktop\sa\persistentarray\sadatabase\pllunittest\bin\debug\pllunittest.dll" id="a1ae16c5-0695-b546-0d5a-01f95dae83d0">
      <Execution id="889ecc56-dac7-42f5-9468-d64fa3015905" />
      <TestMethod codeBase="C:\Users\gwatson\Desktop\SA\PersistentArray\SADatabase\PLLUnitTest\bin\Debug\PLLUnitTest.dll" adapterTypeName="Microsoft.VisualStudio.TestTools.TestTypes.Unit.UnitTestAdapter, Microsoft.VisualStudio.QualityTools.Tips.UnitTest.Adapter, Version=10.0.0.0, Culture=neutral, PublicKeyToken=b03f5f7f11d50a3a" className="PLLUnitTest.PersistentLinkedListTest, PLLUnitTest" name="GetFirstTest" />
    </UnitTest>
    <UnitTest name="WriteIntTest" storage="c:\users\gwatson\desktop\sa\persistentarray\sadatabase\persistenceunittest\bin\debug\persistenceunittest.dll" id="33bbef63-045e-f45c-4904-9d2f969572f1">
      <Execution id="b60b93d3-6ed8-499a-9c24-0443b6139f3b" />
      <TestMethod codeBase="C:\Users\gwatson\Desktop\SA\PersistentArray\SADatabase\PersistenceUnitTest\bin\Debug\PersistenceUnitTest.dll" adapterTypeName="Microsoft.VisualStudio.TestTools.TestTypes.Unit.UnitTestAdapter, Microsoft.VisualStudio.QualityTools.Tips.UnitTest.Adapter, Version=10.0.0.0, Culture=neutral, PublicKeyToken=b03f5f7f11d50a3a" className="PersistenceUnitTest.RandomAccessFileTest, PersistenceUnitTest" name="WriteIntTest" />
    </UnitTest>
    <UnitTest name="CtorOpenTest" storage="c:\users\gwatson\desktop\sa\persistentarray\sadatabase\phmunittest\bin\debug\phmunittest.dll" id="c1046ba7-0144-8813-1bc3-01566e1bbcb4">
      <Execution id="7de03304-13a3-4200-8109-21a8f1f8c0b7" />
      <TestMethod codeBase="C:\Users\gwatson\Desktop\SA\PersistentArray\SADatabase\PHMUnitTest\bin\Debug\PHMUnitTest.dll" adapterTypeName="Microsoft.VisualStudio.TestTools.TestTypes.Unit.UnitTestAdapter, Microsoft.VisualStudio.QualityTools.Tips.UnitTest.Adapter, Version=10.0.0.0, Culture=neutral, PublicKeyToken=b03f5f7f11d50a3a" className="PHMUnitTest.PersistentHeapTest, PHMUnitTest" name="CtorOpenTest" />
    </UnitTest>
    <UnitTest name="DeserializeTest" storage="c:\users\gwatson\desktop\sa\persistentarray\sadatabase\pllunittest\bin\debug\pllunittest.dll" id="c574974e-922d-e123-cd45-263cf5bd394a">
      <Execution id="81d6de98-7928-45e2-a8c4-2b3a75c257a4" />
      <TestMethod codeBase="C:\Users\gwatson\Desktop\SA\PersistentArray\SADatabase\PLLUnitTest\bin\Debug\PLLUnitTest.dll" adapterTypeName="Microsoft.VisualStudio.TestTools.TestTypes.Unit.UnitTestAdapter, Microsoft.VisualStudio.QualityTools.Tips.UnitTest.Adapter, Version=10.0.0.0, Culture=neutral, PublicKeyToken=b03f5f7f11d50a3a" className="PLLUnitTest.LinkedListElementTest, PLLUnitTest" name="DeserializeTest" />
    </UnitTest>
    <UnitTest name="StartIndexTest" storage="c:\users\gwatson\desktop\sa\persistentarray\sadatabase\phmunittest\bin\debug\phmunittest.dll" id="a1c72854-3dde-18e0-c9d8-83b07b0292f0">
      <Execution id="2dd4035e-4b41-48ab-a407-47712578a582" />
      <TestMethod codeBase="C:\Users\gwatson\Desktop\SA\PersistentArray\SADatabase\PHMUnitTest\bin\Debug\PHMUnitTest.dll" adapterTypeName="Microsoft.VisualStudio.TestTools.TestTypes.Unit.UnitTestAdapter, Microsoft.VisualStudio.QualityTools.Tips.UnitTest.Adapter, Version=10.0.0.0, Culture=neutral, PublicKeyToken=b03f5f7f11d50a3a" className="PHMUnitTest.PersistentHeapSpaceTest, PHMUnitTest" name="StartIndexTest" />
    </UnitTest>
    <UnitTest name="GetUserHeaderSizeTest" storage="c:\users\gwatson\desktop\sa\persistentarray\sadatabase\persistentarrayunittest\bin\debug\paunittest.dll" id="553e65a4-d49e-c86b-4f63-da6f1a61fced">
      <Execution id="520c7254-bd39-4ac0-9761-002848b15c69" />
      <TestMethod codeBase="C:\Users\gwatson\Desktop\SA\PersistentArray\SADatabase\PersistentArrayUnitTest\bin\Debug\PAUnitTest.dll" adapterTypeName="Microsoft.VisualStudio.TestTools.TestTypes.Unit.UnitTestAdapter, Microsoft.VisualStudio.QualityTools.Tips.UnitTest.Adapter, Version=10.0.0.0, Culture=neutral, PublicKeyToken=b03f5f7f11d50a3a" className="PAUnitTest.IPersistentArrayTest, PAUnitTest" name="GetUserHeaderSizeTest" />
    </UnitTest>
    <UnitTest name="SplitTest" storage="c:\users\gwatson\desktop\sa\persistentarray\sadatabase\phmunittest\bin\debug\phmunittest.dll" id="2a736369-0faa-7bd0-3ec4-55591153ab35">
      <Execution id="02332749-157c-499f-8d25-e59a4d867ba1" />
      <TestMethod codeBase="C:\Users\gwatson\Desktop\SA\PersistentArray\SADatabase\PHMUnitTest\bin\Debug\PHMUnitTest.dll" adapterTypeName="Microsoft.VisualStudio.TestTools.TestTypes.Unit.UnitTestAdapter, Microsoft.VisualStudio.QualityTools.Tips.UnitTest.Adapter, Version=10.0.0.0, Culture=neutral, PublicKeyToken=b03f5f7f11d50a3a" className="PHMUnitTest.PersistentHeapFreeSpaceTest, PHMUnitTest" name="SplitTest" />
    </UnitTest>
    <UnitTest name="CloseTest" storage="c:\users\gwatson\desktop\sa\persistentarray\sadatabase\filepersistenceunittest\bin\debug\filepersistenceunittest.dll" id="ec103ee4-7d33-deea-fa5e-ea2ddfa162f6">
      <Execution id="14d51034-4199-406c-9265-8e81ee6a3117" />
      <TestMethod codeBase="C:\Users\gwatson\Desktop\SA\PersistentArray\SADatabase\FilePersistenceUnitTest\bin\Debug\FilePersistenceUnitTest.dll" adapterTypeName="Microsoft.VisualStudio.TestTools.TestTypes.Unit.UnitTestAdapter, Microsoft.VisualStudio.QualityTools.Tips.UnitTest.Adapter, Version=10.0.0.0, Culture=neutral, PublicKeyToken=b03f5f7f11d50a3a" className="FilePersistenceUnitTest.FileWithHeaderTest, FilePersistenceUnitTest" name="CloseTest" />
    </UnitTest>
    <UnitTest name="ReopenTest" storage="c:\users\gwatson\desktop\sa\persistentarray\sadatabase\cpaunittest\bin\debug\cpaunittest.dll" id="920909e7-20b2-d96d-ce3c-d1b8d6e41092">
      <Execution id="6dac9d6c-41bf-4dd3-830b-36b362e10281" />
      <TestMethod codeBase="C:\Users\gwatson\Desktop\SA\PersistentArray\SADatabase\CPAUnitTest\bin\Debug\CPAUnitTest.dll" adapterTypeName="Microsoft.VisualStudio.TestTools.TestTypes.Unit.UnitTestAdapter, Microsoft.VisualStudio.QualityTools.Tips.UnitTest.Adapter, Version=10.0.0.0, Culture=neutral, PublicKeyToken=b03f5f7f11d50a3a" className="CPAUnitTest.CachedIArrayTest, CPAUnitTest" name="ReopenTest" />
    </UnitTest>
    <UnitTest name="PutGetAmountTest" storage="c:\users\gwatson\desktop\sa\persistentarray\sadatabase\filepersistenceunittest\bin\debug\filepersistenceunittest.dll" id="705d2900-5b96-0c7e-5674-f042b44cf3ba">
      <Execution id="c52af4d2-1f34-4cb4-9b4b-c5b31698cbbc" />
      <TestMethod codeBase="C:\Users\gwatson\Desktop\SA\PersistentArray\SADatabase\FilePersistenceUnitTest\bin\Debug\FilePersistenceUnitTest.dll" adapterTypeName="Microsoft.VisualStudio.TestTools.TestTypes.Unit.UnitTestAdapter, Microsoft.VisualStudio.QualityTools.Tips.UnitTest.Adapter, Version=10.0.0.0, Culture=neutral, PublicKeyToken=b03f5f7f11d50a3a" className="FilePersistenceUnitTest.FileWithHeaderTest, FilePersistenceUnitTest" name="PutGetAmountTest" />
    </UnitTest>
    <UnitTest name="SerializeTest" storage="c:\users\gwatson\desktop\sa\persistentarray\sadatabase\phmunittest\bin\debug\phmunittest.dll" id="21ea634d-ec3e-6f69-7865-3d6f41e7db9a">
      <Execution id="8f469d2a-0a28-4284-9262-7e728987d5ac" />
      <TestMethod codeBase="C:\Users\gwatson\Desktop\SA\PersistentArray\SADatabase\PHMUnitTest\bin\Debug\PHMUnitTest.dll" adapterTypeName="Microsoft.VisualStudio.TestTools.TestTypes.Unit.UnitTestAdapter, Microsoft.VisualStudio.QualityTools.Tips.UnitTest.Adapter, Version=10.0.0.0, Culture=neutral, PublicKeyToken=b03f5f7f11d50a3a" className="PHMUnitTest.PersistentHeapUsedSpaceTest, PHMUnitTest" name="SerializeTest" />
    </UnitTest>
    <UnitTest name="GetTest" storage="c:\users\gwatson\desktop\sa\persistentarray\sadatabase\cpaunittest\bin\debug\cpaunittest.dll" id="68db09fd-1e84-1d00-a06a-8d3d340b6754">
      <Execution id="f370737d-8ac5-433c-b2a2-c09dd7e6e988" />
      <TestMethod codeBase="C:\Users\gwatson\Desktop\SA\PersistentArray\SADatabase\CPAUnitTest\bin\Debug\CPAUnitTest.dll" adapterTypeName="Microsoft.VisualStudio.TestTools.TestTypes.Unit.UnitTestAdapter, Microsoft.VisualStudio.QualityTools.Tips.UnitTest.Adapter, Version=10.0.0.0, Culture=neutral, PublicKeyToken=b03f5f7f11d50a3a" className="CPAUnitTest.LRUDoubleLinkedListTest, CPAUnitTest" name="GetTest" />
    </UnitTest>
    <UnitTest name="GetUserHeaderSizeTest" storage="c:\users\gwatson\desktop\sa\persistentarray\sadatabase\cpaunittest\bin\debug\cpaunittest.dll" id="a98f558f-9bab-5d3b-882a-663d5ff5ae97">
      <Execution id="9ae3db80-c8b8-4e4d-b1f4-844e01b6e3ab" />
      <TestMethod codeBase="C:\Users\gwatson\Desktop\SA\PersistentArray\SADatabase\CPAUnitTest\bin\Debug\CPAUnitTest.dll" adapterTypeName="Microsoft.VisualStudio.TestTools.TestTypes.Unit.UnitTestAdapter, Microsoft.VisualStudio.QualityTools.Tips.UnitTest.Adapter, Version=10.0.0.0, Culture=neutral, PublicKeyToken=b03f5f7f11d50a3a" className="CPAUnitTest.CachedIArrayTest, CPAUnitTest" name="GetUserHeaderSizeTest" />
    </UnitTest>
    <UnitTest name="AllocateFillAfterSplitTest" storage="c:\users\gwatson\desktop\sa\persistentarray\sadatabase\phmunittest\bin\debug\phmunittest.dll" id="011f0b4d-330b-80d4-eb98-3a291b4151c2">
      <Execution id="b580bc1c-bf8b-4d71-ab43-b3f6841edbb4" />
      <TestMethod codeBase="C:\Users\gwatson\Desktop\SA\PersistentArray\SADatabase\PHMUnitTest\bin\Debug\PHMUnitTest.dll" adapterTypeName="Microsoft.VisualStudio.TestTools.TestTypes.Unit.UnitTestAdapter, Microsoft.VisualStudio.QualityTools.Tips.UnitTest.Adapter, Version=10.0.0.0, Culture=neutral, PublicKeyToken=b03f5f7f11d50a3a" className="PHMUnitTest.PersistentHeapTest, PHMUnitTest" name="AllocateFillAfterSplitTest" />
    </UnitTest>
    <UnitTest name="GetUserHeaderSizeTest" storage="c:\users\gwatson\desktop\sa\persistentarray\sadatabase\pafsunittest\bin\debug\pafsunittest.dll" id="845a5988-fe07-f37a-ba6b-e712dc39166d">
      <Execution id="f253d954-fc8e-4396-8e98-68161515d8aa" />
      <TestMethod codeBase="C:\Users\gwatson\Desktop\SA\PersistentArray\SADatabase\PAFSUnitTest\bin\Debug\PAFSUnitTest.dll" adapterTypeName="Microsoft.VisualStudio.TestTools.TestTypes.Unit.UnitTestAdapter, Microsoft.VisualStudio.QualityTools.Tips.UnitTest.Adapter, Version=10.0.0.0, Culture=neutral, PublicKeyToken=b03f5f7f11d50a3a" className="PAFSUnitTest.IPersistentArraySpaceManagerTest, PAFSUnitTest" name="GetUserHeaderSizeTest" />
    </UnitTest>
    <UnitTest name="MoveToHeadTest" storage="c:\users\gwatson\desktop\sa\persistentarray\sadatabase\cpaunittest\bin\debug\cpaunittest.dll" id="ac390c29-8921-eb5c-8cbb-15dff0c6c040">
      <Execution id="06646154-e4a3-458d-8d7f-ab04db423d92" />
      <TestMethod codeBase="C:\Users\gwatson\Desktop\SA\PersistentArray\SADatabase\CPAUnitTest\bin\Debug\CPAUnitTest.dll" adapterTypeName="Microsoft.VisualStudio.TestTools.TestTypes.Unit.UnitTestAdapter, Microsoft.VisualStudio.QualityTools.Tips.UnitTest.Adapter, Version=10.0.0.0, Culture=neutral, PublicKeyToken=b03f5f7f11d50a3a" className="CPAUnitTest.LRUDoubleLinkedListTest, CPAUnitTest" name="MoveToHeadTest" />
    </UnitTest>
    <UnitTest name="CopyTest" storage="c:\users\gwatson\desktop\sa\persistentarray\sadatabase\bytehelperunittest\bin\debug\bytehelperunittest.dll" id="da2c5789-69fe-8699-f9d7-9a2ec66b4c68">
      <Execution id="14720ff7-1577-4809-b76f-cd5552764555" />
      <TestMethod codeBase="C:\Users\gwatson\Desktop\SA\PersistentArray\SADatabase\ByteHelperUnitTest\bin\Debug\ByteHelperUnitTest.dll" adapterTypeName="Microsoft.VisualStudio.TestTools.TestTypes.Unit.UnitTestAdapter, Microsoft.VisualStudio.QualityTools.Tips.UnitTest.Adapter, Version=10.0.0.0, Culture=neutral, PublicKeyToken=b03f5f7f11d50a3a" className="ByteHelperUnitTest.HelperTest, ByteHelperUnitTest" name="CopyTest" />
    </UnitTest>
    <UnitTest name="CopyIntoTest" storage="c:\users\gwatson\desktop\sa\persistentarray\sadatabase\bytehelperunittest\bin\debug\bytehelperunittest.dll" id="6e30047d-c126-9623-764e-d0d0dc18feb2">
      <Execution id="89e91283-221d-49c3-9d5f-0763d7f6b7fe" />
      <TestMethod codeBase="C:\Users\gwatson\Desktop\SA\PersistentArray\SADatabase\ByteHelperUnitTest\bin\Debug\ByteHelperUnitTest.dll" adapterTypeName="Microsoft.VisualStudio.TestTools.TestTypes.Unit.UnitTestAdapter, Microsoft.VisualStudio.QualityTools.Tips.UnitTest.Adapter, Version=10.0.0.0, Culture=neutral, PublicKeyToken=b03f5f7f11d50a3a" className="ByteHelperUnitTest.HelperTest, ByteHelperUnitTest" name="CopyIntoTest" />
    </UnitTest>
    <UnitTest name="CloseTest" storage="c:\users\gwatson\desktop\sa\persistentarray\sadatabase\phtunittest\bin\debug\phtunittest.dll" id="94efce36-6787-804c-f9dd-d52e17e1c55e">
      <Execution id="e15fee59-d601-454f-9440-47ba157a1863" />
      <TestMethod codeBase="C:\Users\gwatson\Desktop\SA\PersistentArray\SADatabase\PHTUnitTest\bin\Debug\PHTUnitTest.dll" adapterTypeName="Microsoft.VisualStudio.TestTools.TestTypes.Unit.UnitTestAdapter, Microsoft.VisualStudio.QualityTools.Tips.UnitTest.Adapter, Version=10.0.0.0, Culture=neutral, PublicKeyToken=b03f5f7f11d50a3a" className="PHTUnitTest.PersistentHashTableTest, PHTUnitTest" name="CloseTest" />
    </UnitTest>
    <UnitTest name="ExtendToTest" storage="c:\users\gwatson\desktop\sa\persistentarray\sadatabase\bytehelperunittest\bin\debug\bytehelperunittest.dll" id="11b05b3f-8750-268f-48a2-a9f027b23597">
      <Execution id="793b874d-9480-4905-a51c-f453735e055e" />
      <TestMethod codeBase="C:\Users\gwatson\Desktop\SA\PersistentArray\SADatabase\ByteHelperUnitTest\bin\Debug\ByteHelperUnitTest.dll" adapterTypeName="Microsoft.VisualStudio.TestTools.TestTypes.Unit.UnitTestAdapter, Microsoft.VisualStudio.QualityTools.Tips.UnitTest.Adapter, Version=10.0.0.0, Culture=neutral, PublicKeyToken=b03f5f7f11d50a3a" className="ByteHelperUnitTest.HelperTest, ByteHelperUnitTest" name="ExtendToTest" />
    </UnitTest>
    <UnitTest name="ReopenTest" storage="c:\users\gwatson\desktop\sa\persistentarray\sadatabase\filepersistenceunittest\bin\debug\filepersistenceunittest.dll" id="61f14407-3f3d-9be6-e329-c0b10da1b351">
      <Execution id="75678e84-4dc9-48c0-be8d-972773b71e70" />
      <TestMethod codeBase="C:\Users\gwatson\Desktop\SA\PersistentArray\SADatabase\FilePersistenceUnitTest\bin\Debug\FilePersistenceUnitTest.dll" adapterTypeName="Microsoft.VisualStudio.TestTools.TestTypes.Unit.UnitTestAdapter, Microsoft.VisualStudio.QualityTools.Tips.UnitTest.Adapter, Version=10.0.0.0, Culture=neutral, PublicKeyToken=b03f5f7f11d50a3a" className="FilePersistenceUnitTest.FileWithHeaderTest, FilePersistenceUnitTest" name="ReopenTest" />
    </UnitTest>
    <UnitTest name="SerializeTest" storage="c:\users\gwatson\desktop\sa\persistentarray\sadatabase\phmunittest\bin\debug\phmunittest.dll" id="00e17ed5-bd31-7476-2fee-eae2d73830e2">
      <Execution id="24195d8a-144a-4f3c-aefd-c0b622cc8b76" />
      <TestMethod codeBase="C:\Users\gwatson\Desktop\SA\PersistentArray\SADatabase\PHMUnitTest\bin\Debug\PHMUnitTest.dll" adapterTypeName="Microsoft.VisualStudio.TestTools.TestTypes.Unit.UnitTestAdapter, Microsoft.VisualStudio.QualityTools.Tips.UnitTest.Adapter, Version=10.0.0.0, Culture=neutral, PublicKeyToken=b03f5f7f11d50a3a" className="PHMUnitTest.PersistentHeapFreeSpaceTest, PHMUnitTest" name="SerializeTest" />
    </UnitTest>
    <UnitTest name="PutGetCollisionsTest" storage="c:\users\gwatson\desktop\sa\persistentarray\sadatabase\phtunittest\bin\debug\phtunittest.dll" id="c198a53f-7d04-439f-1fbd-0b778727bf42">
      <Execution id="15265680-08a3-4265-982f-57caa3769bea" />
      <TestMethod codeBase="C:\Users\gwatson\Desktop\SA\PersistentArray\SADatabase\PHTUnitTest\bin\Debug\PHTUnitTest.dll" adapterTypeName="Microsoft.VisualStudio.TestTools.TestTypes.Unit.UnitTestAdapter, Microsoft.VisualStudio.QualityTools.Tips.UnitTest.Adapter, Version=10.0.0.0, Culture=neutral, PublicKeyToken=b03f5f7f11d50a3a" className="PHTUnitTest.PersistentHashTableTest, PHTUnitTest" name="PutGetCollisionsTest" />
    </UnitTest>
    <UnitTest name="AllocateInMiddleTest" storage="c:\users\gwatson\desktop\sa\persistentarray\sadatabase\phmunittest\bin\debug\phmunittest.dll" id="0bf9df8d-121f-259e-67aa-905c5bb6c662">
      <Execution id="1ed20227-04e0-43b6-a5cc-3b99a6ccb0eb" />
      <TestMethod codeBase="C:\Users\gwatson\Desktop\SA\PersistentArray\SADatabase\PHMUnitTest\bin\Debug\PHMUnitTest.dll" adapterTypeName="Microsoft.VisualStudio.TestTools.TestTypes.Unit.UnitTestAdapter, Microsoft.VisualStudio.QualityTools.Tips.UnitTest.Adapter, Version=10.0.0.0, Culture=neutral, PublicKeyToken=b03f5f7f11d50a3a" className="PHMUnitTest.PersistentHeapTest, PHMUnitTest" name="AllocateInMiddleTest" />
    </UnitTest>
    <UnitTest name="WriteByteArrayTest" storage="c:\users\gwatson\desktop\sa\persistentarray\sadatabase\persistenceunittest\bin\debug\persistenceunittest.dll" id="c3fc885b-06d0-19cb-a8e4-a4fc7aee2170">
      <Execution id="c67e5fff-f2b3-4b32-ae05-f160946c41fc" />
      <TestMethod codeBase="C:\Users\gwatson\Desktop\SA\PersistentArray\SADatabase\PersistenceUnitTest\bin\Debug\PersistenceUnitTest.dll" adapterTypeName="Microsoft.VisualStudio.TestTools.TestTypes.Unit.UnitTestAdapter, Microsoft.VisualStudio.QualityTools.Tips.UnitTest.Adapter, Version=10.0.0.0, Culture=neutral, PublicKeyToken=b03f5f7f11d50a3a" className="PersistenceUnitTest.RandomAccessFileTest, PersistenceUnitTest" name="WriteByteArrayTest" />
    </UnitTest>
    <UnitTest name="SerializeTest" storage="c:\users\gwatson\desktop\sa\persistentarray\sadatabase\pllunittest\bin\debug\pllunittest.dll" id="f45fb43e-8e19-67de-faf5-292c20567a5c">
      <Execution id="e54dc7a2-82cf-4fc7-a7ca-d0f6ced98484" />
      <TestMethod codeBase="C:\Users\gwatson\Desktop\SA\PersistentArray\SADatabase\PLLUnitTest\bin\Debug\PLLUnitTest.dll" adapterTypeName="Microsoft.VisualStudio.TestTools.TestTypes.Unit.UnitTestAdapter, Microsoft.VisualStudio.QualityTools.Tips.UnitTest.Adapter, Version=10.0.0.0, Culture=neutral, PublicKeyToken=b03f5f7f11d50a3a" className="PLLUnitTest.LinkedListElementTest, PLLUnitTest" name="SerializeTest" />
    </UnitTest>
    <UnitTest name="DeleteTest" storage="c:\users\gwatson\desktop\sa\persistentarray\sadatabase\pllunittest\bin\debug\pllunittest.dll" id="1d53293b-a39c-108d-e97e-8d3ed479d40d">
      <Execution id="de4afbe5-f6f5-477b-9213-d4349292bf77" />
      <TestMethod codeBase="C:\Users\gwatson\Desktop\SA\PersistentArray\SADatabase\PLLUnitTest\bin\Debug\PLLUnitTest.dll" adapterTypeName="Microsoft.VisualStudio.TestTools.TestTypes.Unit.UnitTestAdapter, Microsoft.VisualStudio.QualityTools.Tips.UnitTest.Adapter, Version=10.0.0.0, Culture=neutral, PublicKeyToken=b03f5f7f11d50a3a" className="PLLUnitTest.PersistentLinkedListTest, PLLUnitTest" name="DeleteTest" />
    </UnitTest>
    <UnitTest name="CtorTest" storage="c:\users\gwatson\desktop\sa\persistentarray\sadatabase\phmunittest\bin\debug\phmunittest.dll" id="781a4d86-46c5-931f-9ce1-d470759c5ed1">
      <Execution id="9b67e49a-aeda-477a-8ace-127d01eba3d3" />
      <TestMethod codeBase="C:\Users\gwatson\Desktop\SA\PersistentArray\SADatabase\PHMUnitTest\bin\Debug\PHMUnitTest.dll" adapterTypeName="Microsoft.VisualStudio.TestTools.TestTypes.Unit.UnitTestAdapter, Microsoft.VisualStudio.QualityTools.Tips.UnitTest.Adapter, Version=10.0.0.0, Culture=neutral, PublicKeyToken=b03f5f7f11d50a3a" className="PHMUnitTest.PersistentHeapUsedSpaceTest, PHMUnitTest" name="CtorTest" />
    </UnitTest>
    <UnitTest name="FillUpTableTest" storage="c:\users\gwatson\desktop\sa\persistentarray\sadatabase\phtunittest\bin\debug\phtunittest.dll" id="6a96f9da-adcb-f7e2-df56-cae68513bb5e">
      <Execution id="3d163d1f-65c2-4b46-a69f-dffceb320c63" />
      <TestMethod codeBase="C:\Users\gwatson\Desktop\SA\PersistentArray\SADatabase\PHTUnitTest\bin\Debug\PHTUnitTest.dll" adapterTypeName="Microsoft.VisualStudio.TestTools.TestTypes.Unit.UnitTestAdapter, Microsoft.VisualStudio.QualityTools.Tips.UnitTest.Adapter, Version=10.0.0.0, Culture=neutral, PublicKeyToken=b03f5f7f11d50a3a" className="PHTUnitTest.PersistentHashTableTest, PHTUnitTest" name="FillUpTableTest" />
    </UnitTest>
    <UnitTest name="SerializeTest" storage="c:\users\gwatson\desktop\sa\persistentarray\sadatabase\pllunittest\bin\debug\pllunittest.dll" id="ceb208d4-f6b2-14ea-caab-c04abf814ed1">
      <Execution id="1bab29a6-4c3b-419e-8f96-03b8e4e737f7" />
      <TestMethod codeBase="C:\Users\gwatson\Desktop\SA\PersistentArray\SADatabase\PLLUnitTest\bin\Debug\PLLUnitTest.dll" adapterTypeName="Microsoft.VisualStudio.TestTools.TestTypes.Unit.UnitTestAdapter, Microsoft.VisualStudio.QualityTools.Tips.UnitTest.Adapter, Version=10.0.0.0, Culture=neutral, PublicKeyToken=b03f5f7f11d50a3a" className="PLLUnitTest.PLLHeaderTest, PLLUnitTest" name="SerializeTest" />
    </UnitTest>
    <UnitTest name="CreateTooSmallTest" storage="c:\users\gwatson\desktop\sa\persistentarray\sadatabase\pafsunittest\bin\debug\pafsunittest.dll" id="b87f554d-216c-d1a2-7ff8-323f1d9d0f4f">
      <Execution id="ed2db618-6c2a-46df-9311-dc30e0bcf256" />
      <TestMethod codeBase="C:\Users\gwatson\Desktop\SA\PersistentArray\SADatabase\PAFSUnitTest\bin\Debug\PAFSUnitTest.dll" adapterTypeName="Microsoft.VisualStudio.TestTools.TestTypes.Unit.UnitTestAdapter, Microsoft.VisualStudio.QualityTools.Tips.UnitTest.Adapter, Version=10.0.0.0, Culture=neutral, PublicKeyToken=b03f5f7f11d50a3a" className="PAFSUnitTest.IPersistentArraySpaceManagerTest, PAFSUnitTest" name="CreateTooSmallTest" />
    </UnitTest>
    <UnitTest name="EqualsBytesTest" storage="c:\users\gwatson\desktop\sa\persistentarray\sadatabase\bytehelperunittest\bin\debug\bytehelperunittest.dll" id="c09c2c2c-bf97-afdf-a556-c8b4550bee5f">
      <Execution id="d48193b6-813a-4ae2-8a93-9a9fca8fb7c4" />
      <TestMethod codeBase="C:\Users\gwatson\Desktop\SA\PersistentArray\SADatabase\ByteHelperUnitTest\bin\Debug\ByteHelperUnitTest.dll" adapterTypeName="Microsoft.VisualStudio.TestTools.TestTypes.Unit.UnitTestAdapter, Microsoft.VisualStudio.QualityTools.Tips.UnitTest.Adapter, Version=10.0.0.0, Culture=neutral, PublicKeyToken=b03f5f7f11d50a3a" className="ByteHelperUnitTest.HelperTest, ByteHelperUnitTest" name="EqualsBytesTest" />
    </UnitTest>
    <UnitTest name="AllocateAtEndOfFreeSpaceListTest" storage="c:\users\gwatson\desktop\sa\persistentarray\sadatabase\phmunittest\bin\debug\phmunittest.dll" id="cb9247b9-0e78-5318-b25e-4206d939f286">
      <Execution id="be19efd4-48f3-4796-869f-e64ac8fad527" />
      <TestMethod codeBase="C:\Users\gwatson\Desktop\SA\PersistentArray\SADatabase\PHMUnitTest\bin\Debug\PHMUnitTest.dll" adapterTypeName="Microsoft.VisualStudio.TestTools.TestTypes.Unit.UnitTestAdapter, Microsoft.VisualStudio.QualityTools.Tips.UnitTest.Adapter, Version=10.0.0.0, Culture=neutral, PublicKeyToken=b03f5f7f11d50a3a" className="PHMUnitTest.PersistentHeapTest, PHMUnitTest" name="AllocateAtEndOfFreeSpaceListTest" />
    </UnitTest>
    <UnitTest name="CreateTest" storage="c:\users\gwatson\desktop\sa\persistentarray\sadatabase\pafsunittest\bin\debug\pafsunittest.dll" id="e7c5dfe9-6c85-ed21-1287-63d333e61256">
      <Execution id="638be647-6c2a-4e75-8933-abed87253bc1" />
      <TestMethod codeBase="C:\Users\gwatson\Desktop\SA\PersistentArray\SADatabase\PAFSUnitTest\bin\Debug\PAFSUnitTest.dll" adapterTypeName="Microsoft.VisualStudio.TestTools.TestTypes.Unit.UnitTestAdapter, Microsoft.VisualStudio.QualityTools.Tips.UnitTest.Adapter, Version=10.0.0.0, Culture=neutral, PublicKeyToken=b03f5f7f11d50a3a" className="PAFSUnitTest.IPersistentArraySpaceManagerTest, PAFSUnitTest" name="CreateTest" />
    </UnitTest>
    <UnitTest name="FreeAddSpaceToStartOfFreeListTest" storage="c:\users\gwatson\desktop\sa\persistentarray\sadatabase\phmunittest\bin\debug\phmunittest.dll" id="e09c5cb1-1c0e-6e77-1183-514f09126ef8">
      <Execution id="66eb0be4-42f3-44db-a941-0f28f504915b" />
      <TestMethod codeBase="C:\Users\gwatson\Desktop\SA\PersistentArray\SADatabase\PHMUnitTest\bin\Debug\PHMUnitTest.dll" adapterTypeName="Microsoft.VisualStudio.TestTools.TestTypes.Unit.UnitTestAdapter, Microsoft.VisualStudio.QualityTools.Tips.UnitTest.Adapter, Version=10.0.0.0, Culture=neutral, PublicKeyToken=b03f5f7f11d50a3a" className="PHMUnitTest.PersistentHeapTest, PHMUnitTest" name="FreeAddSpaceToStartOfFreeListTest" />
    </UnitTest>
    <UnitTest name="UserSizeTest" storage="c:\users\gwatson\desktop\sa\persistentarray\sadatabase\phmunittest\bin\debug\phmunittest.dll" id="864cd63c-625b-94c6-46c4-e84f8efb06a6">
      <Execution id="4fb81ade-e291-4062-bade-5cec8356390c" />
      <TestMethod codeBase="C:\Users\gwatson\Desktop\SA\PersistentArray\SADatabase\PHMUnitTest\bin\Debug\PHMUnitTest.dll" adapterTypeName="Microsoft.VisualStudio.TestTools.TestTypes.Unit.UnitTestAdapter, Microsoft.VisualStudio.QualityTools.Tips.UnitTest.Adapter, Version=10.0.0.0, Culture=neutral, PublicKeyToken=b03f5f7f11d50a3a" className="PHMUnitTest.PersistentHeapSpaceTest, PHMUnitTest" name="UserSizeTest" />
    </UnitTest>
    <UnitTest name="FileDoesntExistTest" storage="c:\users\gwatson\desktop\sa\persistentarray\sadatabase\filepersistenceunittest\bin\debug\filepersistenceunittest.dll" id="93695325-fb5b-b117-f5c2-6cdaee20d742">
      <Execution id="c682f465-c218-42f2-ac32-1ef229b37525" />
      <TestMethod codeBase="C:\Users\gwatson\Desktop\SA\PersistentArray\SADatabase\FilePersistenceUnitTest\bin\Debug\FilePersistenceUnitTest.dll" adapterTypeName="Microsoft.VisualStudio.TestTools.TestTypes.Unit.UnitTestAdapter, Microsoft.VisualStudio.QualityTools.Tips.UnitTest.Adapter, Version=10.0.0.0, Culture=neutral, PublicKeyToken=b03f5f7f11d50a3a" className="FilePersistenceUnitTest.FileWithHeaderTest, FilePersistenceUnitTest" name="FileDoesntExistTest" />
    </UnitTest>
    <UnitTest name="PutTest" storage="c:\users\gwatson\desktop\sa\persistentarray\sadatabase\cpaunittest\bin\debug\cpaunittest.dll" id="b1852ad4-9275-e058-ea39-b89e2980d650">
      <Execution id="01c3524b-27f6-4ad1-9f80-507fc5285061" />
      <TestMethod codeBase="C:\Users\gwatson\Desktop\SA\PersistentArray\SADatabase\CPAUnitTest\bin\Debug\CPAUnitTest.dll" adapterTypeName="Microsoft.VisualStudio.TestTools.TestTypes.Unit.UnitTestAdapter, Microsoft.VisualStudio.QualityTools.Tips.UnitTest.Adapter, Version=10.0.0.0, Culture=neutral, PublicKeyToken=b03f5f7f11d50a3a" className="CPAUnitTest.CachedIArrayTest, CPAUnitTest" name="PutTest" />
    </UnitTest>
    <UnitTest name="GetElementSizeTest" storage="c:\users\gwatson\desktop\sa\persistentarray\sadatabase\cpaunittest\bin\debug\cpaunittest.dll" id="17c74e86-2a6c-cb27-d667-6f54dbf65bde">
      <Execution id="797f593c-9b8a-46d1-81ae-2894530ea712" />
      <TestMethod codeBase="C:\Users\gwatson\Desktop\SA\PersistentArray\SADatabase\CPAUnitTest\bin\Debug\CPAUnitTest.dll" adapterTypeName="Microsoft.VisualStudio.TestTools.TestTypes.Unit.UnitTestAdapter, Microsoft.VisualStudio.QualityTools.Tips.UnitTest.Adapter, Version=10.0.0.0, Culture=neutral, PublicKeyToken=b03f5f7f11d50a3a" className="CPAUnitTest.CachedIArrayTest, CPAUnitTest" name="GetElementSizeTest" />
    </UnitTest>
    <UnitTest name="WipeIndexTest" storage="c:\users\gwatson\desktop\sa\persistentarray\sadatabase\pafsunittest\bin\debug\pafsunittest.dll" id="a71a6b83-7f57-ce8c-0c72-5da1414dfef5">
      <Execution id="aa43cf58-1582-49af-a84a-92d30adec69a" />
      <TestMethod codeBase="C:\Users\gwatson\Desktop\SA\PersistentArray\SADatabase\PAFSUnitTest\bin\Debug\PAFSUnitTest.dll" adapterTypeName="Microsoft.VisualStudio.TestTools.TestTypes.Unit.UnitTestAdapter, Microsoft.VisualStudio.QualityTools.Tips.UnitTest.Adapter, Version=10.0.0.0, Culture=neutral, PublicKeyToken=b03f5f7f11d50a3a" className="PAFSUnitTest.IPersistentArraySpaceManagerTest, PAFSUnitTest" name="WipeIndexTest" />
    </UnitTest>
    <UnitTest name="ToIntTest" storage="c:\users\gwatson\desktop\sa\persistentarray\sadatabase\bytehelperunittest\bin\debug\bytehelperunittest.dll" id="cc0dd485-3eb5-47cf-79f5-71c3014c459a">
      <Execution id="cc6960b2-46c3-4223-98c3-a96fffd68c15" />
      <TestMethod codeBase="C:\Users\gwatson\Desktop\SA\PersistentArray\SADatabase\ByteHelperUnitTest\bin\Debug\ByteHelperUnitTest.dll" adapterTypeName="Microsoft.VisualStudio.TestTools.TestTypes.Unit.UnitTestAdapter, Microsoft.VisualStudio.QualityTools.Tips.UnitTest.Adapter, Version=10.0.0.0, Culture=neutral, PublicKeyToken=b03f5f7f11d50a3a" className="ByteHelperUnitTest.HelperTest, ByteHelperUnitTest" name="ToIntTest" />
    </UnitTest>
    <UnitTest name="GetHashCodeTest" storage="c:\users\gwatson\desktop\sa\persistentarray\sadatabase\bytehelperunittest\bin\debug\bytehelperunittest.dll" id="01045d66-f1c1-b905-4f83-06fa33497a3c">
      <Execution id="f2dda1bb-583a-42f0-8cf7-5ece9a885a6d" />
      <TestMethod codeBase="C:\Users\gwatson\Desktop\SA\PersistentArray\SADatabase\ByteHelperUnitTest\bin\Debug\ByteHelperUnitTest.dll" adapterTypeName="Microsoft.VisualStudio.TestTools.TestTypes.Unit.UnitTestAdapter, Microsoft.VisualStudio.QualityTools.Tips.UnitTest.Adapter, Version=10.0.0.0, Culture=neutral, PublicKeyToken=b03f5f7f11d50a3a" className="ByteHelperUnitTest.HelperTest, ByteHelperUnitTest" name="GetHashCodeTest" />
    </UnitTest>
    <UnitTest name="FileAlreadyExistsTest" storage="c:\users\gwatson\desktop\sa\persistentarray\sadatabase\filepersistenceunittest\bin\debug\filepersistenceunittest.dll" id="1232c426-0c7a-7827-61d6-db854aeef3be">
      <Execution id="a9e23e7a-0872-4253-b003-a98e4391caed" />
      <TestMethod codeBase="C:\Users\gwatson\Desktop\SA\PersistentArray\SADatabase\FilePersistenceUnitTest\bin\Debug\FilePersistenceUnitTest.dll" adapterTypeName="Microsoft.VisualStudio.TestTools.TestTypes.Unit.UnitTestAdapter, Microsoft.VisualStudio.QualityTools.Tips.UnitTest.Adapter, Version=10.0.0.0, Culture=neutral, PublicKeyToken=b03f5f7f11d50a3a" className="FilePersistenceUnitTest.FileWithHeaderTest, FilePersistenceUnitTest" name="FileAlreadyExistsTest" />
    </UnitTest>
    <UnitTest name="GetFileNameTest" storage="c:\users\gwatson\desktop\sa\persistentarray\sadatabase\persistenceunittest\bin\debug\persistenceunittest.dll" id="344d8cb8-23f2-23e3-3ec1-bef1b12c809d">
      <Execution id="eb61db8c-33f6-445c-8b2e-c60c84e2cd90" />
      <TestMethod codeBase="C:\Users\gwatson\Desktop\SA\PersistentArray\SADatabase\PersistenceUnitTest\bin\Debug\PersistenceUnitTest.dll" adapterTypeName="Microsoft.VisualStudio.TestTools.TestTypes.Unit.UnitTestAdapter, Microsoft.VisualStudio.QualityTools.Tips.UnitTest.Adapter, Version=10.0.0.0, Culture=neutral, PublicKeyToken=b03f5f7f11d50a3a" className="PersistenceUnitTest.RandomAccessFileTest, PersistenceUnitTest" name="GetFileNameTest" />
    </UnitTest>
    <UnitTest name="CtorTest" storage="c:\users\gwatson\desktop\sa\persistentarray\sadatabase\phtunittest\bin\debug\phtunittest.dll" id="2b9a3f45-3c5e-f945-6521-ce395feda3cb">
      <Execution id="4afe85fa-9587-48fa-bd98-4c8d0d0d3594" />
      <TestMethod codeBase="C:\Users\gwatson\Desktop\SA\PersistentArray\SADatabase\PHTUnitTest\bin\Debug\PHTUnitTest.dll" adapterTypeName="Microsoft.VisualStudio.TestTools.TestTypes.Unit.UnitTestAdapter, Microsoft.VisualStudio.QualityTools.Tips.UnitTest.Adapter, Version=10.0.0.0, Culture=neutral, PublicKeyToken=b03f5f7f11d50a3a" className="PHTUnitTest.HashTableHeaderTest, PHTUnitTest" name="CtorTest" />
    </UnitTest>
    <UnitTest name="AllocateSplitTest" storage="c:\users\gwatson\desktop\sa\persistentarray\sadatabase\phmunittest\bin\debug\phmunittest.dll" id="13b6656a-26f9-0ea8-7ea0-1310a5a1b2d4">
      <Execution id="6c1179f2-7118-45ac-973c-3445ce059233" />
      <TestMethod codeBase="C:\Users\gwatson\Desktop\SA\PersistentArray\SADatabase\PHMUnitTest\bin\Debug\PHMUnitTest.dll" adapterTypeName="Microsoft.VisualStudio.TestTools.TestTypes.Unit.UnitTestAdapter, Microsoft.VisualStudio.QualityTools.Tips.UnitTest.Adapter, Version=10.0.0.0, Culture=neutral, PublicKeyToken=b03f5f7f11d50a3a" className="PHMUnitTest.PersistentHeapTest, PHMUnitTest" name="AllocateSplitTest" />
    </UnitTest>
    <UnitTest name="PutGetTest" storage="c:\users\gwatson\desktop\sa\persistentarray\sadatabase\persistentarrayunittest\bin\debug\paunittest.dll" id="47e64445-4f51-07b5-3b92-f087a8ca68d5">
      <Execution id="cb76fb80-1d78-486e-a1f8-7141c4b40e4e" />
      <TestMethod codeBase="C:\Users\gwatson\Desktop\SA\PersistentArray\SADatabase\PersistentArrayUnitTest\bin\Debug\PAUnitTest.dll" adapterTypeName="Microsoft.VisualStudio.TestTools.TestTypes.Unit.UnitTestAdapter, Microsoft.VisualStudio.QualityTools.Tips.UnitTest.Adapter, Version=10.0.0.0, Culture=neutral, PublicKeyToken=b03f5f7f11d50a3a" className="PAUnitTest.IPersistentArrayTest, PAUnitTest" name="PutGetTest" />
    </UnitTest>
    <UnitTest name="GetPreviousTest" storage="c:\users\gwatson\desktop\sa\persistentarray\sadatabase\pllunittest\bin\debug\pllunittest.dll" id="565a9370-80c9-3456-28b5-ca4466bce36c">
      <Execution id="33ed6ac2-1790-4383-860c-a12068678253" />
      <TestMethod codeBase="C:\Users\gwatson\Desktop\SA\PersistentArray\SADatabase\PLLUnitTest\bin\Debug\PLLUnitTest.dll" adapterTypeName="Microsoft.VisualStudio.TestTools.TestTypes.Unit.UnitTestAdapter, Microsoft.VisualStudio.QualityTools.Tips.UnitTest.Adapter, Version=10.0.0.0, Culture=neutral, PublicKeyToken=b03f5f7f11d50a3a" className="PLLUnitTest.PersistentLinkedListTest, PLLUnitTest" name="GetPreviousTest" />
    </UnitTest>
    <UnitTest name="NoArrayTest" storage="c:\users\gwatson\desktop\sa\persistentarray\sadatabase\persistentarrayunittest\bin\debug\paunittest.dll" id="86053b92-a17e-53c2-7d77-530c0fa14797">
      <Execution id="f222f406-3749-40e7-941a-618b07b74bbf" />
      <TestMethod codeBase="C:\Users\gwatson\Desktop\SA\PersistentArray\SADatabase\PersistentArrayUnitTest\bin\Debug\PAUnitTest.dll" adapterTypeName="Microsoft.VisualStudio.TestTools.TestTypes.Unit.UnitTestAdapter, Microsoft.VisualStudio.QualityTools.Tips.UnitTest.Adapter, Version=10.0.0.0, Culture=neutral, PublicKeyToken=b03f5f7f11d50a3a" className="PAUnitTest.IPersistentArrayTest, PAUnitTest" name="NoArrayTest" />
    </UnitTest>
    <UnitTest name="DeserializeTest" storage="c:\users\gwatson\desktop\sa\persistentarray\sadatabase\phtunittest\bin\debug\phtunittest.dll" id="35a16e41-d355-d959-88ea-aa8f91cea11b">
      <Execution id="edf4adb1-1063-4921-86b0-7eda025eb266" />
      <TestMethod codeBase="C:\Users\gwatson\Desktop\SA\PersistentArray\SADatabase\PHTUnitTest\bin\Debug\PHTUnitTest.dll" adapterTypeName="Microsoft.VisualStudio.TestTools.TestTypes.Unit.UnitTestAdapter, Microsoft.VisualStudio.QualityTools.Tips.UnitTest.Adapter, Version=10.0.0.0, Culture=neutral, PublicKeyToken=b03f5f7f11d50a3a" className="PHTUnitTest.HashTableElementTest, PHTUnitTest" name="DeserializeTest" />
    </UnitTest>
    <UnitTest name="DeserializeTest" storage="c:\users\gwatson\desktop\sa\persistentarray\sadatabase\phmunittest\bin\debug\phmunittest.dll" id="636ae8bd-e313-1098-6c8a-b8c8ef7b79b2">
      <Execution id="51d17bf7-cf1a-4b09-bcca-898a909fe98a" />
      <TestMethod codeBase="C:\Users\gwatson\Desktop\SA\PersistentArray\SADatabase\PHMUnitTest\bin\Debug\PHMUnitTest.dll" adapterTypeName="Microsoft.VisualStudio.TestTools.TestTypes.Unit.UnitTestAdapter, Microsoft.VisualStudio.QualityTools.Tips.UnitTest.Adapter, Version=10.0.0.0, Culture=neutral, PublicKeyToken=b03f5f7f11d50a3a" className="PHMUnitTest.PersistentHeapHeaderTest, PHMUnitTest" name="DeserializeTest" />
    </UnitTest>
    <UnitTest name="EmptyNameTest" storage="c:\users\gwatson\desktop\sa\persistentarray\sadatabase\persistentarrayunittest\bin\debug\paunittest.dll" id="5335332c-34c5-80ee-4a17-60db3bec8999">
      <Execution id="5164432e-37db-4043-a0d6-d4f3e0dfff97" />
      <TestMethod codeBase="C:\Users\gwatson\Desktop\SA\PersistentArray\SADatabase\PersistentArrayUnitTest\bin\Debug\PAUnitTest.dll" adapterTypeName="Microsoft.VisualStudio.TestTools.TestTypes.Unit.UnitTestAdapter, Microsoft.VisualStudio.QualityTools.Tips.UnitTest.Adapter, Version=10.0.0.0, Culture=neutral, PublicKeyToken=b03f5f7f11d50a3a" className="PAUnitTest.IPersistentArrayTest, PAUnitTest" name="EmptyNameTest" />
    </UnitTest>
    <UnitTest name="GetUserHeaderSizeTest" storage="c:\users\gwatson\desktop\sa\persistentarray\sadatabase\phtunittest\bin\debug\phtunittest.dll" id="1604b673-3185-b533-77b5-a1fcf04b160d">
      <Execution id="3fe5535d-2adf-4cc4-946a-08c0211f613b" />
      <TestMethod codeBase="C:\Users\gwatson\Desktop\SA\PersistentArray\SADatabase\PHTUnitTest\bin\Debug\PHTUnitTest.dll" adapterTypeName="Microsoft.VisualStudio.TestTools.TestTypes.Unit.UnitTestAdapter, Microsoft.VisualStudio.QualityTools.Tips.UnitTest.Adapter, Version=10.0.0.0, Culture=neutral, PublicKeyToken=b03f5f7f11d50a3a" className="PHTUnitTest.PersistentHashTableTest, PHTUnitTest" name="GetUserHeaderSizeTest" />
    </UnitTest>
    <UnitTest name="RandomAccessFileConstructorTest" storage="c:\users\gwatson\desktop\sa\persistentarray\sadatabase\persistenceunittest\bin\debug\persistenceunittest.dll" id="9c153991-159a-b725-d7ba-010f61b98530">
      <Execution id="1e31b51d-715d-44ee-ab0b-84530c3ed057" />
      <TestMethod codeBase="C:\Users\gwatson\Desktop\SA\PersistentArray\SADatabase\PersistenceUnitTest\bin\Debug\PersistenceUnitTest.dll" adapterTypeName="Microsoft.VisualStudio.TestTools.TestTypes.Unit.UnitTestAdapter, Microsoft.VisualStudio.QualityTools.Tips.UnitTest.Adapter, Version=10.0.0.0, Culture=neutral, PublicKeyToken=b03f5f7f11d50a3a" className="PersistenceUnitTest.RandomAccessFileTest, PersistenceUnitTest" name="RandomAccessFileConstructorTest" />
    </UnitTest>
    <UnitTest name="PutGetTest" storage="c:\users\gwatson\desktop\sa\persistentarray\sadatabase\phmunittest\bin\debug\phmunittest.dll" id="bfb74228-802c-ebf9-5059-adacad2817c5">
      <Execution id="0e4a26cd-59f4-4e4e-b8da-6f39c5f952ad" />
      <TestMethod codeBase="C:\Users\gwatson\Desktop\SA\PersistentArray\SADatabase\PHMUnitTest\bin\Debug\PHMUnitTest.dll" adapterTypeName="Microsoft.VisualStudio.TestTools.TestTypes.Unit.UnitTestAdapter, Microsoft.VisualStudio.QualityTools.Tips.UnitTest.Adapter, Version=10.0.0.0, Culture=neutral, PublicKeyToken=b03f5f7f11d50a3a" className="PHMUnitTest.PersistentHeapTest, PHMUnitTest" name="PutGetTest" />
    </UnitTest>
    <UnitTest name="ReopenTest" storage="c:\users\gwatson\desktop\sa\persistentarray\sadatabase\persistentarrayunittest\bin\debug\paunittest.dll" id="00a5a340-dd24-58d6-2c39-57102dd10a93">
      <Execution id="c70eda39-e86f-4995-a0f3-4e95e844af8f" />
      <TestMethod codeBase="C:\Users\gwatson\Desktop\SA\PersistentArray\SADatabase\PersistentArrayUnitTest\bin\Debug\PAUnitTest.dll" adapterTypeName="Microsoft.VisualStudio.TestTools.TestTypes.Unit.UnitTestAdapter, Microsoft.VisualStudio.QualityTools.Tips.UnitTest.Adapter, Version=10.0.0.0, Culture=neutral, PublicKeyToken=b03f5f7f11d50a3a" className="PAUnitTest.IPersistentArrayTest, PAUnitTest" name="ReopenTest" />
    </UnitTest>
    <UnitTest name="WriteIntTest" storage="c:\users\gwatson\desktop\sa\persistentarray\sadatabase\persistenceunittest\bin\debug\persistenceunittest.dll" id="7f8205c8-b606-8c59-76b5-fbdb8f56ecd0">
      <Execution id="a228094c-822a-4d03-86c7-8c57fb4c2f11" />
      <TestMethod codeBase="C:\Users\gwatson\Desktop\SA\PersistentArray\SADatabase\PersistenceUnitTest\bin\Debug\PersistenceUnitTest.dll" adapterTypeName="Microsoft.VisualStudio.TestTools.TestTypes.Unit.UnitTestAdapter, Microsoft.VisualStudio.QualityTools.Tips.UnitTest.Adapter, Version=10.0.0.0, Culture=neutral, PublicKeyToken=b03f5f7f11d50a3a" className="PersistenceUnitTest.SlowRAFTest, PersistenceUnitTest" name="WriteIntTest" />
    </UnitTest>
    <UnitTest name="AddToStartTest" storage="c:\users\gwatson\desktop\sa\persistentarray\sadatabase\pllunittest\bin\debug\pllunittest.dll" id="0ef3c0a1-e279-0642-068f-cf09f20b4b4e">
      <Execution id="cb7bc6cd-ee0a-4652-8a06-5493f7ee4bca" />
      <TestMethod codeBase="C:\Users\gwatson\Desktop\SA\PersistentArray\SADatabase\PLLUnitTest\bin\Debug\PLLUnitTest.dll" adapterTypeName="Microsoft.VisualStudio.TestTools.TestTypes.Unit.UnitTestAdapter, Microsoft.VisualStudio.QualityTools.Tips.UnitTest.Adapter, Version=10.0.0.0, Culture=neutral, PublicKeyToken=b03f5f7f11d50a3a" className="PLLUnitTest.PersistentLinkedListTest, PLLUnitTest" name="AddToStartTest" />
    </UnitTest>
    <UnitTest name="GetNextIndexTest" storage="c:\users\gwatson\desktop\sa\persistentarray\sadatabase\cpaunittest\bin\debug\cpaunittest.dll" id="c5e39726-deec-c4f7-824b-1e41432b6b87">
      <Execution id="1b4ffa45-84a4-4eac-8d0e-0bbf1c282cbf" />
      <TestMethod codeBase="C:\Users\gwatson\Desktop\SA\PersistentArray\SADatabase\CPAUnitTest\bin\Debug\CPAUnitTest.dll" adapterTypeName="Microsoft.VisualStudio.TestTools.TestTypes.Unit.UnitTestAdapter, Microsoft.VisualStudio.QualityTools.Tips.UnitTest.Adapter, Version=10.0.0.0, Culture=neutral, PublicKeyToken=b03f5f7f11d50a3a" className="CPAUnitTest.CachedIArrayTest, CPAUnitTest" name="GetNextIndexTest" />
    </UnitTest>
    <UnitTest name="AddToEndTest" storage="c:\users\gwatson\desktop\sa\persistentarray\sadatabase\pllunittest\bin\debug\pllunittest.dll" id="e5f5eeb7-8767-c831-6700-d29e08cf89bb">
      <Execution id="d5df9d41-74d7-4c21-94ea-280d56e045c5" />
      <TestMethod codeBase="C:\Users\gwatson\Desktop\SA\PersistentArray\SADatabase\PLLUnitTest\bin\Debug\PLLUnitTest.dll" adapterTypeName="Microsoft.VisualStudio.TestTools.TestTypes.Unit.UnitTestAdapter, Microsoft.VisualStudio.QualityTools.Tips.UnitTest.Adapter, Version=10.0.0.0, Culture=neutral, PublicKeyToken=b03f5f7f11d50a3a" className="PLLUnitTest.PersistentLinkedListTest, PLLUnitTest" name="AddToEndTest" />
    </UnitTest>
    <UnitTest name="GetPutUserHeaderTest" storage="c:\users\gwatson\desktop\sa\persistentarray\sadatabase\filepersistenceunittest\bin\debug\filepersistenceunittest.dll" id="119f0d26-abb3-b910-6e20-3eb2e8267f66">
      <Execution id="1a4d33cf-752d-479c-8af3-4cee02e1cebb" />
      <TestMethod codeBase="C:\Users\gwatson\Desktop\SA\PersistentArray\SADatabase\FilePersistenceUnitTest\bin\Debug\FilePersistenceUnitTest.dll" adapterTypeName="Microsoft.VisualStudio.TestTools.TestTypes.Unit.UnitTestAdapter, Microsoft.VisualStudio.QualityTools.Tips.UnitTest.Adapter, Version=10.0.0.0, Culture=neutral, PublicKeyToken=b03f5f7f11d50a3a" className="FilePersistenceUnitTest.FileWithHeaderTest, FilePersistenceUnitTest" name="GetPutUserHeaderTest" />
    </UnitTest>
    <UnitTest name="ReopenTest" storage="c:\users\gwatson\desktop\sa\persistentarray\sadatabase\pafsunittest\bin\debug\pafsunittest.dll" id="1af0c77b-4d3c-a3e7-21cb-37332222dd11">
      <Execution id="e79f9543-6359-4a5d-b9a1-3840ad18bbb2" />
      <TestMethod codeBase="C:\Users\gwatson\Desktop\SA\PersistentArray\SADatabase\PAFSUnitTest\bin\Debug\PAFSUnitTest.dll" adapterTypeName="Microsoft.VisualStudio.TestTools.TestTypes.Unit.UnitTestAdapter, Microsoft.VisualStudio.QualityTools.Tips.UnitTest.Adapter, Version=10.0.0.0, Culture=neutral, PublicKeyToken=b03f5f7f11d50a3a" className="PAFSUnitTest.IPersistentArraySpaceManagerTest, PAFSUnitTest" name="ReopenTest" />
    </UnitTest>
    <UnitTest name="FreeMergeBeforeTest" storage="c:\users\gwatson\desktop\sa\persistentarray\sadatabase\phmunittest\bin\debug\phmunittest.dll" id="846fd299-442f-a81b-5ff1-400c3a67c543">
      <Execution id="1b6fee54-6c53-4a06-9ee4-c44c8a7a66f8" />
      <TestMethod codeBase="C:\Users\gwatson\Desktop\SA\PersistentArray\SADatabase\PHMUnitTest\bin\Debug\PHMUnitTest.dll" adapterTypeName="Microsoft.VisualStudio.TestTools.TestTypes.Unit.UnitTestAdapter, Microsoft.VisualStudio.QualityTools.Tips.UnitTest.Adapter, Version=10.0.0.0, Culture=neutral, PublicKeyToken=b03f5f7f11d50a3a" className="PHMUnitTest.PersistentHeapTest, PHMUnitTest" name="FreeMergeBeforeTest" />
    </UnitTest>
    <UnitTest name="CloseTest" storage="c:\users\gwatson\desktop\sa\persistentarray\sadatabase\cpaunittest\bin\debug\cpaunittest.dll" id="71ffb975-3ee7-3930-0f3e-7889b95a130e">
      <Execution id="d2980f88-3790-4c99-856f-d39602b9705a" />
      <TestMethod codeBase="C:\Users\gwatson\Desktop\SA\PersistentArray\SADatabase\CPAUnitTest\bin\Debug\CPAUnitTest.dll" adapterTypeName="Microsoft.VisualStudio.TestTools.TestTypes.Unit.UnitTestAdapter, Microsoft.VisualStudio.QualityTools.Tips.UnitTest.Adapter, Version=10.0.0.0, Culture=neutral, PublicKeyToken=b03f5f7f11d50a3a" className="CPAUnitTest.CachedIArrayTest, CPAUnitTest" name="CloseTest" />
    </UnitTest>
    <UnitTest name="NodeCtorTest" storage="c:\users\gwatson\desktop\sa\persistentarray\sadatabase\cpaunittest\bin\debug\cpaunittest.dll" id="b1c5d96c-054d-4348-7a86-0ce106021a41">
      <Execution id="94de37e3-d808-4c7b-97e3-2bab30e7f55c" />
      <TestMethod codeBase="C:\Users\gwatson\Desktop\SA\PersistentArray\SADatabase\CPAUnitTest\bin\Debug\CPAUnitTest.dll" adapterTypeName="Microsoft.VisualStudio.TestTools.TestTypes.Unit.UnitTestAdapter, Microsoft.VisualStudio.QualityTools.Tips.UnitTest.Adapter, Version=10.0.0.0, Culture=neutral, PublicKeyToken=b03f5f7f11d50a3a" className="CPAUnitTest.NodeTest, CPAUnitTest" name="NodeCtorTest" />
    </UnitTest>
    <UnitTest name="Append2Test" storage="c:\users\gwatson\desktop\sa\persistentarray\sadatabase\bytehelperunittest\bin\debug\bytehelperunittest.dll" id="9042f580-80d7-070e-6671-c783c7157c04">
      <Execution id="4e23091d-8c79-425f-b38d-aebb9618e575" />
      <TestMethod codeBase="C:\Users\gwatson\Desktop\SA\PersistentArray\SADatabase\ByteHelperUnitTest\bin\Debug\ByteHelperUnitTest.dll" adapterTypeName="Microsoft.VisualStudio.TestTools.TestTypes.Unit.UnitTestAdapter, Microsoft.VisualStudio.QualityTools.Tips.UnitTest.Adapter, Version=10.0.0.0, Culture=neutral, PublicKeyToken=b03f5f7f11d50a3a" className="ByteHelperUnitTest.HelperTest, ByteHelperUnitTest" name="Append2Test" />
    </UnitTest>
    <UnitTest name="SeekTest" storage="c:\users\gwatson\desktop\sa\persistentarray\sadatabase\persistenceunittest\bin\debug\persistenceunittest.dll" id="610385d3-c2b5-eeb9-1ed4-86ca6ad846de">
      <Execution id="4467b14c-0814-4907-8810-751cb27b8856" />
      <TestMethod codeBase="C:\Users\gwatson\Desktop\SA\PersistentArray\SADatabase\PersistenceUnitTest\bin\Debug\PersistenceUnitTest.dll" adapterTypeName="Microsoft.VisualStudio.TestTools.TestTypes.Unit.UnitTestAdapter, Microsoft.VisualStudio.QualityTools.Tips.UnitTest.Adapter, Version=10.0.0.0, Culture=neutral, PublicKeyToken=b03f5f7f11d50a3a" className="PersistenceUnitTest.RandomAccessFileTest, PersistenceUnitTest" name="SeekTest" />
    </UnitTest>
    <UnitTest name="AssertNotBadNodeIndexTest" storage="c:\users\gwatson\desktop\sa\persistentarray\sadatabase\pllunittest\bin\debug\pllunittest.dll" id="63cc42b4-1dc6-41a3-f417-45c71de20956">
      <Execution id="0d5806af-40a9-4969-b07b-2079a9b18a4a" />
      <TestMethod codeBase="C:\Users\gwatson\Desktop\SA\PersistentArray\SADatabase\PLLUnitTest\bin\Debug\PLLUnitTest.dll" adapterTypeName="Microsoft.VisualStudio.TestTools.TestTypes.Unit.UnitTestAdapter, Microsoft.VisualStudio.QualityTools.Tips.UnitTest.Adapter, Version=10.0.0.0, Culture=neutral, PublicKeyToken=b03f5f7f11d50a3a" className="PLLUnitTest.PersistentLinkedListTest, PLLUnitTest" name="AssertNotBadNodeIndexTest" />
    </UnitTest>
    <UnitTest name="UserHeaderConstructorTest" storage="c:\users\gwatson\desktop\sa\persistentarray\sadatabase\filepersistenceunittest\bin\debug\filepersistenceunittest.dll" id="a9ffaa5b-f9ae-7924-38fd-a4efa57e9554">
      <Execution id="a5f5fcd6-331c-4c9b-9586-b3d2043a3385" />
      <TestMethod codeBase="C:\Users\gwatson\Desktop\SA\PersistentArray\SADatabase\FilePersistenceUnitTest\bin\Debug\FilePersistenceUnitTest.dll" adapterTypeName="Microsoft.VisualStudio.TestTools.TestTypes.Unit.UnitTestAdapter, Microsoft.VisualStudio.QualityTools.Tips.UnitTest.Adapter, Version=10.0.0.0, Culture=neutral, PublicKeyToken=b03f5f7f11d50a3a" className="FilePersistenceUnitTest.UserHeaderTest, FilePersistenceUnitTest" name="UserHeaderConstructorTest" />
    </UnitTest>
    <UnitTest name="GetNextTest" storage="c:\users\gwatson\desktop\sa\persistentarray\sadatabase\pllunittest\bin\debug\pllunittest.dll" id="ffe04048-3d0c-a00a-f497-66ad2a87b507">
      <Execution id="bf47e302-8607-4d70-82c9-38724b2c81ba" />
      <TestMethod codeBase="C:\Users\gwatson\Desktop\SA\PersistentArray\SADatabase\PLLUnitTest\bin\Debug\PLLUnitTest.dll" adapterTypeName="Microsoft.VisualStudio.TestTools.TestTypes.Unit.UnitTestAdapter, Microsoft.VisualStudio.QualityTools.Tips.UnitTest.Adapter, Version=10.0.0.0, Culture=neutral, PublicKeyToken=b03f5f7f11d50a3a" className="PLLUnitTest.PersistentLinkedListTest, PLLUnitTest" name="GetNextTest" />
    </UnitTest>
    <UnitTest name="DeserializeTest" storage="c:\users\gwatson\desktop\sa\persistentarray\sadatabase\phtunittest\bin\debug\phtunittest.dll" id="5e1a90a3-2d69-9f23-3961-d8b82f54f7e7">
      <Execution id="7918e05d-7fe2-419a-aa9b-71901ef8ef42" />
      <TestMethod codeBase="C:\Users\gwatson\Desktop\SA\PersistentArray\SADatabase\PHTUnitTest\bin\Debug\PHTUnitTest.dll" adapterTypeName="Microsoft.VisualStudio.TestTools.TestTypes.Unit.UnitTestAdapter, Microsoft.VisualStudio.QualityTools.Tips.UnitTest.Adapter, Version=10.0.0.0, Culture=neutral, PublicKeyToken=b03f5f7f11d50a3a" className="PHTUnitTest.HashTableHeaderTest, PHTUnitTest" name="DeserializeTest" />
    </UnitTest>
    <UnitTest name="Append1Test" storage="c:\users\gwatson\desktop\sa\persistentarray\sadatabase\bytehelperunittest\bin\debug\bytehelperunittest.dll" id="e489bd92-1fdb-dce0-d50f-126dc15b0598">
      <Execution id="d91afb92-9870-44bf-a287-8ba1067a42e2" />
      <TestMethod codeBase="C:\Users\gwatson\Desktop\SA\PersistentArray\SADatabase\ByteHelperUnitTest\bin\Debug\ByteHelperUnitTest.dll" adapterTypeName="Microsoft.VisualStudio.TestTools.TestTypes.Unit.UnitTestAdapter, Microsoft.VisualStudio.QualityTools.Tips.UnitTest.Adapter, Version=10.0.0.0, Culture=neutral, PublicKeyToken=b03f5f7f11d50a3a" className="ByteHelperUnitTest.HelperTest, ByteHelperUnitTest" name="Append1Test" />
    </UnitTest>
    <UnitTest name="GetNextIndexTest" storage="c:\users\gwatson\desktop\sa\persistentarray\sadatabase\persistentarrayunittest\bin\debug\paunittest.dll" id="07414e15-0007-4d7b-15c6-ec13fc17ad8b">
      <Execution id="86e576b5-2cdf-4fc8-a903-3a702c2872a2" />
      <TestMethod codeBase="C:\Users\gwatson\Desktop\SA\PersistentArray\SADatabase\PersistentArrayUnitTest\bin\Debug\PAUnitTest.dll" adapterTypeName="Microsoft.VisualStudio.TestTools.TestTypes.Unit.UnitTestAdapter, Microsoft.VisualStudio.QualityTools.Tips.UnitTest.Adapter, Version=10.0.0.0, Culture=neutral, PublicKeyToken=b03f5f7f11d50a3a" className="PAUnitTest.IPersistentArrayTest, PAUnitTest" name="GetNextIndexTest" />
    </UnitTest>
    <UnitTest name="SizeInBytesTest" storage="c:\users\gwatson\desktop\sa\persistentarray\sadatabase\phmunittest\bin\debug\phmunittest.dll" id="282879a0-7b32-ff9a-e44c-1a4579417208">
      <Execution id="f451244d-65ce-4a45-bc1d-0a7fac2adc86" />
      <TestMethod codeBase="C:\Users\gwatson\Desktop\SA\PersistentArray\SADatabase\PHMUnitTest\bin\Debug\PHMUnitTest.dll" adapterTypeName="Microsoft.VisualStudio.TestTools.TestTypes.Unit.UnitTestAdapter, Microsoft.VisualStudio.QualityTools.Tips.UnitTest.Adapter, Version=10.0.0.0, Culture=neutral, PublicKeyToken=b03f5f7f11d50a3a" className="PHMUnitTest.PersistentHeapSpaceTest, PHMUnitTest" name="SizeInBytesTest" />
    </UnitTest>
    <UnitTest name="CreateTest" storage="c:\users\gwatson\desktop\sa\persistentarray\sadatabase\pllunittest\bin\debug\pllunittest.dll" id="fd2220b2-26eb-6999-62ad-4cbb765b850c">
      <Execution id="b26a0f91-d38d-4927-a5b5-1bb6765fe03d" />
      <TestMethod codeBase="C:\Users\gwatson\Desktop\SA\PersistentArray\SADatabase\PLLUnitTest\bin\Debug\PLLUnitTest.dll" adapterTypeName="Microsoft.VisualStudio.TestTools.TestTypes.Unit.UnitTestAdapter, Microsoft.VisualStudio.QualityTools.Tips.UnitTest.Adapter, Version=10.0.0.0, Culture=neutral, PublicKeyToken=b03f5f7f11d50a3a" className="PLLUnitTest.PersistentLinkedListTest, PLLUnitTest" name="CreateTest" />
    </UnitTest>
    <UnitTest name="InsertThrowsTest" storage="c:\users\gwatson\desktop\sa\persistentarray\sadatabase\pllunittest\bin\debug\pllunittest.dll" id="7256c121-b7a1-76a6-3a43-87fec1af02da">
      <Execution id="c4480582-7ba4-4e4d-bc75-837505141aa3" />
      <TestMethod codeBase="C:\Users\gwatson\Desktop\SA\PersistentArray\SADatabase\PLLUnitTest\bin\Debug\PLLUnitTest.dll" adapterTypeName="Microsoft.VisualStudio.TestTools.TestTypes.Unit.UnitTestAdapter, Microsoft.VisualStudio.QualityTools.Tips.UnitTest.Adapter, Version=10.0.0.0, Culture=neutral, PublicKeyToken=b03f5f7f11d50a3a" className="PLLUnitTest.PersistentLinkedListTest, PLLUnitTest" name="InsertThrowsTest" />
    </UnitTest>
    <UnitTest name="CreateCtorTest" storage="c:\users\gwatson\desktop\sa\persistentarray\sadatabase\cpaunittest\bin\debug\cpaunittest.dll" id="414c1d58-8de9-a775-6ff6-4a9efb4178ab">
      <Execution id="ce11aed6-07fd-4cfb-bc67-d18d693872ab" />
      <TestMethod codeBase="C:\Users\gwatson\Desktop\SA\PersistentArray\SADatabase\CPAUnitTest\bin\Debug\CPAUnitTest.dll" adapterTypeName="Microsoft.VisualStudio.TestTools.TestTypes.Unit.UnitTestAdapter, Microsoft.VisualStudio.QualityTools.Tips.UnitTest.Adapter, Version=10.0.0.0, Culture=neutral, PublicKeyToken=b03f5f7f11d50a3a" className="CPAUnitTest.CachedIArrayTest, CPAUnitTest" name="CreateCtorTest" />
    </UnitTest>
    <UnitTest name="CtorCreateTest" storage="c:\users\gwatson\desktop\sa\persistentarray\sadatabase\phmunittest\bin\debug\phmunittest.dll" id="c1c24e9f-1ef1-eaa1-585b-5748c70dad65">
      <Execution id="5e07fbc1-8926-4513-b1e8-c2025a9dbf4c" />
      <TestMethod codeBase="C:\Users\gwatson\Desktop\SA\PersistentArray\SADatabase\PHMUnitTest\bin\Debug\PHMUnitTest.dll" adapterTypeName="Microsoft.VisualStudio.TestTools.TestTypes.Unit.UnitTestAdapter, Microsoft.VisualStudio.QualityTools.Tips.UnitTest.Adapter, Version=10.0.0.0, Culture=neutral, PublicKeyToken=b03f5f7f11d50a3a" className="PHMUnitTest.PersistentHeapTest, PHMUnitTest" name="CtorCreateTest" />
    </UnitTest>
    <UnitTest name="GetUserHeaderTest" storage="c:\users\gwatson\desktop\sa\persistentarray\sadatabase\pafsunittest\bin\debug\pafsunittest.dll" id="5e51bd1e-dd26-d7ed-b6ba-6a8f01ee0f1b">
      <Execution id="dabbd4c6-8cf2-4259-af71-2b5fdbcfa295" />
      <TestMethod codeBase="C:\Users\gwatson\Desktop\SA\PersistentArray\SADatabase\PAFSUnitTest\bin\Debug\PAFSUnitTest.dll" adapterTypeName="Microsoft.VisualStudio.TestTools.TestTypes.Unit.UnitTestAdapter, Microsoft.VisualStudio.QualityTools.Tips.UnitTest.Adapter, Version=10.0.0.0, Culture=neutral, PublicKeyToken=b03f5f7f11d50a3a" className="PAFSUnitTest.IPersistentArraySpaceManagerTest, PAFSUnitTest" name="GetUserHeaderTest" />
    </UnitTest>
    <UnitTest name="LRUElementCacheCtorTest" storage="c:\users\gwatson\desktop\sa\persistentarray\sadatabase\cpaunittest\bin\debug\cpaunittest.dll" id="818a96ef-af23-e852-2659-31e5781f9e2c">
      <Execution id="994ff001-a574-4d92-acdc-5108a1f50525" />
      <TestMethod codeBase="C:\Users\gwatson\Desktop\SA\PersistentArray\SADatabase\CPAUnitTest\bin\Debug\CPAUnitTest.dll" adapterTypeName="Microsoft.VisualStudio.TestTools.TestTypes.Unit.UnitTestAdapter, Microsoft.VisualStudio.QualityTools.Tips.UnitTest.Adapter, Version=10.0.0.0, Culture=neutral, PublicKeyToken=b03f5f7f11d50a3a" className="CPAUnitTest.LRUElementCacheTest, CPAUnitTest" name="LRUElementCacheCtorTest" />
    </UnitTest>
    <UnitTest name="CtorTest" storage="c:\users\gwatson\desktop\sa\persistentarray\sadatabase\phmunittest\bin\debug\phmunittest.dll" id="dc59e212-85a1-3e76-d4aa-2b0731bd07f1">
      <Execution id="cf570482-4906-4f9a-9f7f-16a250ad13f2" />
      <TestMethod codeBase="C:\Users\gwatson\Desktop\SA\PersistentArray\SADatabase\PHMUnitTest\bin\Debug\PHMUnitTest.dll" adapterTypeName="Microsoft.VisualStudio.TestTools.TestTypes.Unit.UnitTestAdapter, Microsoft.VisualStudio.QualityTools.Tips.UnitTest.Adapter, Version=10.0.0.0, Culture=neutral, PublicKeyToken=b03f5f7f11d50a3a" className="PHMUnitTest.PersistentHeapFreeSpaceTest, PHMUnitTest" name="CtorTest" />
    </UnitTest>
    <UnitTest name="GetTest" storage="c:\users\gwatson\desktop\sa\persistentarray\sadatabase\cpaunittest\bin\debug\cpaunittest.dll" id="4aeb4eda-2347-4daf-0915-85bd224c5d85">
      <Execution id="a0293407-79f1-4322-a7b1-46f714c32b25" />
      <TestMethod codeBase="C:\Users\gwatson\Desktop\SA\PersistentArray\SADatabase\CPAUnitTest\bin\Debug\CPAUnitTest.dll" adapterTypeName="Microsoft.VisualStudio.TestTools.TestTypes.Unit.UnitTestAdapter, Microsoft.VisualStudio.QualityTools.Tips.UnitTest.Adapter, Version=10.0.0.0, Culture=neutral, PublicKeyToken=b03f5f7f11d50a3a" className="CPAUnitTest.CachedIArrayTest, CPAUnitTest" name="GetTest" />
    </UnitTest>
    <UnitTest name="CtorTest" storage="c:\users\gwatson\desktop\sa\persistentarray\sadatabase\phtunittest\bin\debug\phtunittest.dll" id="2ecace38-de69-65fe-78ba-795f763f7921">
      <Execution id="af95b29e-f2c4-49d6-bec6-a674b7983b33" />
      <TestMethod codeBase="C:\Users\gwatson\Desktop\SA\PersistentArray\SADatabase\PHTUnitTest\bin\Debug\PHTUnitTest.dll" adapterTypeName="Microsoft.VisualStudio.TestTools.TestTypes.Unit.UnitTestAdapter, Microsoft.VisualStudio.QualityTools.Tips.UnitTest.Adapter, Version=10.0.0.0, Culture=neutral, PublicKeyToken=b03f5f7f11d50a3a" className="PHTUnitTest.PersistentHashTableTest, PHTUnitTest" name="CtorTest" />
    </UnitTest>
    <UnitTest name="WriteToStorageTest" storage="c:\users\gwatson\desktop\sa\persistentarray\sadatabase\filepersistenceunittest\bin\debug\filepersistenceunittest.dll" id="2053caf7-0cee-71a7-c0a3-31f51653539e">
      <Execution id="ebe6aeac-6217-4df2-adc4-90109f194898" />
      <TestMethod codeBase="C:\Users\gwatson\Desktop\SA\PersistentArray\SADatabase\FilePersistenceUnitTest\bin\Debug\FilePersistenceUnitTest.dll" adapterTypeName="Microsoft.VisualStudio.TestTools.TestTypes.Unit.UnitTestAdapter, Microsoft.VisualStudio.QualityTools.Tips.UnitTest.Adapter, Version=10.0.0.0, Culture=neutral, PublicKeyToken=b03f5f7f11d50a3a" className="FilePersistenceUnitTest.UserHeaderTest, FilePersistenceUnitTest" name="WriteToStorageTest" />
    </UnitTest>
    <UnitTest name="PutGetUserHeaderTest" storage="c:\users\gwatson\desktop\sa\persistentarray\sadatabase\cpaunittest\bin\debug\cpaunittest.dll" id="7ad6c21f-feaf-20c3-6794-ee2d02f21a1c">
      <Execution id="08d4446a-ed3a-4999-89bb-39156716a339" />
      <TestMethod codeBase="C:\Users\gwatson\Desktop\SA\PersistentArray\SADatabase\CPAUnitTest\bin\Debug\CPAUnitTest.dll" adapterTypeName="Microsoft.VisualStudio.TestTools.TestTypes.Unit.UnitTestAdapter, Microsoft.VisualStudio.QualityTools.Tips.UnitTest.Adapter, Version=10.0.0.0, Culture=neutral, PublicKeyToken=b03f5f7f11d50a3a" className="CPAUnitTest.CachedIArrayTest, CPAUnitTest" name="PutGetUserHeaderTest" />
    </UnitTest>
    <UnitTest name="InsertLinksCorrectlyTest" storage="c:\users\gwatson\desktop\sa\persistentarray\sadatabase\pllunittest\bin\debug\pllunittest.dll" id="f0820a20-bffa-aca4-73b6-cb5b10486dcd">
      <Execution id="f9ef5506-945f-427f-a7ed-0981c81c72ab" />
      <TestMethod codeBase="C:\Users\gwatson\Desktop\SA\PersistentArray\SADatabase\PLLUnitTest\bin\Debug\PLLUnitTest.dll" adapterTypeName="Microsoft.VisualStudio.TestTools.TestTypes.Unit.UnitTestAdapter, Microsoft.VisualStudio.QualityTools.Tips.UnitTest.Adapter, Version=10.0.0.0, Culture=neutral, PublicKeyToken=b03f5f7f11d50a3a" className="PLLUnitTest.PersistentLinkedListTest, PLLUnitTest" name="InsertLinksCorrectlyTest" />
    </UnitTest>
    <UnitTest name="GetTest" storage="c:\users\gwatson\desktop\sa\persistentarray\sadatabase\cpaunittest\bin\debug\cpaunittest.dll" id="386c50f6-2d09-529c-8336-cdd485ffb439">
      <Execution id="a2697d9a-f18c-42a7-bb14-5c594788e0e7" />
      <TestMethod codeBase="C:\Users\gwatson\Desktop\SA\PersistentArray\SADatabase\CPAUnitTest\bin\Debug\CPAUnitTest.dll" adapterTypeName="Microsoft.VisualStudio.TestTools.TestTypes.Unit.UnitTestAdapter, Microsoft.VisualStudio.QualityTools.Tips.UnitTest.Adapter, Version=10.0.0.0, Culture=neutral, PublicKeyToken=b03f5f7f11d50a3a" className="CPAUnitTest.LRUElementCacheTest, CPAUnitTest" name="GetTest" />
    </UnitTest>
    <UnitTest name="SerializeTest" storage="c:\users\gwatson\desktop\sa\persistentarray\sadatabase\pafsunittest\bin\debug\pafsunittest.dll" id="dcd55a77-217b-2a2a-b734-243925f84d45">
      <Execution id="60c302f2-163c-4904-b754-52139cff4f58" />
      <TestMethod codeBase="C:\Users\gwatson\Desktop\SA\PersistentArray\SADatabase\PAFSUnitTest\bin\Debug\PAFSUnitTest.dll" adapterTypeName="Microsoft.VisualStudio.TestTools.TestTypes.Unit.UnitTestAdapter, Microsoft.VisualStudio.QualityTools.Tips.UnitTest.Adapter, Version=10.0.0.0, Culture=neutral, PublicKeyToken=b03f5f7f11d50a3a" className="PAFSUnitTest.PAFSHeaderTest, PAFSUnitTest" name="SerializeTest" />
    </UnitTest>
    <UnitTest name="ReadByteTest" storage="c:\users\gwatson\desktop\sa\persistentarray\sadatabase\persistenceunittest\bin\debug\persistenceunittest.dll" id="15eee5ec-03b7-2b3f-62ff-f766c0f78875">
      <Execution id="76aa7a21-c3ce-404a-9755-93bc838dca63" />
      <TestMethod codeBase="C:\Users\gwatson\Desktop\SA\PersistentArray\SADatabase\PersistenceUnitTest\bin\Debug\PersistenceUnitTest.dll" adapterTypeName="Microsoft.VisualStudio.TestTools.TestTypes.Unit.UnitTestAdapter, Microsoft.VisualStudio.QualityTools.Tips.UnitTest.Adapter, Version=10.0.0.0, Culture=neutral, PublicKeyToken=b03f5f7f11d50a3a" className="PersistenceUnitTest.RandomAccessFileTest, PersistenceUnitTest" name="ReadByteTest" />
    </UnitTest>
    <UnitTest name="GetNextIndexTest" storage="c:\users\gwatson\desktop\sa\persistentarray\sadatabase\filepersistenceunittest\bin\debug\filepersistenceunittest.dll" id="44b2bd84-c18b-ffc2-bf52-0bd4506adf9f">
      <Execution id="b569da14-dbd5-4b09-bfcd-bd4ef0fca414" />
      <TestMethod codeBase="C:\Users\gwatson\Desktop\SA\PersistentArray\SADatabase\FilePersistenceUnitTest\bin\Debug\FilePersistenceUnitTest.dll" adapterTypeName="Microsoft.VisualStudio.TestTools.TestTypes.Unit.UnitTestAdapter, Microsoft.VisualStudio.QualityTools.Tips.UnitTest.Adapter, Version=10.0.0.0, Culture=neutral, PublicKeyToken=b03f5f7f11d50a3a" className="FilePersistenceUnitTest.FileWithHeaderTest, FilePersistenceUnitTest" name="GetNextIndexTest" />
    </UnitTest>
    <UnitTest name="ElementCtorTest" storage="c:\users\gwatson\desktop\sa\persistentarray\sadatabase\persistentarrayunittest\bin\debug\paunittest.dll" id="d7a29e06-03fa-67e4-6f87-44c551f8b54e">
      <Execution id="ed21b73d-3f74-4a10-b220-06374d43726c" />
      <TestMethod codeBase="C:\Users\gwatson\Desktop\SA\PersistentArray\SADatabase\PersistentArrayUnitTest\bin\Debug\PAUnitTest.dll" adapterTypeName="Microsoft.VisualStudio.TestTools.TestTypes.Unit.UnitTestAdapter, Microsoft.VisualStudio.QualityTools.Tips.UnitTest.Adapter, Version=10.0.0.0, Culture=neutral, PublicKeyToken=b03f5f7f11d50a3a" className="PAUnitTest.ElementTest, PAUnitTest" name="ElementCtorTest" />
    </UnitTest>
    <UnitTest name="PutGetUserHeaderTest" storage="c:\users\gwatson\desktop\sa\persistentarray\sadatabase\phtunittest\bin\debug\phtunittest.dll" id="eba5dc6e-9bfa-ee02-4059-95270e8b548f">
      <Execution id="614de8d0-aa08-4338-bfa6-3f3257ffcc1f" />
      <TestMethod codeBase="C:\Users\gwatson\Desktop\SA\PersistentArray\SADatabase\PHTUnitTest\bin\Debug\PHTUnitTest.dll" adapterTypeName="Microsoft.VisualStudio.TestTools.TestTypes.Unit.UnitTestAdapter, Microsoft.VisualStudio.QualityTools.Tips.UnitTest.Adapter, Version=10.0.0.0, Culture=neutral, PublicKeyToken=b03f5f7f11d50a3a" className="PHTUnitTest.PersistentHashTableTest, PHTUnitTest" name="PutGetUserHeaderTest" />
    </UnitTest>
    <UnitTest name="SerializeTest" storage="c:\users\gwatson\desktop\sa\persistentarray\sadatabase\phtunittest\bin\debug\phtunittest.dll" id="ff3263d9-8c70-f60e-d721-c5d537b9f312">
      <Execution id="2eb52912-c349-43bd-8ca6-d2bbe3ff3689" />
      <TestMethod codeBase="C:\Users\gwatson\Desktop\SA\PersistentArray\SADatabase\PHTUnitTest\bin\Debug\PHTUnitTest.dll" adapterTypeName="Microsoft.VisualStudio.TestTools.TestTypes.Unit.UnitTestAdapter, Microsoft.VisualStudio.QualityTools.Tips.UnitTest.Adapter, Version=10.0.0.0, Culture=neutral, PublicKeyToken=b03f5f7f11d50a3a" className="PHTUnitTest.HashTableElementTest, PHTUnitTest" name="SerializeTest" />
    </UnitTest>
    <UnitTest name="ReadByteArrayTest" storage="c:\users\gwatson\desktop\sa\persistentarray\sadatabase\persistenceunittest\bin\debug\persistenceunittest.dll" id="965a56bb-5e93-1f41-fa3a-18161c642244">
      <Execution id="6dd2e0d9-a9a2-45a3-adcb-6976d6646aad" />
      <TestMethod codeBase="C:\Users\gwatson\Desktop\SA\PersistentArray\SADatabase\PersistenceUnitTest\bin\Debug\PersistenceUnitTest.dll" adapterTypeName="Microsoft.VisualStudio.TestTools.TestTypes.Unit.UnitTestAdapter, Microsoft.VisualStudio.QualityTools.Tips.UnitTest.Adapter, Version=10.0.0.0, Culture=neutral, PublicKeyToken=b03f5f7f11d50a3a" className="PersistenceUnitTest.RandomAccessFileTest, PersistenceUnitTest" name="ReadByteArrayTest" />
    </UnitTest>
    <UnitTest name="SerializeTest" storage="c:\users\gwatson\desktop\sa\persistentarray\sadatabase\phmunittest\bin\debug\phmunittest.dll" id="f173e7fc-49c9-6230-eca2-9afec5f70750">
      <Execution id="40e5d340-d5db-4b4c-b867-7cdbf9055d92" />
      <TestMethod codeBase="C:\Users\gwatson\Desktop\SA\PersistentArray\SADatabase\PHMUnitTest\bin\Debug\PHMUnitTest.dll" adapterTypeName="Microsoft.VisualStudio.TestTools.TestTypes.Unit.UnitTestAdapter, Microsoft.VisualStudio.QualityTools.Tips.UnitTest.Adapter, Version=10.0.0.0, Culture=neutral, PublicKeyToken=b03f5f7f11d50a3a" className="PHMUnitTest.PersistentHeapHeaderTest, PHMUnitTest" name="SerializeTest" />
    </UnitTest>
    <UnitTest name="FreeAddSpaceToEndOfFreeListTest" storage="c:\users\gwatson\desktop\sa\persistentarray\sadatabase\phmunittest\bin\debug\phmunittest.dll" id="9d918454-2feb-95e0-4026-22b2c4e3a005">
      <Execution id="f73e2033-c7d6-4306-870d-f8da6941d483" />
      <TestMethod codeBase="C:\Users\gwatson\Desktop\SA\PersistentArray\SADatabase\PHMUnitTest\bin\Debug\PHMUnitTest.dll" adapterTypeName="Microsoft.VisualStudio.TestTools.TestTypes.Unit.UnitTestAdapter, Microsoft.VisualStudio.QualityTools.Tips.UnitTest.Adapter, Version=10.0.0.0, Culture=neutral, PublicKeyToken=b03f5f7f11d50a3a" className="PHMUnitTest.PersistentHeapTest, PHMUnitTest" name="FreeAddSpaceToEndOfFreeListTest" />
    </UnitTest>
    <UnitTest name="PutGetUserHeaderTest" storage="c:\users\gwatson\desktop\sa\persistentarray\sadatabase\phmunittest\bin\debug\phmunittest.dll" id="94000a80-807f-643f-04b5-3a8c67520adc">
      <Execution id="07972fca-0149-47b1-be3c-288bda2083e8" />
      <TestMethod codeBase="C:\Users\gwatson\Desktop\SA\PersistentArray\SADatabase\PHMUnitTest\bin\Debug\PHMUnitTest.dll" adapterTypeName="Microsoft.VisualStudio.TestTools.TestTypes.Unit.UnitTestAdapter, Microsoft.VisualStudio.QualityTools.Tips.UnitTest.Adapter, Version=10.0.0.0, Culture=neutral, PublicKeyToken=b03f5f7f11d50a3a" className="PHMUnitTest.PersistentHeapTest, PHMUnitTest" name="PutGetUserHeaderTest" />
    </UnitTest>
    <UnitTest name="FreeMiddleSpaceTest" storage="c:\users\gwatson\desktop\sa\persistentarray\sadatabase\phmunittest\bin\debug\phmunittest.dll" id="07fd6071-5ad6-8ae1-19db-6f86b098fff4">
      <Execution id="bec4af52-3561-4d9d-a054-9e54173fa5cd" />
      <TestMethod codeBase="C:\Users\gwatson\Desktop\SA\PersistentArray\SADatabase\PHMUnitTest\bin\Debug\PHMUnitTest.dll" adapterTypeName="Microsoft.VisualStudio.TestTools.TestTypes.Unit.UnitTestAdapter, Microsoft.VisualStudio.QualityTools.Tips.UnitTest.Adapter, Version=10.0.0.0, Culture=neutral, PublicKeyToken=b03f5f7f11d50a3a" className="PHMUnitTest.PersistentHeapTest, PHMUnitTest" name="FreeMiddleSpaceTest" />
    </UnitTest>
    <UnitTest name="ReopenTest" storage="c:\users\gwatson\desktop\sa\persistentarray\sadatabase\phtunittest\bin\debug\phtunittest.dll" id="bfe87bac-e9fc-a821-d953-1eb8c9641d62">
      <Execution id="e21bfc72-6555-4d44-ba13-f111129173f4" />
      <TestMethod codeBase="C:\Users\gwatson\Desktop\SA\PersistentArray\SADatabase\PHTUnitTest\bin\Debug\PHTUnitTest.dll" adapterTypeName="Microsoft.VisualStudio.TestTools.TestTypes.Unit.UnitTestAdapter, Microsoft.VisualStudio.QualityTools.Tips.UnitTest.Adapter, Version=10.0.0.0, Culture=neutral, PublicKeyToken=b03f5f7f11d50a3a" className="PHTUnitTest.PersistentHashTableTest, PHTUnitTest" name="ReopenTest" />
    </UnitTest>
    <UnitTest name="WriteReadStorageTest" storage="c:\users\gwatson\desktop\sa\persistentarray\sadatabase\persistentarrayunittest\bin\debug\paunittest.dll" id="402330e1-95b7-447a-93a7-af95d05ae424">
      <Execution id="b5ad25f2-eaf3-4fa1-93b4-7a8cf84f6fd9" />
      <TestMethod codeBase="C:\Users\gwatson\Desktop\SA\PersistentArray\SADatabase\PersistentArrayUnitTest\bin\Debug\PAUnitTest.dll" adapterTypeName="Microsoft.VisualStudio.TestTools.TestTypes.Unit.UnitTestAdapter, Microsoft.VisualStudio.QualityTools.Tips.UnitTest.Adapter, Version=10.0.0.0, Culture=neutral, PublicKeyToken=b03f5f7f11d50a3a" className="PAUnitTest.ElementTest, PAUnitTest" name="WriteReadStorageTest" />
    </UnitTest>
    <UnitTest name="InsertTest" storage="c:\users\gwatson\desktop\sa\persistentarray\sadatabase\cpaunittest\bin\debug\cpaunittest.dll" id="affe1ef8-a55d-611e-f219-a825233a32ae">
      <Execution id="d22b906f-dede-4e44-886d-989bd3cce896" />
      <TestMethod codeBase="C:\Users\gwatson\Desktop\SA\PersistentArray\SADatabase\CPAUnitTest\bin\Debug\CPAUnitTest.dll" adapterTypeName="Microsoft.VisualStudio.TestTools.TestTypes.Unit.UnitTestAdapter, Microsoft.VisualStudio.QualityTools.Tips.UnitTest.Adapter, Version=10.0.0.0, Culture=neutral, PublicKeyToken=b03f5f7f11d50a3a" className="CPAUnitTest.LRUDoubleLinkedListTest, CPAUnitTest" name="InsertTest" />
    </UnitTest>
    <UnitTest name="FreeLastSpaceTest" storage="c:\users\gwatson\desktop\sa\persistentarray\sadatabase\phmunittest\bin\debug\phmunittest.dll" id="d87c9634-3232-495c-abe1-766a051a0ec6">
      <Execution id="9a384bf8-fa51-48f9-a0c5-ee7952c08300" />
      <TestMethod codeBase="C:\Users\gwatson\Desktop\SA\PersistentArray\SADatabase\PHMUnitTest\bin\Debug\PHMUnitTest.dll" adapterTypeName="Microsoft.VisualStudio.TestTools.TestTypes.Unit.UnitTestAdapter, Microsoft.VisualStudio.QualityTools.Tips.UnitTest.Adapter, Version=10.0.0.0, Culture=neutral, PublicKeyToken=b03f5f7f11d50a3a" className="PHMUnitTest.PersistentHeapTest, PHMUnitTest" name="FreeLastSpaceTest" />
    </UnitTest>
    <UnitTest name="DeserializeTest" storage="c:\users\gwatson\desktop\sa\persistentarray\sadatabase\pafsunittest\bin\debug\pafsunittest.dll" id="082e8e55-223e-051e-386f-e304fa6d81fc">
      <Execution id="88a6e7c2-8541-4152-8ecc-7f7f7eaf3c8b" />
      <TestMethod codeBase="C:\Users\gwatson\Desktop\SA\PersistentArray\SADatabase\PAFSUnitTest\bin\Debug\PAFSUnitTest.dll" adapterTypeName="Microsoft.VisualStudio.TestTools.TestTypes.Unit.UnitTestAdapter, Microsoft.VisualStudio.QualityTools.Tips.UnitTest.Adapter, Version=10.0.0.0, Culture=neutral, PublicKeyToken=b03f5f7f11d50a3a" className="PAFSUnitTest.PAFSHeaderTest, PAFSUnitTest" name="DeserializeTest" />
    </UnitTest>
    <UnitTest name="GetPutUserHeaderTest" storage="c:\users\gwatson\desktop\sa\persistentarray\sadatabase\persistentarrayunittest\bin\debug\paunittest.dll" id="d7cc34f6-78d2-eecf-5b9f-ab76bb86da71">
      <Execution id="09ee17c5-4875-4f95-9d16-de2e9c1be98e" />
      <TestMethod codeBase="C:\Users\gwatson\Desktop\SA\PersistentArray\SADatabase\PersistentArrayUnitTest\bin\Debug\PAUnitTest.dll" adapterTypeName="Microsoft.VisualStudio.TestTools.TestTypes.Unit.UnitTestAdapter, Microsoft.VisualStudio.QualityTools.Tips.UnitTest.Adapter, Version=10.0.0.0, Culture=neutral, PublicKeyToken=b03f5f7f11d50a3a" className="PAUnitTest.IPersistentArrayTest, PAUnitTest" name="GetPutUserHeaderTest" />
    </UnitTest>
    <UnitTest name="CloseTest" storage="c:\users\gwatson\desktop\sa\persistentarray\sadatabase\persistenceunittest\bin\debug\persistenceunittest.dll" id="77c4d4bd-5fbe-4bd1-86c3-f6e38810414b">
      <Execution id="d5191f52-746d-4d17-a4d8-bb7194687977" />
      <TestMethod codeBase="C:\Users\gwatson\Desktop\SA\PersistentArray\SADatabase\PersistenceUnitTest\bin\Debug\PersistenceUnitTest.dll" adapterTypeName="Microsoft.VisualStudio.TestTools.TestTypes.Unit.UnitTestAdapter, Microsoft.VisualStudio.QualityTools.Tips.UnitTest.Adapter, Version=10.0.0.0, Culture=neutral, PublicKeyToken=b03f5f7f11d50a3a" className="PersistenceUnitTest.RandomAccessFileTest, PersistenceUnitTest" name="CloseTest" />
    </UnitTest>
    <UnitTest name="LRUDoublyLinkedListCtorTest" storage="c:\users\gwatson\desktop\sa\persistentarray\sadatabase\cpaunittest\bin\debug\cpaunittest.dll" id="ea353cbf-1840-4b47-9557-83373d54727c">
      <Execution id="6ca564ac-9381-48db-978e-632955c96eea" />
      <TestMethod codeBase="C:\Users\gwatson\Desktop\SA\PersistentArray\SADatabase\CPAUnitTest\bin\Debug\CPAUnitTest.dll" adapterTypeName="Microsoft.VisualStudio.TestTools.TestTypes.Unit.UnitTestAdapter, Microsoft.VisualStudio.QualityTools.Tips.UnitTest.Adapter, Version=10.0.0.0, Culture=neutral, PublicKeyToken=b03f5f7f11d50a3a" className="CPAUnitTest.LRUDoubleLinkedListTest, CPAUnitTest" name="LRUDoublyLinkedListCtorTest" />
    </UnitTest>
    <UnitTest name="FreeAddSpaceToMiddleOfFreeListTest" storage="c:\users\gwatson\desktop\sa\persistentarray\sadatabase\phmunittest\bin\debug\phmunittest.dll" id="39634d81-9688-20c8-d77f-ba195db41378">
      <Execution id="518e9976-7fe3-423f-8dbd-638ed102daa1" />
      <TestMethod codeBase="C:\Users\gwatson\Desktop\SA\PersistentArray\SADatabase\PHMUnitTest\bin\Debug\PHMUnitTest.dll" adapterTypeName="Microsoft.VisualStudio.TestTools.TestTypes.Unit.UnitTestAdapter, Microsoft.VisualStudio.QualityTools.Tips.UnitTest.Adapter, Version=10.0.0.0, Culture=neutral, PublicKeyToken=b03f5f7f11d50a3a" className="PHMUnitTest.PersistentHeapTest, PHMUnitTest" name="FreeAddSpaceToMiddleOfFreeListTest" />
    </UnitTest>
    <UnitTest name="AddAfterTest" storage="c:\users\gwatson\desktop\sa\persistentarray\sadatabase\pllunittest\bin\debug\pllunittest.dll" id="0f7dd13b-d69f-2fef-8f8e-80f7ee7968ec">
      <Execution id="b98ce737-32bd-4519-8c14-2773b86400a9" />
      <TestMethod codeBase="C:\Users\gwatson\Desktop\SA\PersistentArray\SADatabase\PLLUnitTest\bin\Debug\PLLUnitTest.dll" adapterTypeName="Microsoft.VisualStudio.TestTools.TestTypes.Unit.UnitTestAdapter, Microsoft.VisualStudio.QualityTools.Tips.UnitTest.Adapter, Version=10.0.0.0, Culture=neutral, PublicKeyToken=b03f5f7f11d50a3a" className="PLLUnitTest.PersistentLinkedListTest, PLLUnitTest" name="AddAfterTest" />
    </UnitTest>
    <UnitTest name="CtorTest" storage="c:\users\gwatson\desktop\sa\persistentarray\sadatabase\phmunittest\bin\debug\phmunittest.dll" id="9c490088-6ee6-56ec-8017-95f63def4429">
      <Execution id="bd7e3b4f-50a6-417b-8704-c53f7efc2266" />
[...]
    </UnitTestResult>
    <UnitTestResult executionId="164b61ef-8e7e-4a8b-a72c-e2bc208e8b52" testId="c0ed1de9-8e4d-8e00-a4bf-c9b99057cab2" testName="GetUserHeaderSizeTest" computerName="WATSON1491" duration="00:00:00.0022205" startTime="2012-03-18T19:41:57.2573550-06:00" endTime="2012-03-18T19:41:57.2753560-06:00" testType="13cdc9d9-ddb5-4fa4-a97d-d965ccfc6d4b" outcome="Passed" testListId="8c84fa94-04c1-424b-9868-57a2d4851a1d" relativeResultsDirectory="164b61ef-8e7e-4a8b-a72c-e2bc208e8b52">
    </UnitTestResult>
    <UnitTestResult executionId="7de03304-13a3-4200-8109-21a8f1f8c0b7" testId="c1046ba7-0144-8813-1bc3-01566e1bbcb4" testName="CtorOpenTest" computerName="WATSON1491" duration="00:00:00.0031233" startTime="2012-03-18T19:41:57.2803563-06:00" endTime="2012-03-18T19:41:57.2883568-06:00" testType="13cdc9d9-ddb5-4fa4-a97d-d965ccfc6d4b" outcome="Passed" testListId="8c84fa94-04c1-424b-9868-57a2d4851a1d" relativeResultsDirectory="7de03304-13a3-4200-8109-21a8f1f8c0b7">
    </UnitTestResult>
    <UnitTestResult executionId="7847b515-d6d0-4a1e-ac06-9c0106474fa9" testId="c11c787c-4fca-cfaa-5d6d-7fdc4065163a" testName="FreeBlockTest" computerName="WATSON1491" duration="00:00:00.0036266" startTime="2012-03-18T19:41:57.2943571-06:00" endTime="2012-03-18T19:41:57.3033576-06:00" testType="13cdc9d9-ddb5-4fa4-a97d-d965ccfc6d4b" outcome="Passed" testListId="8c84fa94-04c1-424b-9868-57a2d4851a1d" relativeResultsDirectory="7847b515-d6d0-4a1e-ac06-9c0106474fa9">
    </UnitTestResult>
    <UnitTestResult executionId="15265680-08a3-4265-982f-57caa3769bea" testId="c198a53f-7d04-439f-1fbd-0b778727bf42" testName="PutGetCollisionsTest" computerName="WATSON1491" duration="00:00:00.0169362" startTime="2012-03-18T19:41:57.3093580-06:00" endTime="2012-03-18T19:41:57.3293591-06:00" testType="13cdc9d9-ddb5-4fa4-a97d-d965ccfc6d4b" outcome="Passed" testListId="8c84fa94-04c1-424b-9868-57a2d4851a1d" relativeResultsDirectory="15265680-08a3-4265-982f-57caa3769bea">
    </UnitTestResult>
    <UnitTestResult executionId="2c5a63e7-b266-4497-824b-dc80ba11a9cf" testId="c1b4ff73-548a-5879-276c-0c28ff414a1c" testName="MergeBeforeTest" computerName="WATSON1491" duration="00:00:00.0005616" startTime="2012-03-18T19:41:57.3343594-06:00" endTime="2012-03-18T19:41:57.3393597-06:00" testType="13cdc9d9-ddb5-4fa4-a97d-d965ccfc6d4b" outcome="Passed" testListId="8c84fa94-04c1-424b-9868-57a2d4851a1d" relativeResultsDirectory="2c5a63e7-b266-4497-824b-dc80ba11a9cf">
    </UnitTestResult>
    <UnitTestResult executionId="5e07fbc1-8926-4513-b1e8-c2025a9dbf4c" testId="c1c24e9f-1ef1-eaa1-585b-5748c70dad65" testName="CtorCreateTest" computerName="WATSON1491" duration="00:00:00.0038953" startTime="2012-03-18T19:41:57.3443600-06:00" endTime="2012-03-18T19:41:57.3533605-06:00" testType="13cdc9d9-ddb5-4fa4-a97d-d965ccfc6d4b" outcome="Passed" testListId="8c84fa94-04c1-424b-9868-57a2d4851a1d" relativeResultsDirectory="5e07fbc1-8926-4513-b1e8-c2025a9dbf4c">
    </UnitTestResult>
    <UnitTestResult executionId="698850b5-f2da-4bc0-8a2a-66fa05542c66" testId="c34800c1-01aa-78c5-5769-4dd04c7cc3d9" testName="FreeMergeAfterTest" computerName="WATSON1491" duration="00:00:00.0028729" startTime="2012-03-18T19:41:57.3593608-06:00" endTime="2012-03-18T19:41:57.3653612-06:00" testType="13cdc9d9-ddb5-4fa4-a97d-d965ccfc6d4b" outcome="Passed" testListId="8c84fa94-04c1-424b-9868-57a2d4851a1d" relativeResultsDirectory="698850b5-f2da-4bc0-8a2a-66fa05542c66">
    </UnitTestResult>
    <UnitTestResult executionId="c67e5fff-f2b3-4b32-ae05-f160946c41fc" testId="c3fc885b-06d0-19cb-a8e4-a4fc7aee2170" testName="WriteByteArrayTest" computerName="WATSON1491" duration="00:00:00.0053265" startTime="2012-03-18T19:41:57.3703615-06:00" endTime="2012-03-18T19:41:57.3813621-06:00" testType="13cdc9d9-ddb5-4fa4-a97d-d965ccfc6d4b" outcome="Passed" testListId="8c84fa94-04c1-424b-9868-57a2d4851a1d" relativeResultsDirectory="c67e5fff-f2b3-4b32-ae05-f160946c41fc">
    </UnitTestResult>
    <UnitTestResult executionId="81d6de98-7928-45e2-a8c4-2b3a75c257a4" testId="c574974e-922d-e123-cd45-263cf5bd394a" testName="DeserializeTest" computerName="WATSON1491" duration="00:00:00.0011386" startTime="2012-03-18T19:41:57.3883625-06:00" endTime="2012-03-18T19:41:57.4083636-06:00" testType="13cdc9d9-ddb5-4fa4-a97d-d965ccfc6d4b" outcome="Passed" testListId="8c84fa94-04c1-424b-9868-57a2d4851a1d" relativeResultsDirectory="81d6de98-7928-45e2-a8c4-2b3a75c257a4">
    </UnitTestResult>
    <UnitTestResult executionId="1b4ffa45-84a4-4eac-8d0e-0bbf1c282cbf" testId="c5e39726-deec-c4f7-824b-1e41432b6b87" testName="GetNextIndexTest" computerName="WATSON1491" duration="00:00:00.0022643" startTime="2012-03-18T19:41:57.4623667-06:00" endTime="2012-03-18T19:41:57.4693671-06:00" testType="13cdc9d9-ddb5-4fa4-a97d-d965ccfc6d4b" outcome="Passed" testListId="8c84fa94-04c1-424b-9868-57a2d4851a1d" relativeResultsDirectory="1b4ffa45-84a4-4eac-8d0e-0bbf1c282cbf">
    </UnitTestResult>
    <UnitTestResult executionId="be19efd4-48f3-4796-869f-e64ac8fad527" testId="cb9247b9-0e78-5318-b25e-4206d939f286" testName="AllocateAtEndOfFreeSpaceListTest" computerName="WATSON1491" duration="00:00:00.0037206" startTime="2012-03-18T19:41:57.4743674-06:00" endTime="2012-03-18T19:41:57.4833679-06:00" testType="13cdc9d9-ddb5-4fa4-a97d-d965ccfc6d4b" outcome="Passed" testListId="8c84fa94-04c1-424b-9868-57a2d4851a1d" relativeResultsDirectory="be19efd4-48f3-4796-869f-e64ac8fad527">
    </UnitTestResult>
    <UnitTestResult executionId="cc6960b2-46c3-4223-98c3-a96fffd68c15" testId="cc0dd485-3eb5-47cf-79f5-71c3014c459a" testName="ToIntTest" computerName="WATSON1491" duration="00:00:00.0002309" startTime="2012-03-18T19:41:57.4883682-06:00" endTime="2012-03-18T19:41:57.4923684-06:00" testType="13cdc9d9-ddb5-4fa4-a97d-d965ccfc6d4b" outcome="Passed" testListId="8c84fa94-04c1-424b-9868-57a2d4851a1d" relativeResultsDirectory="cc6960b2-46c3-4223-98c3-a96fffd68c15">
    </UnitTestResult>
    <UnitTestResult executionId="1bab29a6-4c3b-419e-8f96-03b8e4e737f7" testId="ceb208d4-f6b2-14ea-caab-c04abf814ed1" testName="SerializeTest" computerName="WATSON1491" duration="00:00:00.0003375" startTime="2012-03-18T19:41:57.4963687-06:00" endTime="2012-03-18T19:41:57.5003689-06:00" testType="13cdc9d9-ddb5-4fa4-a97d-d965ccfc6d4b" outcome="Passed" testListId="8c84fa94-04c1-424b-9868-57a2d4851a1d" relativeResultsDirectory="1bab29a6-4c3b-419e-8f96-03b8e4e737f7">
    </UnitTestResult>
    <UnitTestResult executionId="667acb98-c0f8-4680-91ce-248e41973ecb" testId="cf7f4ea5-e033-7c9e-2653-20e77c20a6bd" testName="CloseTest" computerName="WATSON1491" duration="00:00:00.0019425" startTime="2012-03-18T19:41:57.5053692-06:00" endTime="2012-03-18T19:41:57.5113695-06:00" testType="13cdc9d9-ddb5-4fa4-a97d-d965ccfc6d4b" outcome="Passed" testListId="8c84fa94-04c1-424b-9868-57a2d4851a1d" relativeResultsDirectory="667acb98-c0f8-4680-91ce-248e41973ecb">
    </UnitTestResult>
    <UnitTestResult executionId="ed21b73d-3f74-4a10-b220-06374d43726c" testId="d7a29e06-03fa-67e4-6f87-44c551f8b54e" testName="ElementCtorTest" computerName="WATSON1491" duration="00:00:00.0003715" startTime="2012-03-18T19:41:57.5163698-06:00" endTime="2012-03-18T19:41:57.5213701-06:00" testType="13cdc9d9-ddb5-4fa4-a97d-d965ccfc6d4b" outcome="Passed" testListId="8c84fa94-04c1-424b-9868-57a2d4851a1d" relativeResultsDirectory="ed21b73d-3f74-4a10-b220-06374d43726c">
    </UnitTestResult>
    <UnitTestResult executionId="09ee17c5-4875-4f95-9d16-de2e9c1be98e" testId="d7cc34f6-78d2-eecf-5b9f-ab76bb86da71" testName="GetPutUserHeaderTest" computerName="WATSON1491" duration="00:00:00.0549840" startTime="2012-03-18T19:41:57.5263704-06:00" endTime="2012-03-18T19:41:57.5873739-06:00" testType="13cdc9d9-ddb5-4fa4-a97d-d965ccfc6d4b" outcome="Passed" testListId="8c84fa94-04c1-424b-9868-57a2d4851a1d" relativeResultsDirectory="09ee17c5-4875-4f95-9d16-de2e9c1be98e">
    </UnitTestResult>
    <UnitTestResult executionId="9a384bf8-fa51-48f9-a0c5-ee7952c08300" testId="d87c9634-3232-495c-abe1-766a051a0ec6" testName="FreeLastSpaceTest" computerName="WATSON1491" duration="00:00:00.0023753" startTime="2012-03-18T19:41:57.5923742-06:00" endTime="2012-03-18T19:41:57.5983745-06:00" testType="13cdc9d9-ddb5-4fa4-a97d-d965ccfc6d4b" outcome="Passed" testListId="8c84fa94-04c1-424b-9868-57a2d4851a1d" relativeResultsDirectory="9a384bf8-fa51-48f9-a0c5-ee7952c08300">
    </UnitTestResult>
    <UnitTestResult executionId="8ae68480-33d2-4183-b84c-ded42382d805" testId="d917289d-258a-a478-26f6-a5a85e035c3f" testName="GetPathToNameTest" computerName="WATSON1491" duration="00:00:00.0004635" startTime="2012-03-18T19:41:57.6033748-06:00" endTime="2012-03-18T19:41:57.6113753-06:00" testType="13cdc9d9-ddb5-4fa4-a97d-d965ccfc6d4b" outcome="Passed" testListId="8c84fa94-04c1-424b-9868-57a2d4851a1d" relativeResultsDirectory="8ae68480-33d2-4183-b84c-ded42382d805">
    </UnitTestResult>
    <UnitTestResult executionId="14720ff7-1577-4809-b76f-cd5552764555" testId="da2c5789-69fe-8699-f9d7-9a2ec66b4c68" testName="CopyTest" computerName="WATSON1491" duration="00:00:00.0004388" startTime="2012-03-18T19:41:57.6163755-06:00" endTime="2012-03-18T19:41:57.6203758-06:00" testType="13cdc9d9-ddb5-4fa4-a97d-d965ccfc6d4b" outcome="Passed" testListId="8c84fa94-04c1-424b-9868-57a2d4851a1d" relativeResultsDirectory="14720ff7-1577-4809-b76f-cd5552764555">
    </UnitTestResult>
    <UnitTestResult executionId="cf570482-4906-4f9a-9f7f-16a250ad13f2" testId="dc59e212-85a1-3e76-d4aa-2b0731bd07f1" testName="CtorTest" computerName="WATSON1491" duration="00:00:00.0002034" startTime="2012-03-18T19:41:57.6253761-06:00" endTime="2012-03-18T19:41:57.6293763-06:00" testType="13cdc9d9-ddb5-4fa4-a97d-d965ccfc6d4b" outcome="Passed" testListId="8c84fa94-04c1-424b-9868-57a2d4851a1d" relativeResultsDirectory="cf570482-4906-4f9a-9f7f-16a250ad13f2">
    </UnitTestResult>
    <UnitTestResult executionId="60c302f2-163c-4904-b754-52139cff4f58" testId="dcd55a77-217b-2a2a-b734-243925f84d45" testName="SerializeTest" computerName="WATSON1491" duration="00:00:00.0003533" startTime="2012-03-18T19:41:57.6343766-06:00" endTime="2012-03-18T19:41:57.6373767-06:00" testType="13cdc9d9-ddb5-4fa4-a97d-d965ccfc6d4b" outcome="Passed" testListId="8c84fa94-04c1-424b-9868-57a2d4851a1d" relativeResultsDirectory="60c302f2-163c-4904-b754-52139cff4f58">
    </UnitTestResult>
    <UnitTestResult executionId="66eb0be4-42f3-44db-a941-0f28f504915b" testId="e09c5cb1-1c0e-6e77-1183-514f09126ef8" testName="FreeAddSpaceToStartOfFreeListTest" computerName="WATSON1491" duration="00:00:00.0029807" startTime="2012-03-18T19:41:57.6433771-06:00" endTime="2012-03-18T19:41:57.6503775-06:00" testType="13cdc9d9-ddb5-4fa4-a97d-d965ccfc6d4b" outcome="Passed" testListId="8c84fa94-04c1-424b-9868-57a2d4851a1d" relativeResultsDirectory="66eb0be4-42f3-44db-a941-0f28f504915b">
    </UnitTestResult>
    <UnitTestResult executionId="d91afb92-9870-44bf-a287-8ba1067a42e2" testId="e489bd92-1fdb-dce0-d50f-126dc15b0598" testName="Append1Test" computerName="WATSON1491" duration="00:00:00.0008825" startTime="2012-03-18T19:41:57.6593780-06:00" endTime="2012-03-18T19:41:57.6663784-06:00" testType="13cdc9d9-ddb5-4fa4-a97d-d965ccfc6d4b" outcome="Passed" testListId="8c84fa94-04c1-424b-9868-57a2d4851a1d" relativeResultsDirectory="d91afb92-9870-44bf-a287-8ba1067a42e2">
    </UnitTestResult>
    <UnitTestResult executionId="42e9c9a0-fd71-4a7d-a86d-af376aea0783" testId="e4d4bf05-87c5-ae25-1539-415c4a3fabe0" testName="MultitonTest" computerName="WATSON1491" duration="00:00:00.0014243" startTime="2012-03-18T19:41:57.7003803-06:00" endTime="2012-03-18T19:41:57.7063807-06:00" testType="13cdc9d9-ddb5-4fa4-a97d-d965ccfc6d4b" outcome="Passed" testListId="8c84fa94-04c1-424b-9868-57a2d4851a1d" relativeResultsDirectory="42e9c9a0-fd71-4a7d-a86d-af376aea0783">
    </UnitTestResult>
    <UnitTestResult executionId="d5df9d41-74d7-4c21-94ea-280d56e045c5" testId="e5f5eeb7-8767-c831-6700-d29e08cf89bb" testName="AddToEndTest" computerName="WATSON1491" duration="00:00:00.0038653" startTime="2012-03-18T19:41:57.7123810-06:00" endTime="2012-03-18T19:41:57.7193814-06:00" testType="13cdc9d9-ddb5-4fa4-a97d-d965ccfc6d4b" outcome="Passed" testListId="8c84fa94-04c1-424b-9868-57a2d4851a1d" relativeResultsDirectory="d5df9d41-74d7-4c21-94ea-280d56e045c5">
    </UnitTestResult>
    <UnitTestResult executionId="b86a7c31-176e-40b4-8820-0a5ce54792ed" testId="e7921d23-7b31-8b43-d930-5a3bc89a44b3" testName="LengthTest" computerName="WATSON1491" duration="00:00:00.0034353" startTime="2012-03-18T19:41:57.7253818-06:00" endTime="2012-03-18T19:41:57.7323822-06:00" testType="13cdc9d9-ddb5-4fa4-a97d-d965ccfc6d4b" outcome="Passed" testListId="8c84fa94-04c1-424b-9868-57a2d4851a1d" relativeResultsDirectory="b86a7c31-176e-40b4-8820-0a5ce54792ed">
    </UnitTestResult>
    <UnitTestResult executionId="638be647-6c2a-4e75-8933-abed87253bc1" testId="e7c5dfe9-6c85-ed21-1287-63d333e61256" testName="CreateTest" computerName="WATSON1491" duration="00:00:00.0045217" startTime="2012-03-18T19:41:57.7373825-06:00" endTime="2012-03-18T19:41:57.7463830-06:00" testType="13cdc9d9-ddb5-4fa4-a97d-d965ccfc6d4b" outcome="Passed" testListId="8c84fa94-04c1-424b-9868-57a2d4851a1d" relativeResultsDirectory="638be647-6c2a-4e75-8933-abed87253bc1">
    </UnitTestResult>
    <UnitTestResult executionId="6ca564ac-9381-48db-978e-632955c96eea" testId="ea353cbf-1840-4b47-9557-83373d54727c" testName="LRUDoublyLinkedListCtorTest" computerName="WATSON1491" duration="00:00:00.0001624" startTime="2012-03-18T19:41:57.7503832-06:00" endTime="2012-03-18T19:41:57.7543834-06:00" testType="13cdc9d9-ddb5-4fa4-a97d-d965ccfc6d4b" outcome="Passed" testListId="8c84fa94-04c1-424b-9868-57a2d4851a1d" relativeResultsDirectory="6ca564ac-9381-48db-978e-632955c96eea">
    </UnitTestResult>
    <UnitTestResult executionId="614de8d0-aa08-4338-bfa6-3f3257ffcc1f" testId="eba5dc6e-9bfa-ee02-4059-95270e8b548f" testName="PutGetUserHeaderTest" computerName="WATSON1491" duration="00:00:00.0029860" startTime="2012-03-18T19:41:57.7583837-06:00" endTime="2012-03-18T19:41:57.7663841-06:00" testType="13cdc9d9-ddb5-4fa4-a97d-d965ccfc6d4b" outcome="Passed" testListId="8c84fa94-04c1-424b-9868-57a2d4851a1d" relativeResultsDirectory="614de8d0-aa08-4338-bfa6-3f3257ffcc1f">
    </UnitTestResult>
    <UnitTestResult executionId="14d51034-4199-406c-9265-8e81ee6a3117" testId="ec103ee4-7d33-deea-fa5e-ea2ddfa162f6" testName="CloseTest" computerName="WATSON1491" duration="00:00:00.0044857" startTime="2012-03-18T19:41:57.7713844-06:00" endTime="2012-03-18T19:41:57.7793849-06:00" testType="13cdc9d9-ddb5-4fa4-a97d-d965ccfc6d4b" outcome="Passed" testListId="8c84fa94-04c1-424b-9868-57a2d4851a1d" relativeResultsDirectory="14d51034-4199-406c-9265-8e81ee6a3117">
    </UnitTestResult>
    <UnitTestResult executionId="f9ef5506-945f-427f-a7ed-0981c81c72ab" testId="f0820a20-bffa-aca4-73b6-cb5b10486dcd" testName="InsertLinksCorrectlyTest" computerName="WATSON1491" duration="00:00:00.0047985" startTime="2012-03-18T19:41:57.7843851-06:00" endTime="2012-03-18T19:41:57.7923856-06:00" testType="13cdc9d9-ddb5-4fa4-a97d-d965ccfc6d4b" outcome="Passed" testListId="8c84fa94-04c1-424b-9868-57a2d4851a1d" relativeResultsDirectory="f9ef5506-945f-427f-a7ed-0981c81c72ab">
    </UnitTestResult>
    <UnitTestResult executionId="40e5d340-d5db-4b4c-b867-7cdbf9055d92" testId="f173e7fc-49c9-6230-eca2-9afec5f70750" testName="SerializeTest" computerName="WATSON1491" duration="00:00:00.0002791" startTime="2012-03-18T19:41:57.7973859-06:00" endTime="2012-03-18T19:41:57.8023862-06:00" testType="13cdc9d9-ddb5-4fa4-a97d-d965ccfc6d4b" outcome="Passed" testListId="8c84fa94-04c1-424b-9868-57a2d4851a1d" relativeResultsDirectory="40e5d340-d5db-4b4c-b867-7cdbf9055d92">
    </UnitTestResult>
    <UnitTestResult executionId="0f678e70-ffd4-4660-946b-6a9909f9cc01" testId="f19b5895-b0f7-59f0-4036-17b6609c64da" testName="MergeAfterTest" computerName="WATSON1491" duration="00:00:00.0005255" startTime="2012-03-18T19:41:57.8083865-06:00" endTime="2012-03-18T19:41:57.8113867-06:00" testType="13cdc9d9-ddb5-4fa4-a97d-d965ccfc6d4b" outcome="Passed" testListId="8c84fa94-04c1-424b-9868-57a2d4851a1d" relativeResultsDirectory="0f678e70-ffd4-4660-946b-6a9909f9cc01">
    </UnitTestResult>
    <UnitTestResult executionId="e54dc7a2-82cf-4fc7-a7ca-d0f6ced98484" testId="f45fb43e-8e19-67de-faf5-292c20567a5c" testName="SerializeTest" computerName="WATSON1491" duration="00:00:00.0002893" startTime="2012-03-18T19:41:57.8163870-06:00" endTime="2012-03-18T19:41:57.8203872-06:00" testType="13cdc9d9-ddb5-4fa4-a97d-d965ccfc6d4b" outcome="Passed" testListId="8c84fa94-04c1-424b-9868-57a2d4851a1d" relativeResultsDirectory="e54dc7a2-82cf-4fc7-a7ca-d0f6ced98484">
    </UnitTestResult>
    <UnitTestResult executionId="424ef00e-a526-4a1d-a65a-8c8a17b3202b" testId="f8c986a1-4d49-6c57-695c-e57bd1d77a03" testName="CtorTest" computerName="WATSON1491" duration="00:00:00.0002175" startTime="2012-03-18T19:41:57.8243874-06:00" endTime="2012-03-18T19:41:57.8273876-06:00" testType="13cdc9d9-ddb5-4fa4-a97d-d965ccfc6d4b" outcome="Passed" testListId="8c84fa94-04c1-424b-9868-57a2d4851a1d" relativeResultsDirectory="424ef00e-a526-4a1d-a65a-8c8a17b3202b">
    </UnitTestResult>
    <UnitTestResult executionId="79e7e786-9477-44cf-a1b2-e2da03870568" testId="f8dab570-907f-9537-fb70-c2f0ade97939" testName="GetLastTest" computerName="WATSON1491" duration="00:00:00.0030394" startTime="2012-03-18T19:41:57.8323879-06:00" endTime="2012-03-18T19:41:57.8383882-06:00" testType="13cdc9d9-ddb5-4fa4-a97d-d965ccfc6d4b" outcome="Passed" testListId="8c84fa94-04c1-424b-9868-57a2d4851a1d" relativeResultsDirectory="79e7e786-9477-44cf-a1b2-e2da03870568">
    </UnitTestResult>
    <UnitTestResult executionId="c4eab657-4e18-4f76-b69e-d574846ea681" testId="fc01b55b-5936-8b78-9de3-822e7b824b5a" testName="GetElementSizeTest" computerName="WATSON1491" duration="00:00:00.0093340" startTime="2012-03-18T19:41:57.8453886-06:00" endTime="2012-03-18T19:41:57.8593894-06:00" testType="13cdc9d9-ddb5-4fa4-a97d-d965ccfc6d4b" outcome="Passed" testListId="8c84fa94-04c1-424b-9868-57a2d4851a1d" relativeResultsDirectory="c4eab657-4e18-4f76-b69e-d574846ea681">
    </UnitTestResult>
    <UnitTestResult executionId="b26a0f91-d38d-4927-a5b5-1bb6765fe03d" testId="fd2220b2-26eb-6999-62ad-4cbb765b850c" testName="CreateTest" computerName="WATSON1491" duration="00:00:00.0029625" startTime="2012-03-18T19:41:57.8643897-06:00" endTime="2012-03-18T19:41:57.8713901-06:00" testType="13cdc9d9-ddb5-4fa4-a97d-d965ccfc6d4b" outcome="Passed" testListId="8c84fa94-04c1-424b-9868-57a2d4851a1d" relativeResultsDirectory="b26a0f91-d38d-4927-a5b5-1bb6765fe03d">
    </UnitTestResult>
    <UnitTestResult executionId="2eb52912-c349-43bd-8ca6-d2bbe3ff3689" testId="ff3263d9-8c70-f60e-d721-c5d537b9f312" testName="SerializeTest" computerName="WATSON1491" duration="00:00:00.0003885" startTime="2012-03-18T19:41:57.8763904-06:00" endTime="2012-03-18T19:41:57.8793906-06:00" testType="13cdc9d9-ddb5-4fa4-a97d-d965ccfc6d4b" outcome="Passed" testListId="8c84fa94-04c1-424b-9868-57a2d4851a1d" relativeResultsDirectory="2eb52912-c349-43bd-8ca6-d2bbe3ff3689">
    </UnitTestResult>
    <UnitTestResult executionId="bf47e302-8607-4d70-82c9-38724b2c81ba" testId="ffe04048-3d0c-a00a-f497-66ad2a87b507" testName="GetNextTest" computerName="WATSON1491" duration="00:00:00.0034941" startTime="2012-03-18T19:41:57.8843909-06:00" endTime="2012-03-18T19:41:57.8923913-06:00" testType="13cdc9d9-ddb5-4fa4-a97d-d965ccfc6d4b" outcome="Passed" testListId="8c84fa94-04c1-424b-9868-57a2d4851a1d" relativeResultsDirectory="bf47e302-8607-4d70-82c9-38724b2c81ba">
    </UnitTestResult>
  </Results>
</TestRun>