<?xml version="1.0" encoding="UTF-8"?>
<TestRun id="fe79c2fc-3135-4607-9eca-05d1a39705ed" name="gwatson (2012-03-18 19:15:08)" runUser="NUSTUDENT\gwatson" xmlns="http://microsoft.com/schemas/VisualStudio/TeamTest/2010">
  <TestSettings name="LocalCodeCoverage" id="ec93bdfa-e2b8-47a6-a2aa-09dc288ce4c8">
    <Description>These are default test settings for a local test run.</Description>
    <Deployment runDeploymentRoot="gwatson _2012-03-18 19_15_08_">
      <DeploymentItem filename="C:\Users\gwatson\Desktop\SA\PersistentArray\SADatabase\FilePersistence\bin\Debug\FilePersistence.dll" />
      <DeploymentItem filename="C:\Users\gwatson\Desktop\SA\PersistentArray\SADatabase\ByteHelper\bin\Debug\ByteHelper.dll" />
      <DeploymentItem filename="C:\Users\gwatson\Desktop\SA\PersistentArray\SADatabase\ByteHelperUnitTest\bin\Debug\ByteHelperUnitTest.dll" />
      <DeploymentItem filename="C:\Users\gwatson\Desktop\SA\PersistentArray\SADatabase\PersistentArrayUnitTest\bin\Debug\PAUnitTest.dll" />
      <DeploymentItem filename="C:\Users\gwatson\Desktop\SA\PersistentArray\SADatabase\PLL\bin\Debug\PLL.dll" />
      <DeploymentItem filename="C:\Users\gwatson\Desktop\SA\PersistentArray\SADatabase\Interfaces\bin\Debug\Interfaces.dll" />
      <DeploymentItem filename="C:\Users\gwatson\Desktop\SA\PersistentArray\SADatabase\PA\bin\Debug\PA.dll" />
    </Deployment>
    <NamingScheme baseName="gwatson" useDefault="false" />
    <Execution>
      <TestTypeSpecific>
        <UnitTestRunConfig testTypeId="13cdc9d9-ddb5-4fa4-a97d-d965ccfc6d4b">
          <AssemblyResolution>
            <TestDirectory useLoadContext="true" />
          </AssemblyResolution>
        </UnitTestRunConfig>
        <WebTestRunConfiguration testTypeId="4e7599fa-5ecb-43e9-a887-cd63cf72d207">
          <Browser name="Internet Explorer 7.0">
            <Headers>
              <Header name="User-Agent" value="Mozilla/4.0 (compatible; MSIE 7.0; Windows NT 5.1)" />
              <Header name="Accept" value="*/*" />
              <Header name="Accept-Language" value="{{$IEAcceptLanguage}}" />
              <Header name="Accept-Encoding" value="GZIP" />
            </Headers>
          </Browser>
        </WebTestRunConfiguration>
      </TestTypeSpecific>
      <AgentRule name="LocalMachineDefaultRole">
        <DataCollectors>
          <DataCollector uri="datacollector://microsoft/CodeCoverage/1.0" assemblyQualifiedName="Microsoft.VisualStudio.TestTools.CodeCoverage.CoveragePlugIn, Microsoft.VisualStudio.QualityTools.Plugins.CodeCoverage, Version=10.0.0.0, Culture=neutral, PublicKeyToken=b03f5f7f11d50a3a" friendlyName="Code Coverage" enabled="false">
            <Configuration>
              <CodeCoverage xmlns="">
                <Regular>
                  <CodeCoverageItem binaryFile="PLL\bin\Debug\PLL.dll" pdbFile="PLL\bin\Debug\PLL.pdb" instrumentInPlace="true" />
                  <CodeCoverageItem binaryFile="PAFS\bin\Debug\PAFS.dll" pdbFile="PAFS\bin\Debug\PAFS.pdb" instrumentInPlace="true" />
                  <CodeCoverageItem binaryFile="PA\bin\Debug\PA.dll" pdbFile="PA\bin\Debug\PA.pdb" instrumentInPlace="true" />
                  <CodeCoverageItem binaryFile="CPA\bin\Debug\CPA.dll" pdbFile="CPA\bin\Debug\CPA.pdb" instrumentInPlace="true" />
                </Regular>
              </CodeCoverage>
            </Configuration>
          </DataCollector>
        </DataCollectors>
      </AgentRule>
    </Execution>
  </TestSettings>
  <Times creation="2012-03-18T19:15:08.2283238-06:00" queuing="2012-03-18T19:15:10.7824699-06:00" start="2012-03-18T19:15:11.0744866-06:00" finish="2012-03-18T19:19:04.7648529-06:00" />
  <ResultSummary outcome="Error">
    <Counters total="1" executed="1" error="0" failed="0" timeout="0" aborted="1" inconclusive="0" passedButRunAborted="0" notRunnable="0" notExecuted="0" disconnected="0" warning="0" passed="0" completed="0" inProgress="0" pending="0" />
    <RunInfos>
      <RunInfo computerName="WATSON1491" outcome="Error" timestamp="2012-03-18T19:19:04.7558524-06:00">
        <Text>Test host process exited unexpectedly.</Text>
      </RunInfo>
    </RunInfos>
  </ResultSummary>
  <TestDefinitions>
    <UnitTest name="AddToStartTest" storage="c:\users\gwatson\desktop\sa\persistentarray\sadatabase\pllunittest\bin\debug\pllunittest.dll" id="0ef3c0a1-e279-0642-068f-cf09f20b4b4e">
      <Execution id="50394657-34de-4272-ada0-fb393652f1eb" />
      <TestMethod codeBase="C:\Users\gwatson\Desktop\SA\PersistentArray\SADatabase\PLLUnitTest\bin\Debug\PLLUnitTest.dll" adapterTypeName="Microsoft.VisualStudio.TestTools.TestTypes.Unit.UnitTestAdapter, Microsoft.VisualStudio.QualityTools.Tips.UnitTest.Adapter, Version=10.0.0.0, Culture=neutral, PublicKeyToken=b03f5f7f11d50a3a" className="PLLUnitTest.PersistentLinkedListTest, PLLUnitTest" name="AddToStartTest" />
    </UnitTest>
  </TestDefinitions>
  <TestLists>
    <TestList name="Results Not in a List" id="8c84fa94-04c1-424b-9868-57a2d4851a1d" />
    <TestList name="All Loaded Results" id="19431567-8539-422a-85d7-44ee4e166bda" />
  </TestLists>
  <TestEntries>
    <TestEntry testId="0ef3c0a1-e279-0642-068f-cf09f20b4b4e" executionId="50394657-34de-4272-ada0-fb393652f1eb" testListId="8c84fa94-04c1-424b-9868-57a2d4851a1d" />
  </TestEntries>
  <Results>
    <UnitTestResult executionId="50394657-34de-4272-ada0-fb393652f1eb" testId="0ef3c0a1-e279-0642-068f-cf09f20b4b4e" testName="AddToStartTest" computerName="WATSON1491" duration="00:03:53.4323515" startTime="2012-03-18T19:15:11.3325014-06:00" endTime="2012-03-18T19:19:04.7648529-06:00" testType="13cdc9d9-ddb5-4fa4-a97d-d965ccfc6d4b" outcome="Aborted" testListId="8c84fa94-04c1-424b-9868-57a2d4851a1d" relativeResultsDirectory="50394657-34de-4272-ada0-fb393652f1eb">
    </UnitTestResult>
  </Results>
</TestRun>